#
# A fatal error has been detected by the Java Runtime Environment:
#
#  EXCEPTION_STACK_OVERFLOW (0xc00000fd) at pc=0x0000000066083cb7, pid=141396, tid=0x00000000000236d0
#
# JRE version: Java(TM) SE Runtime Environment (8.0_161-b12) (build 1.8.0_161-b12)
# Java VM: Java HotSpot(TM) 64-Bit Server VM (25.161-b12 mixed mode windows-amd64 compressed oops)
# Problematic frame:
# V  [jvm.dll+0x213cb7]
#
# Failed to write core dump. Minidumps are not enabled by default on client versions of Windows
#
# If you would like to submit a bug report, please visit:
#   http://bugreport.java.com/bugreport/crash.jsp
#

---------------  T H R E A D  ---------------

Current thread (0x000000005debc800):  JavaThread "ConsumerWorkService shutdown monitor" daemon [_thread_in_vm, id=145104, stack(0x00000000616f0000,0x00000000617f0000)]

siginfo: ExceptionCode=0xc00000fd, ExceptionInformation=0x0000000000000001 0x00000000617eb3d0 

Registers:
RAX=0x00000000617eb3d0, RBX=0x0000000000000005, RCX=0x0000000000004000, RDX=0x0000000000000006
RSP=0x00000000617ef3d0, RBP=0x0000000000000000, RSI=0x00000000617ef3d0, RDI=0x0000000000000005
R8 =0x0000000000000006, R9 =0x000000005d94fa30, R10=0x0000000055c6d4c0, R11=0x00000000616fa148
R12=0x000000005d94fa30, R13=0x000000005debc800, R14=0x00000000617ef498, R15=0x0000000055c6d4c0
RIP=0x0000000066083cb7, EFLAGS=0x0000000000010202

Top of Stack: (sp=0x00000000617ef3d0)
0x00000000617ef3d0:   000000005d0a63c0 0000000015c469a0
0x00000000617ef3e0:   000000005debc800 000000005d94fa30
0x00000000617ef3f0:   00000000ffffffff 0000000066084be7
0x00000000617ef400:   00000000617ef500 0000000055c6d4c0
0x00000000617ef410:   000000005debc800 0000000065f30603
0x00000000617ef420:   00000000617ef460 000000005debc800
0x00000000617ef430:   00000000617ef4f0 000000005debc800
0x00000000617ef440:   0000000055c6d4c0 000000005debc800
0x00000000617ef450:   0000000002ab6e60 000000005debc800
0x00000000617ef460:   0000000055c6d4c0 000000005debc800
0x00000000617ef470:   0000000055c6d4c0 000000005debc800
0x00000000617ef480:   0000000000000001 0000000055c6d4c0
0x00000000617ef490:   000000005debc800 000000005dc96160
0x00000000617ef4a0:   000000005debc800 0000000065f31d6d
0x00000000617ef4b0:   00000000617ef7b8 0000000015c469a0
0x00000000617ef4c0:   0000000015c469a0 00000000770983de 

Instructions: (pc=0x0000000066083cb7)
0x0000000066083c97:   48 89 6c 24 30 33 ed 66 90 e8 6b 3f 08 00 ff c3
0x0000000066083ca7:   48 63 c8 48 8b c6 48 0f af cf 48 ff c7 48 2b c1
0x0000000066083cb7:   89 28 48 63 c3 48 3b 05 15 5a 59 00 7e db 48 8b
0x0000000066083cc7:   6c 24 30 48 8b 5c 24 38 48 8b 74 24 40 48 83 c4 


Register to memory mapping:

RAX=0x00000000617eb3d0 is pointing into the stack for thread: 0x000000005debc800
RBX=0x0000000000000005 is an unknown value
RCX=0x0000000000004000 is an unknown value
RDX=0x0000000000000006 is an unknown value
RSP=0x00000000617ef3d0 is pointing into the stack for thread: 0x000000005debc800
RBP=0x0000000000000000 is an unknown value
RSI=0x00000000617ef3d0 is pointing into the stack for thread: 0x000000005debc800
RDI=0x0000000000000005 is an unknown value
R8 =0x0000000000000006 is an unknown value
R9 =0x000000005d94fa30 is an unknown value
R10={method} {0x0000000055c6d4c8} 'run' '()V' in 'java/lang/Thread'
R11=0x00000000616fa148 is pointing into the stack for thread: 0x000000005debc800
R12=0x000000005d94fa30 is an unknown value
R13=0x000000005debc800 is a thread
R14=0x00000000617ef498 is pointing into the stack for thread: 0x000000005debc800
R15={method} {0x0000000055c6d4c8} 'run' '()V' in 'java/lang/Thread'


Stack: [0x00000000616f0000,0x00000000617f0000],  sp=0x00000000617ef3d0,  free space=1020k
Native frames: (J=compiled Java code, j=interpreted, Vv=VM code, C=native code)


---------------  P R O C E S S  ---------------

Java Threads: ( => current thread )
=>0x000000005debc800 JavaThread "ConsumerWorkService shutdown monitor" daemon [_thread_in_vm, id=145104, stack(0x00000000616f0000,0x00000000617f0000)]
  0x000000005dc28000 JavaThread "AMQP Connection 0:0:0:0:0:0:0:1:5672" [_thread_in_native, id=144864, stack(0x000000005f5b0000,0x000000005f6b0000)]
  0x000000005de9a000 JavaThread "SimpleAsyncTaskExecutor-36" [_thread_blocked, id=140784, stack(0x0000000060520000,0x0000000060620000)]
  0x000000005db66800 JavaThread "HikariPool-1 housekeeper" daemon [_thread_blocked, id=48916, stack(0x0000000062020000,0x0000000062120000)]
  0x000000005dc76000 JavaThread "DiscoveryClient-HeartbeatExecutor-0" daemon [_thread_blocked, id=64908, stack(0x0000000061d60000,0x0000000061e60000)]
  0x000000005dc76800 JavaThread "DiscoveryClient-CacheRefreshExecutor-0" daemon [_thread_blocked, id=64956, stack(0x00000000608e0000,0x00000000609e0000)]
  0x000000005dc75000 JavaThread "DestroyJavaVM" [_thread_blocked, id=49240, stack(0x0000000002970000,0x0000000002a70000)]
  0x000000005dc74800 JavaThread "http-nio-8841-AsyncTimeout" daemon [_thread_blocked, id=113244, stack(0x0000000061a40000,0x0000000061b40000)]
  0x000000005dc73800 JavaThread "http-nio-8841-Acceptor-0" daemon [_thread_in_native, id=144080, stack(0x0000000061830000,0x0000000061930000)]
  0x000000005dc73000 JavaThread "http-nio-8841-ClientPoller-1" daemon [_thread_in_native, id=51940, stack(0x0000000060650000,0x0000000060750000)]
  0x000000005dc58800 JavaThread "http-nio-8841-ClientPoller-0" daemon [_thread_in_native, id=65372, stack(0x00000000615e0000,0x00000000616e0000)]
  0x000000005dc72000 JavaThread "http-nio-8841-exec-10" daemon [_thread_blocked, id=140896, stack(0x00000000614a0000,0x00000000615a0000)]
  0x000000005dc71800 JavaThread "http-nio-8841-exec-9" daemon [_thread_blocked, id=47160, stack(0x0000000061350000,0x0000000061450000)]
  0x000000005dc5f000 JavaThread "http-nio-8841-exec-8" daemon [_thread_blocked, id=47652, stack(0x0000000060fb0000,0x00000000610b0000)]
  0x000000005dc5e800 JavaThread "http-nio-8841-exec-7" daemon [_thread_blocked, id=140416, stack(0x0000000061120000,0x0000000061220000)]
  0x000000005dc5d800 JavaThread "http-nio-8841-exec-6" daemon [_thread_blocked, id=64864, stack(0x0000000060e60000,0x0000000060f60000)]
  0x000000005dc5d000 JavaThread "http-nio-8841-exec-5" daemon [_thread_blocked, id=49196, stack(0x0000000060b80000,0x0000000060c80000)]
  0x000000005dc5c000 JavaThread "http-nio-8841-exec-4" daemon [_thread_blocked, id=140900, stack(0x0000000060ca0000,0x0000000060da0000)]
  0x000000005dc5b800 JavaThread "http-nio-8841-exec-3" daemon [_thread_blocked, id=139552, stack(0x000000005c7e0000,0x000000005c8e0000)]
  0x000000005dc5a800 JavaThread "http-nio-8841-exec-2" daemon [_thread_blocked, id=63276, stack(0x00000000609f0000,0x0000000060af0000)]
  0x000000005dc5a000 JavaThread "http-nio-8841-exec-1" daemon [_thread_blocked, id=138408, stack(0x000000005ec70000,0x000000005ed70000)]
  0x000000005dc59000 JavaThread "NioBlockingSelector.BlockPoller-1" daemon [_thread_in_native, id=47780, stack(0x00000000607d0000,0x00000000608d0000)]
  0x000000005d683000 JavaThread "DiscoveryClient-InstanceInfoReplicator-0" daemon [_thread_blocked, id=48932, stack(0x000000005fad0000,0x000000005fbd0000)]
  0x000000005d682800 JavaThread "DiscoveryClient-1" daemon [_thread_blocked, id=46836, stack(0x000000005cf10000,0x000000005d010000)]
  0x0000000059f85000 JavaThread "DiscoveryClient-0" daemon [_thread_blocked, id=100900, stack(0x000000005cd80000,0x000000005ce80000)]
  0x0000000059f82000 JavaThread "AsyncResolver-bootstrap-0" daemon [_thread_blocked, id=11184, stack(0x000000005cc70000,0x000000005cd70000)]
  0x0000000059f83800 JavaThread "Eureka-JerseyClient-Conn-Cleaner2" daemon [_thread_blocked, id=63812, stack(0x000000005bdb0000,0x000000005beb0000)]
  0x000000005d681800 JavaThread "container-0" [_thread_blocked, id=143152, stack(0x000000005fc00000,0x000000005fd00000)]
  0x000000005d681000 JavaThread "ContainerBackgroundProcessor[StandardEngine[Tomcat]]" daemon [_thread_blocked, id=48072, stack(0x000000005f960000,0x000000005fa60000)]
  0x0000000059f89000 JavaThread "SimplePauseDetectorThread_0" daemon [_thread_blocked, id=47668, stack(0x000000005f7d0000,0x000000005f8d0000)]
  0x0000000059f88000 JavaThread "Thread-27" daemon [_thread_blocked, id=44952, stack(0x000000005f180000,0x000000005f280000)]
  0x0000000059f86800 JavaThread "Abandoned connection cleanup thread" daemon [_thread_blocked, id=143636, stack(0x000000005f2b0000,0x000000005f3b0000)]
  0x0000000059f86000 JavaThread "AsyncReporter{org.springframework.cloud.sleuth.zipkin2.sender.RestTemplateSender@3466671f}" daemon [_thread_blocked, id=143008, stack(0x000000005f060000,0x000000005f160000)]
  0x0000000059e30000 JavaThread "RMI Scheduler(0)" daemon [_thread_blocked, id=51408, stack(0x000000005b510000,0x000000005b610000)]
  0x0000000059bbf800 JavaThread "spring.cloud.inetutils" daemon [_thread_blocked, id=85052, stack(0x000000005b840000,0x000000005b940000)]
  0x0000000059369000 JavaThread "RMI TCP Accept-0" daemon [_thread_in_native, id=141104, stack(0x000000005a260000,0x000000005a360000)]
  0x00000000586e2000 JavaThread "Service Thread" daemon [_thread_blocked, id=113312, stack(0x0000000058ca0000,0x0000000058da0000)]
  0x00000000586db800 JavaThread "C1 CompilerThread2" daemon [_thread_blocked, id=141508, stack(0x00000000589e0000,0x0000000058ae0000)]
  0x00000000586d1000 JavaThread "C2 CompilerThread1" daemon [_thread_blocked, id=49488, stack(0x0000000057e20000,0x0000000057f20000)]
  0x0000000058676000 JavaThread "C2 CompilerThread0" daemon [_thread_blocked, id=49484, stack(0x0000000058b40000,0x0000000058c40000)]
  0x000000005855d800 JavaThread "Monitor Ctrl-Break" daemon [_thread_in_native, id=10516, stack(0x00000000588c0000,0x00000000589c0000)]
  0x00000000578d2800 JavaThread "Attach Listener" daemon [_thread_blocked, id=140776, stack(0x0000000057f70000,0x0000000058070000)]
  0x000000005663e800 JavaThread "Signal Dispatcher" daemon [_thread_blocked, id=63168, stack(0x0000000057d20000,0x0000000057e20000)]
  0x0000000056627800 JavaThread "Finalizer" daemon [_thread_blocked, id=48864, stack(0x00000000577c0000,0x00000000578c0000)]
  0x00000000565e0800 JavaThread "Reference Handler" daemon [_thread_blocked, id=49492, stack(0x0000000057600000,0x0000000057700000)]

Other Threads:
  0x00000000565d8800 VMThread [stack: 0x00000000574a0000,0x00000000575a0000] [id=142224]
  0x000000005936f000 WatcherThread [stack: 0x000000005a480000,0x000000005a580000] [id=143960]

VM state:not at safepoint (normal execution)

VM Mutex/Monitor currently owned by a thread: None

Heap:
 PSYoungGen      total 491008K, used 340736K [0x00000000e0780000, 0x0000000100000000, 0x0000000100000000)
  eden space 473600K, 68% used [0x00000000e0780000,0x00000000f4375438,0x00000000fd600000)
  from space 17408K, 98% used [0x00000000fd600000,0x00000000fe6cabc8,0x00000000fe700000)
  to   space 22528K, 0% used [0x00000000fea00000,0x00000000fea00000,0x0000000100000000)
 ParOldGen       total 120320K, used 50659K [0x00000000a1600000, 0x00000000a8b80000, 0x00000000e0780000)
  object space 120320K, 42% used [0x00000000a1600000,0x00000000a4778d28,0x00000000a8b80000)
 Metaspace       used 66303K, capacity 69253K, committed 69376K, reserved 1110016K
  class space    used 9127K, capacity 9630K, committed 9728K, reserved 1048576K

Card table byte_map: [0x0000000011e30000,0x0000000012130000] byte_map_base: 0x0000000011925000

Marking Bits: (ParMarkBitMap*) 0x000000006668f860
 Begin Bits: [0x00000000129f0000, 0x0000000014198000)
 End Bits:   [0x0000000014198000, 0x0000000015940000)

Polling page: 0x0000000000230000

CodeCache: size=245760Kb used=15676Kb max_used=15676Kb free=230083Kb
 bounds [0x0000000002a70000, 0x00000000039d0000, 0x0000000011a70000]
 total_blobs=8810 nmethods=8215 adapters=506
 compilation: enabled

Compilation events (10 events):
Event: 363.705 Thread 0x00000000586db800 8379       1       java.util.concurrent.SynchronousQueue$TransferStack::transfer (380 bytes)
Event: 363.707 Thread 0x00000000586db800 nmethod 8379 0x00000000039bf5d0 code [0x00000000039bf780, 0x00000000039c01d8]
Event: 368.371 Thread 0x00000000586db800 8380       1       java.util.TreeSet::iterator (15 bytes)
Event: 368.374 Thread 0x00000000586db800 nmethod 8380 0x00000000039c05d0 code [0x00000000039c0740, 0x00000000039c0898]
Event: 368.386 Thread 0x00000000586db800 8381       1       com.sun.jersey.api.client.ClientResponse::getStatus (10 bytes)
Event: 368.386 Thread 0x00000000586db800 nmethod 8381 0x00000000039c0910 code [0x00000000039c0a60, 0x00000000039c0ba8]
Event: 368.388 Thread 0x00000000586db800 8382       1       org.springframework.context.event.ApplicationListenerMethodAdapter::getOrder (5 bytes)
Event: 368.388 Thread 0x00000000586db800 nmethod 8382 0x00000000039c0c10 code [0x00000000039c0d60, 0x00000000039c0e70]
Event: 368.932 Thread 0x00000000586db800 8383       1       org.apache.http.conn.routing.HttpRoute::getLocalAddress (5 bytes)
Event: 368.933 Thread 0x00000000586db800 nmethod 8383 0x00000000039c0ed0 code [0x00000000039c1020, 0x00000000039c1130]

GC Heap History (10 events):
Event: 64.430 GC heap before
{Heap before GC invocations=14 (full 2):
 PSYoungGen      total 431616K, used 426959K [0x00000000e0780000, 0x0000000100000000, 0x0000000100000000)
  eden space 411136K, 100% used [0x00000000e0780000,0x00000000f9900000,0x00000000f9900000)
  from space 20480K, 77% used [0x00000000f9900000,0x00000000fa873e50,0x00000000fad00000)
  to   space 21504K, 0% used [0x00000000feb00000,0x00000000feb00000,0x0000000100000000)
 ParOldGen       total 61952K, used 36046K [0x00000000a1600000, 0x00000000a5280000, 0x00000000e0780000)
  object space 61952K, 58% used [0x00000000a1600000,0x00000000a3933ac0,0x00000000a5280000)
 Metaspace       used 55048K, capacity 57357K, committed 57472K, reserved 1099776K
  class space    used 7544K, capacity 7969K, committed 8064K, reserved 1048576K
Event: 64.583 GC heap after
Heap after GC invocations=14 (full 2):
 PSYoungGen      total 495616K, used 11630K [0x00000000e0780000, 0x0000000100000000, 0x0000000100000000)
  eden space 474112K, 0% used [0x00000000e0780000,0x00000000e0780000,0x00000000fd680000)
  from space 21504K, 54% used [0x00000000feb00000,0x00000000ff65ba30,0x0000000100000000)
  to   space 20992K, 0% used [0x00000000fd680000,0x00000000fd680000,0x00000000feb00000)
 ParOldGen       total 61952K, used 46684K [0x00000000a1600000, 0x00000000a5280000, 0x00000000e0780000)
  object space 61952K, 75% used [0x00000000a1600000,0x00000000a43972e0,0x00000000a5280000)
 Metaspace       used 55048K, capacity 57357K, committed 57472K, reserved 1099776K
  class space    used 7544K, capacity 7969K, committed 8064K, reserved 1048576K
}
Event: 79.781 GC heap before
{Heap before GC invocations=15 (full 2):
 PSYoungGen      total 495616K, used 264208K [0x00000000e0780000, 0x0000000100000000, 0x0000000100000000)
  eden space 474112K, 53% used [0x00000000e0780000,0x00000000efe287c0,0x00000000fd680000)
  from space 21504K, 54% used [0x00000000feb00000,0x00000000ff65ba30,0x0000000100000000)
  to   space 20992K, 0% used [0x00000000fd680000,0x00000000fd680000,0x00000000feb00000)
 ParOldGen       total 61952K, used 46684K [0x00000000a1600000, 0x00000000a5280000, 0x00000000e0780000)
  object space 61952K, 75% used [0x00000000a1600000,0x00000000a43972e0,0x00000000a5280000)
 Metaspace       used 56647K, capacity 59055K, committed 59160K, reserved 1099776K
  class space    used 7787K, capacity 8238K, committed 8320K, reserved 1048576K
Event: 79.839 GC heap after
Heap after GC invocations=15 (full 2):
 PSYoungGen      total 481792K, used 7303K [0x00000000e0780000, 0x00000000ffe80000, 0x0000000100000000)
  eden space 474112K, 0% used [0x00000000e0780000,0x00000000e0780000,0x00000000fd680000)
  from space 7680K, 95% used [0x00000000fd680000,0x00000000fdda1fa8,0x00000000fde00000)
  to   space 20480K, 0% used [0x00000000fea80000,0x00000000fea80000,0x00000000ffe80000)
 ParOldGen       total 61952K, used 53224K [0x00000000a1600000, 0x00000000a5280000, 0x00000000e0780000)
  object space 61952K, 85% used [0x00000000a1600000,0x00000000a49fa340,0x00000000a5280000)
 Metaspace       used 56647K, capacity 59055K, committed 59160K, reserved 1099776K
  class space    used 7787K, capacity 8238K, committed 8320K, reserved 1048576K
}
Event: 79.839 GC heap before
{Heap before GC invocations=16 (full 3):
 PSYoungGen      total 481792K, used 7303K [0x00000000e0780000, 0x00000000ffe80000, 0x0000000100000000)
  eden space 474112K, 0% used [0x00000000e0780000,0x00000000e0780000,0x00000000fd680000)
  from space 7680K, 95% used [0x00000000fd680000,0x00000000fdda1fa8,0x00000000fde00000)
  to   space 20480K, 0% used [0x00000000fea80000,0x00000000fea80000,0x00000000ffe80000)
 ParOldGen       total 61952K, used 53224K [0x00000000a1600000, 0x00000000a5280000, 0x00000000e0780000)
  object space 61952K, 85% used [0x00000000a1600000,0x00000000a49fa340,0x00000000a5280000)
 Metaspace       used 56647K, capacity 59055K, committed 59160K, reserved 1099776K
  class space    used 7787K, capacity 8238K, committed 8320K, reserved 1048576K
Event: 81.400 GC heap after
Heap after GC invocations=16 (full 3):
 PSYoungGen      total 481792K, used 0K [0x00000000e0780000, 0x00000000ffe80000, 0x0000000100000000)
  eden space 474112K, 0% used [0x00000000e0780000,0x00000000e0780000,0x00000000fd680000)
  from space 7680K, 0% used [0x00000000fd680000,0x00000000fd680000,0x00000000fde00000)
  to   space 20480K, 0% used [0x00000000fea80000,0x00000000fea80000,0x00000000ffe80000)
 ParOldGen       total 120320K, used 50643K [0x00000000a1600000, 0x00000000a8b80000, 0x00000000e0780000)
  object space 120320K, 42% used [0x00000000a1600000,0x00000000a4774d28,0x00000000a8b80000)
 Metaspace       used 56647K, capacity 59055K, committed 59160K, reserved 1099776K
  class space    used 7787K, capacity 8238K, committed 8320K, reserved 1048576K
}
Event: 86.202 GC heap before
{Heap before GC invocations=17 (full 3):
 PSYoungGen      total 481792K, used 474112K [0x00000000e0780000, 0x00000000ffe80000, 0x0000000100000000)
  eden space 474112K, 100% used [0x00000000e0780000,0x00000000fd680000,0x00000000fd680000)
  from space 7680K, 0% used [0x00000000fd680000,0x00000000fd680000,0x00000000fde00000)
  to   space 20480K, 0% used [0x00000000fea80000,0x00000000fea80000,0x00000000ffe80000)
 ParOldGen       total 120320K, used 50643K [0x00000000a1600000, 0x00000000a8b80000, 0x00000000e0780000)
  object space 120320K, 42% used [0x00000000a1600000,0x00000000a4774d28,0x00000000a8b80000)
 Metaspace       used 60652K, capacity 63367K, committed 63488K, reserved 1103872K
  class space    used 8396K, capacity 8879K, committed 8960K, reserved 1048576K
Event: 86.228 GC heap after
Heap after GC invocations=17 (full 3):
 PSYoungGen      total 494080K, used 13834K [0x00000000e0780000, 0x0000000100000000, 0x0000000100000000)
  eden space 473600K, 0% used [0x00000000e0780000,0x00000000e0780000,0x00000000fd600000)
  from space 20480K, 67% used [0x00000000fea80000,0x00000000ff802ab8,0x00000000ffe80000)
  to   space 20992K, 0% used [0x00000000fd600000,0x00000000fd600000,0x00000000fea80000)
 ParOldGen       total 120320K, used 50651K [0x00000000a1600000, 0x00000000a8b80000, 0x00000000e0780000)
  object space 120320K, 42% used [0x00000000a1600000,0x00000000a4776d28,0x00000000a8b80000)
 Metaspace       used 60652K, capacity 63367K, committed 63488K, reserved 1103872K
  class space    used 8396K, capacity 8879K, committed 8960K, reserved 1048576K
}
Event: 130.111 GC heap before
{Heap before GC invocations=18 (full 3):
 PSYoungGen      total 494080K, used 487434K [0x00000000e0780000, 0x0000000100000000, 0x0000000100000000)
  eden space 473600K, 100% used [0x00000000e0780000,0x00000000fd600000,0x00000000fd600000)
  from space 20480K, 67% used [0x00000000fea80000,0x00000000ff802ab8,0x00000000ffe80000)
  to   space 20992K, 0% used [0x00000000fd600000,0x00000000fd600000,0x00000000fea80000)
 ParOldGen       total 120320K, used 50651K [0x00000000a1600000, 0x00000000a8b80000, 0x00000000e0780000)
  object space 120320K, 42% used [0x00000000a1600000,0x00000000a4776d28,0x00000000a8b80000)
 Metaspace       used 66255K, capacity 69177K, committed 69376K, reserved 1110016K
  class space    used 9126K, capacity 9630K, committed 9728K, reserved 1048576K
Event: 131.078 GC heap after
Heap after GC invocations=18 (full 3):
 PSYoungGen      total 491008K, used 17194K [0x00000000e0780000, 0x0000000100000000, 0x0000000100000000)
  eden space 473600K, 0% used [0x00000000e0780000,0x00000000e0780000,0x00000000fd600000)
  from space 17408K, 98% used [0x00000000fd600000,0x00000000fe6cabc8,0x00000000fe700000)
  to   space 22528K, 0% used [0x00000000fea00000,0x00000000fea00000,0x0000000100000000)
 ParOldGen       total 120320K, used 50659K [0x00000000a1600000, 0x00000000a8b80000, 0x00000000e0780000)
  object space 120320K, 42% used [0x00000000a1600000,0x00000000a4778d28,0x00000000a8b80000)
 Metaspace       used 66255K, capacity 69177K, committed 69376K, reserved 1110016K
  class space    used 9126K, capacity 9630K, committed 9728K, reserved 1048576K
}

Deoptimization events (0 events):
No events

Classes redefined (0 events):
No events

Internal exceptions (10 events):
Event: 362.611 Thread 0x000000005db65000 Exception <a 'java/net/SocketException': Socket closed> (0x00000000f36221e8) thrown at [C:\re\workspace\8-2-build-windows-amd64-cygwin\jdk8u161\10277\hotspot\src\share\vm\prims\jni.cpp, line 735]
Event: 362.633 Thread 0x000000005dc28000 Exception <a 'sun/net/ConnectionResetException': > (0x00000000f38866c8) thrown at [C:\re\workspace\8-2-build-windows-amd64-cygwin\jdk8u161\10277\hotspot\src\share\vm\prims\jni.cpp, line 735]
Event: 362.633 Thread 0x000000005dc28000 Exception <a 'sun/net/ConnectionResetException': > (0x00000000f38868f8) thrown at [C:\re\workspace\8-2-build-windows-amd64-cygwin\jdk8u161\10277\hotspot\src\share\vm\prims\jni.cpp, line 735]
Event: 363.150 Thread 0x000000005dc76800 Exception <a 'java/net/SocketTimeoutException': Read timed out> (0x00000000f2aa4668) thrown at [C:\re\workspace\8-2-build-windows-amd64-cygwin\jdk8u161\10277\hotspot\src\share\vm\prims\jni.cpp, line 735]
Event: 363.789 Thread 0x000000005dc76000 Exception <a 'java/net/SocketTimeoutException': Read timed out> (0x00000000f06381c8) thrown at [C:\re\workspace\8-2-build-windows-amd64-cygwin\jdk8u161\10277\hotspot\src\share\vm\prims\jni.cpp, line 735]
Event: 364.857 Thread 0x000000005de99800 Exception <a 'java/net/SocketException': Socket Closed> (0x00000000f3b742f8) thrown at [C:\re\workspace\8-2-build-windows-amd64-cygwin\jdk8u161\10277\hotspot\src\share\vm\prims\jni.cpp, line 735]
Event: 364.871 Thread 0x000000005de9a000 Exception <a 'java/net/SocketException': socket closed> (0x00000000f3d4de30) thrown at [C:\re\workspace\8-2-build-windows-amd64-cygwin\jdk8u161\10277\hotspot\src\share\vm\prims\jni.cpp, line 735]
Event: 368.369 Thread 0x000000005dc76800 Exception <a 'java/net/SocketTimeoutException': Read timed out> (0x00000000f2ac16d0) thrown at [C:\re\workspace\8-2-build-windows-amd64-cygwin\jdk8u161\10277\hotspot\src\share\vm\prims\jni.cpp, line 735]
Event: 368.932 Thread 0x000000005dc76000 Exception <a 'java/net/SocketTimeoutException': Read timed out> (0x00000000f3b068a0) thrown at [C:\re\workspace\8-2-build-windows-amd64-cygwin\jdk8u161\10277\hotspot\src\share\vm\prims\jni.cpp, line 735]
Event: 371.121 Thread 0x000000005db65000 Exception <a 'java/lang/OutOfMemoryError': unable to create new native thread> (0x00000000f4100fe8) thrown at [C:\re\workspace\8-2-build-windows-amd64-cygwin\jdk8u161\10277\hotspot\src\share\vm\prims\jvm.cpp, line 3033]

Events (10 events):
Event: 371.119 Executing VM operation: RevokeBias done
Event: 371.119 Thread 0x000000005debb800 Thread exited: 0x000000005debb800
Event: 371.119 Executing VM operation: RevokeBias
Event: 371.119 Executing VM operation: RevokeBias done
Event: 371.121 Thread 0x000000005debc800 Thread exited: 0x000000005debc800
Event: 371.121 Thread 0x000000005dc28000 Thread added: 0x000000005dc28000
Event: 371.126 Thread 0x000000005debc800 Thread added: 0x000000005debc800
Event: 371.126 Executing VM operation: RevokeBias
Event: 371.126 Executing VM operation: RevokeBias done
Event: 371.126 Thread 0x000000005db65000 Thread exited: 0x000000005db65000


Dynamic libraries:
0x000000013fd60000 - 0x000000013fd97000 	C:\Program Files\Java\jdk1.8.0_161\bin\java.exe
0x0000000077060000 - 0x00000000771ff000 	C:\Windows\SYSTEM32\ntdll.dll
0x0000000076e40000 - 0x0000000076f5f000 	C:\Windows\system32\kernel32.dll
0x000007fefcee0000 - 0x000007fefcf47000 	C:\Windows\system32\KERNELBASE.dll
0x000007fefe430000 - 0x000007fefe50b000 	C:\Windows\system32\ADVAPI32.dll
0x000007fefd4d0000 - 0x000007fefd56f000 	C:\Windows\system32\msvcrt.dll
0x000007feff330000 - 0x000007feff34f000 	C:\Windows\SYSTEM32\sechost.dll
0x000007fefd570000 - 0x000007fefd69c000 	C:\Windows\system32\RPCRT4.dll
0x0000000076f60000 - 0x000000007705a000 	C:\Windows\system32\USER32.dll
0x000007fefeeb0000 - 0x000007fefef17000 	C:\Windows\system32\GDI32.dll
0x000007fefeea0000 - 0x000007fefeeae000 	C:\Windows\system32\LPK.dll
0x000007fefe510000 - 0x000007fefe5db000 	C:\Windows\system32\USP10.dll
0x000007fefb960000 - 0x000007fefbb55000 	C:\Windows\WinSxS\amd64_microsoft.windows.common-controls_6595b64144ccf1df_6.0.7601.24460_none_e3711c5330fd38b4\COMCTL32.dll
0x000007fefe630000 - 0x000007fefe6a1000 	C:\Windows\system32\SHLWAPI.dll
0x000007fefd4a0000 - 0x000007fefd4ce000 	C:\Windows\system32\IMM32.DLL
0x000007fefef30000 - 0x000007feff039000 	C:\Windows\system32\MSCTF.dll
0x00000000690f0000 - 0x00000000691c2000 	C:\Program Files\Java\jdk1.8.0_161\jre\bin\msvcr100.dll
0x0000000065e70000 - 0x000000006670f000 	C:\Program Files\Java\jdk1.8.0_161\jre\bin\server\jvm.dll
0x000007fef83f0000 - 0x000007fef83f9000 	C:\Windows\system32\WSOCK32.dll
0x000007fefe5e0000 - 0x000007fefe62d000 	C:\Windows\system32\WS2_32.dll
0x000007fefef20000 - 0x000007fefef28000 	C:\Windows\system32\NSI.dll
0x000007fef9f90000 - 0x000007fef9fcb000 	C:\Windows\system32\WINMM.dll
0x000007fefafa0000 - 0x000007fefafac000 	C:\Windows\system32\VERSION.dll
0x0000000077210000 - 0x0000000077217000 	C:\Windows\system32\PSAPI.DLL
0x00000000743d0000 - 0x00000000743df000 	C:\Program Files\Java\jdk1.8.0_161\jre\bin\verify.dll
0x0000000073a90000 - 0x0000000073ab9000 	C:\Program Files\Java\jdk1.8.0_161\jre\bin\java.dll
0x000000006ff80000 - 0x000000006ffa3000 	C:\Program Files\Java\jdk1.8.0_161\jre\bin\instrument.dll
0x0000000073ad0000 - 0x0000000073ae6000 	C:\Program Files\Java\jdk1.8.0_161\jre\bin\zip.dll
0x000007fefd6a0000 - 0x000007fefe42b000 	C:\Windows\system32\SHELL32.dll
0x000007fefeca0000 - 0x000007fefee9f000 	C:\Windows\system32\ole32.dll
0x000007fefcbb0000 - 0x000007fefcbbf000 	C:\Windows\system32\profapi.dll
0x000007fef9940000 - 0x000007fef995a000 	C:\Program Files\JetBrains\IntelliJ IDEA 2019.2.1\bin\breakgen64.dll
0x0000000073c50000 - 0x0000000073c6a000 	C:\Program Files\Java\jdk1.8.0_161\jre\bin\net.dll
0x000007fefc260000 - 0x000007fefc2b5000 	C:\Windows\system32\mswsock.dll
0x000007fefc250000 - 0x000007fefc257000 	C:\Windows\System32\wship6.dll
0x000007fefb070000 - 0x000007fefb077000 	C:\Windows\System32\wshtcpip.dll
0x000007fefc0e0000 - 0x000007fefc13b000 	C:\Windows\system32\DNSAPI.dll
0x00000000700d0000 - 0x00000000700f6000 	C:\Program Files\Bonjour\mdnsNSP.dll
0x000007fef9c30000 - 0x000007fef9c57000 	C:\Windows\system32\Iphlpapi.DLL
0x000007fef9bf0000 - 0x000007fef9bfb000 	C:\Windows\system32\WINNSI.DLL
0x000007fef61e0000 - 0x000007fef61e8000 	C:\Windows\system32\rasadhlp.dll
0x000007fef9a60000 - 0x000007fef9ab3000 	C:\Windows\System32\fwpuclnt.dll
0x00000000740e0000 - 0x00000000740ed000 	C:\Program Files\Java\jdk1.8.0_161\jre\bin\management.dll
0x0000000073a40000 - 0x0000000073a51000 	C:\Program Files\Java\jdk1.8.0_161\jre\bin\nio.dll
0x000007fefc2c0000 - 0x000007fefc2d8000 	C:\Windows\system32\CRYPTSP.dll
0x000007fefbfc0000 - 0x000007fefc007000 	C:\Windows\system32\rsaenh.dll
0x000007fefcf50000 - 0x000007fefcf6f000 	C:\Windows\system32\USERENV.dll
0x000007fefc9e0000 - 0x000007fefc9ef000 	C:\Windows\system32\CRYPTBASE.dll
0x000007fef97a0000 - 0x000007fef97b8000 	C:\Windows\system32\dhcpcsvc.DLL
0x000007fef9770000 - 0x000007fef9781000 	C:\Windows\system32\dhcpcsvc6.DLL
0x000007fef9fe0000 - 0x000007fef9ff5000 	C:\Windows\system32\NLAapi.dll
0x000007fef74d0000 - 0x000007fef74e5000 	C:\Windows\system32\napinsp.dll
0x000007fef74b0000 - 0x000007fef74c9000 	C:\Windows\system32\pnrpnsp.dll
0x000007fef74a0000 - 0x000007fef74ab000 	C:\Windows\System32\winrnr.dll
0x000007fef7490000 - 0x000007fef74a0000 	C:\Windows\system32\wshbth.dll
0x000000006ff50000 - 0x000000006ff74000 	C:\Program Files\Java\jdk1.8.0_161\jre\bin\sunec.dll

VM Arguments:
jvm_args: -XX:TieredStopAtLevel=1 -Xverify:none -Dspring.output.ansi.enabled=always -Dcom.sun.management.jmxremote -Dspring.jmx.enabled=true -Dspring.liveBeansView.mbeanDomain -Dspring.application.admin.enabled=true -javaagent:C:\Program Files\JetBrains\IntelliJ IDEA 2019.2.1\lib\idea_rt.jar=62001:C:\Program Files\JetBrains\IntelliJ IDEA 2019.2.1\bin -Dfile.encoding=UTF-8 
java_command: com.xinlang.zly_xyx.cat_manage_backend.CatManageBackendApplication
java_class_path (initial): C:\Program Files\Java\jdk1.8.0_161\jre\lib\charsets.jar;C:\Program Files\Java\jdk1.8.0_161\jre\lib\deploy.jar;C:\Program Files\Java\jdk1.8.0_161\jre\lib\ext\access-bridge-64.jar;C:\Program Files\Java\jdk1.8.0_161\jre\lib\ext\cldrdata.jar;C:\Program Files\Java\jdk1.8.0_161\jre\lib\ext\dnsns.jar;C:\Program Files\Java\jdk1.8.0_161\jre\lib\ext\jaccess.jar;C:\Program Files\Java\jdk1.8.0_161\jre\lib\ext\jfxrt.jar;C:\Program Files\Java\jdk1.8.0_161\jre\lib\ext\localedata.jar;C:\Program Files\Java\jdk1.8.0_161\jre\lib\ext\nashorn.jar;C:\Program Files\Java\jdk1.8.0_161\jre\lib\ext\sunec.jar;C:\Program Files\Java\jdk1.8.0_161\jre\lib\ext\sunjce_provider.jar;C:\Program Files\Java\jdk1.8.0_161\jre\lib\ext\sunmscapi.jar;C:\Program Files\Java\jdk1.8.0_161\jre\lib\ext\sunpkcs11.jar;C:\Program Files\Java\jdk1.8.0_161\jre\lib\ext\zipfs.jar;C:\Program Files\Java\jdk1.8.0_161\jre\lib\javaws.jar;C:\Program Files\Java\jdk1.8.0_161\jre\lib\jce.jar;C:\Program Files\Java\jdk1.8.0_161\jre\lib\jfr.jar;C:\Program Files\Java\jdk1.8.0_161\jre\lib\jfxswt.jar;C:\Program Files\Java\jdk1.8.0_161\jre\lib\jsse.jar;C:\Program Files\Java\jdk1.8.0_161\jre\lib\management-agent.jar;C:\Program Files\Java\jdk1.8.0_161\jre\lib\plugin.jar;C:\Program Files\Java\jdk1.8.0_161\jre\lib\resources.jar;C:\Program Files\Java\jdk1.8.0_161\jre\lib\rt.jar;D:\gitRepository\cat\cat-manage-backend\target\classes;C:\Users\Unknow\.m2\repository\org\springframework\cloud\spring-cloud-starter-netflix-eureka-client\2.0.0.RELEASE\spring-cloud-starter-netflix-eureka-client-2.0.0.RELEASE.jar;C:\Users\Unknow\.m2\repository\org\springframework\cloud\spring-cloud-starter\2.0.0.RELEASE\spring-cloud-starter-2.0.0.RELEASE.jar;C:\Users\Unknow\.m2\repository\org\springframework\cloud\spring-cloud-context\2.0.0.RELEASE\spring-cloud-context-2.0.0.RELEASE.jar;C:\Users\Unknow\.m2\repository\org\springframework\security\spring-security-rsa\1.0.5.RELEASE\spring-security-rsa-1.0.5.RELEASE.jar;C:\Users\Unknow\.m2\repos
Launcher Type: SUN_STANDARD

Environment Variables:
JAVA_HOME=C:\Program Files\Java\jdk1.8.0_161;C:\Program Files (x86)\Java\jre1.8.0_221;
CLASSPATH=.;C:\Program Files\Java\jdk1.8.0_161;C:\Program Files (x86)\Java\jre1.8.0_221;\lib\dt.jar;C:\Program Files\Java\jdk1.8.0_161;C:\Program Files (x86)\Java\jre1.8.0_221;\lib\tools.jar; 
PATH=C:\Program Files (x86)\Common Files\Oracle\Java\javapath;C:\ProgramData\Oracle\Java\javapath;D:\apache-maven-3.6.0\bin\;C:\Program Files\Java\jdk1.8.0_161;C:\Program Files (x86)\Java\jre1.8.0_221;\bin;C:\Program Files\Java\jdk1.8.0_161;C:\Program Files (x86)\Java\jre1.8.0_221;\jre\bin;D:\mysql-8.0.15-winx64\bin;C:\Windows\system32;C:\Windows;C:\Windows\system32\wbem;C:\Program Files (x86)\Microsoft SQL Server\100\Tools\Binn\;C:\Program Files\Microsoft SQL Server\100\Tools\Binn\;C:\Program Files\Microsoft SQL Server\100\DTS\Binn\;C:\Program Files (x86)\Microsoft SQL Server\100\Tools\Binn\VSShell\Common7\IDE\;C:\Program Files (x86)\Microsoft Visual Studio 9.0\Common7\IDE\PrivateAssemblies\;C:\Program Files (x86)\Microsoft SQL Server\100\DTS\Binn\;D:\workInstall\nodejs\;C:\Windows\system32\wbem;d:\bluesoleil\Mobile;c:\Program Files\erl10.2\bin;C:\Program Files (x86)\Java\jre1.8.0_191\bin;C:\Program Files (x86)\Java\jre1.8.0_221\bin;C:\Program Files\Git\cmd;C:\Users\Unknow\AppData\Local\Programs\Python\Python37\Scripts\;C:\Users\Unknow\AppData\Local\Programs\Python\Python37\;D:\PyCharm Community Edition 2019.1.2\bin;;D:\Microsoft VS Code\bin;C:\Users\Unknow\AppData\Roaming\npm;C:\Program Files\JetBrains\IntelliJ IDEA 2019.2.1\bin;
USERNAME=Unknow
OS=Windows_NT
PROCESSOR_IDENTIFIER=Intel64 Family 6 Model 42 Stepping 7, GenuineIntel



---------------  S Y S T E M  ---------------

OS: Windows 7 , 64 bit Build 7601 (6.1.7601.24475)

CPU:total 4 (initial active 4) (2 cores per cpu, 2 threads per core) family 6 model 42 stepping 7, cmov, cx8, fxsr, mmx, sse, sse2, sse3, ssse3, sse4.1, sse4.2, popcnt, avx, aes, clmul, ht, tsc, tscinvbit

Memory: 4k page, physical 6195424k(152012k free), swap 14385524k(5928k free)

vm_info: Java HotSpot(TM) 64-Bit Server VM (25.161-b12) for windows-amd64 JRE (1.8.0_161-b12), built on Dec 19 2017 17:52:25 by "java_re" with MS VC++ 10.0 (VS2010)

time: Wed Nov 13 20:34:37 2019
elapsed time: 371 seconds (0d 0h 6m 11s)

