2020-01-13 08:54:25.904  INFO [cat-inform,,,] 19252 --- [main] c.x.z.cat_inform.CatInformApplication    : The following profiles are active: dev
2020-01-13 08:54:25.920  INFO [cat-inform,,,] 19252 --- [main] ConfigServletWebServerApplicationContext : Refreshing org.springframework.boot.web.servlet.context.AnnotationConfigServletWebServerApplicationContext@2a32fb6: startup date [Mon Jan 13 08:54:25 CST 2020]; parent: org.springframework.context.annotation.AnnotationConfigApplicationContext@6fd83fc1
2020-01-13 08:54:27.558  WARN [cat-inform,,,] 19252 --- [main] o.m.s.mapper.ClassPathMapperScanner      : Skipping MapperFactoryBean with name 'smsMapper' and 'com.xinlang.zly_xyx.cat_inform.Mapper.SmsMapper' mapperInterface. Bean already defined with the same name!
2020-01-13 08:54:27.558  WARN [cat-inform,,,] 19252 --- [main] o.m.s.mapper.ClassPathMapperScanner      : No MyBatis mapper was found in '[com.xinlang.zly_xyx.cat_inform]' package. Please check your configuration.
2020-01-13 08:54:27.918  INFO [cat-inform,,,] 19252 --- [main] .s.d.r.c.RepositoryConfigurationDelegate : Multiple Spring Data modules found, entering strict repository configuration mode!
2020-01-13 08:54:28.402  INFO [cat-inform,,,] 19252 --- [main] o.s.b.f.s.DefaultListableBeanFactory     : Overriding bean definition for bean 'dataSource' with a different definition: replacing [Root bean: class [null]; scope=refresh; abstract=false; lazyInit=false; autowireMode=3; dependencyCheck=0; autowireCandidate=false; primary=false; factoryBeanName=org.springframework.boot.autoconfigure.jdbc.DataSourceConfiguration$Hikari; factoryMethodName=dataSource; initMethodName=null; destroyMethodName=(inferred); defined in class path resource [org/springframework/boot/autoconfigure/jdbc/DataSourceConfiguration$Hikari.class]] with [Root bean: class [org.springframework.aop.scope.ScopedProxyFactoryBean]; scope=; abstract=false; lazyInit=false; autowireMode=0; dependencyCheck=0; autowireCandidate=true; primary=false; factoryBeanName=null; factoryMethodName=null; initMethodName=null; destroyMethodName=null; defined in BeanDefinition defined in class path resource [org/springframework/boot/autoconfigure/jdbc/DataSourceConfiguration$Hikari.class]]
2020-01-13 08:54:28.761  INFO [cat-inform,,,] 19252 --- [main] o.s.cloud.context.scope.GenericScope     : BeanFactory id=ca8b2593-a507-3ded-8056-304fc602dd92
2020-01-13 08:54:28.824  INFO [cat-inform,,,] 19252 --- [main] f.a.AutowiredAnnotationBeanPostProcessor : JSR-330 'javax.inject.Inject' annotation found and supported for autowiring
2020-01-13 08:54:28.949  INFO [cat-inform,,,] 19252 --- [main] trationDelegate$BeanPostProcessorChecker : Bean 'org.springframework.amqp.rabbit.annotation.RabbitBootstrapConfiguration' of type [org.springframework.amqp.rabbit.annotation.RabbitBootstrapConfiguration$$EnhancerBySpringCGLIB$$c880d8b3] is not eligible for getting processed by all BeanPostProcessors (for example: not eligible for auto-proxying)
2020-01-13 08:54:29.327  INFO [cat-inform,,,] 19252 --- [main] trationDelegate$BeanPostProcessorChecker : Bean 'org.springframework.transaction.annotation.ProxyTransactionManagementConfiguration' of type [org.springframework.transaction.annotation.ProxyTransactionManagementConfiguration$$EnhancerBySpringCGLIB$$2151a85] is not eligible for getting processed by all BeanPostProcessors (for example: not eligible for auto-proxying)
2020-01-13 08:54:29.452  INFO [cat-inform,,,] 19252 --- [main] trationDelegate$BeanPostProcessorChecker : Bean 'org.springframework.security.config.annotation.configuration.ObjectPostProcessorConfiguration' of type [org.springframework.security.config.annotation.configuration.ObjectPostProcessorConfiguration$$EnhancerBySpringCGLIB$$9ac2e2bf] is not eligible for getting processed by all BeanPostProcessors (for example: not eligible for auto-proxying)
2020-01-13 08:54:29.468  INFO [cat-inform,,,] 19252 --- [main] trationDelegate$BeanPostProcessorChecker : Bean 'objectPostProcessor' of type [org.springframework.security.config.annotation.configuration.AutowireBeanFactoryObjectPostProcessor] is not eligible for getting processed by all BeanPostProcessors (for example: not eligible for auto-proxying)
2020-01-13 08:54:29.483  INFO [cat-inform,,,] 19252 --- [main] trationDelegate$BeanPostProcessorChecker : Bean 'org.springframework.security.access.expression.method.DefaultMethodSecurityExpressionHandler@1218e12' of type [org.springframework.security.oauth2.provider.expression.OAuth2MethodSecurityExpressionHandler] is not eligible for getting processed by all BeanPostProcessors (for example: not eligible for auto-proxying)
2020-01-13 08:54:29.499  INFO [cat-inform,,,] 19252 --- [main] trationDelegate$BeanPostProcessorChecker : Bean 'org.springframework.security.config.annotation.method.configuration.GlobalMethodSecurityConfiguration' of type [org.springframework.security.config.annotation.method.configuration.GlobalMethodSecurityConfiguration$$EnhancerBySpringCGLIB$$bf978571] is not eligible for getting processed by all BeanPostProcessors (for example: not eligible for auto-proxying)
2020-01-13 08:54:29.530  INFO [cat-inform,,,] 19252 --- [main] trationDelegate$BeanPostProcessorChecker : Bean 'methodSecurityMetadataSource' of type [org.springframework.security.access.method.DelegatingMethodSecurityMetadataSource] is not eligible for getting processed by all BeanPostProcessors (for example: not eligible for auto-proxying)
2020-01-13 08:54:29.608  INFO [cat-inform,,,] 19252 --- [main] trationDelegate$BeanPostProcessorChecker : Bean 'org.springframework.cloud.autoconfigure.ConfigurationPropertiesRebinderAutoConfiguration' of type [org.springframework.cloud.autoconfigure.ConfigurationPropertiesRebinderAutoConfiguration$$EnhancerBySpringCGLIB$$1e2f1d82] is not eligible for getting processed by all BeanPostProcessors (for example: not eligible for auto-proxying)
2020-01-13 08:54:29.655  INFO [cat-inform,,,] 19252 --- [main] trationDelegate$BeanPostProcessorChecker : Bean 'org.springframework.cloud.sleuth.instrument.web.client.TraceWebClientAutoConfiguration$TraceOAuthConfiguration' of type [org.springframework.cloud.sleuth.instrument.web.client.TraceWebClientAutoConfiguration$TraceOAuthConfiguration$$EnhancerBySpringCGLIB$$4711ace4] is not eligible for getting processed by all BeanPostProcessors (for example: not eligible for auto-proxying)
2020-01-13 08:54:31.366  INFO [cat-inform,,,] 19252 --- [main] o.s.b.w.embedded.tomcat.TomcatWebServer  : Tomcat initialized with port(s): 9991 (http)
2020-01-13 08:54:31.413  INFO [cat-inform,,,] 19252 --- [main] o.apache.catalina.core.StandardService   : Starting service [Tomcat]
2020-01-13 08:54:31.413  INFO [cat-inform,,,] 19252 --- [main] org.apache.catalina.core.StandardEngine  : Starting Servlet Engine: Apache Tomcat/8.5.32
2020-01-13 08:54:31.460  INFO [cat-inform,,,] 19252 --- [localhost-startStop-1] o.a.catalina.core.AprLifecycleListener   : The APR based Apache Tomcat Native library which allows optimal performance in production environments was not found on the java.library.path: [D:\java\tts9\jdk1.8.0_144\bin;C:\WINDOWS\Sun\Java\bin;C:\WINDOWS\system32;C:\WINDOWS;D:\java\tts9\jdk1.8.0_144\bin;C:\Program Files (x86)\Intel\iCLS Client\;C:\Program Files\Intel\iCLS Client\;C:\Windows\system32;C:\Windows;C:\Windows\System32\Wbem;C:\Windows\System32\WindowsPowerShell\v1.0\;C:\Program Files (x86)\Intel\Intel(R) Management Engine Components\DAL;C:\Program Files\Intel\Intel(R) Management Engine Components\DAL;C:\Program Files (x86)\Intel\Intel(R) Management Engine Components\IPT;C:\Program Files\Intel\Intel(R) Management Engine Components\IPT;C:\Program Files (x86)\NVIDIA Corporation\PhysX\Common;C:\Program Files\MySQL\MySQL Server 5.5\bin;C:\WINDOWS\system32;C:\WINDOWS;C:\WINDOWS\System32\Wbem;C:\WINDOWS\System32\WindowsPowerShell\v1.0\;C:\WINDOWS\System32\OpenSSH\;D:\java\redis\;C:\Program Files\Intel\WiFi\bin\;C:\Program Files\Common Files\Intel\WirelessCommon\;D:\git\Git\cmd;C:\Users\mi\AppData\Local\Microsoft\WindowsApps;C:\Users\mi\AppData\Local\Microsoft\WindowsApps;.]
2020-01-13 08:54:32.153  INFO [cat-inform,,,] 19252 --- [localhost-startStop-1] o.a.c.c.C.[Tomcat].[localhost].[/]       : Initializing Spring embedded WebApplicationContext
2020-01-13 08:54:32.153  INFO [cat-inform,,,] 19252 --- [localhost-startStop-1] o.s.web.context.ContextLoader            : Root WebApplicationContext: initialization completed in 6233 ms
2020-01-13 08:54:32.856  WARN [cat-inform,,,] 19252 --- [localhost-startStop-1] c.n.c.sources.URLConfigurationSource     : No URLs will be polled as dynamic configuration sources.
2020-01-13 08:54:32.856  INFO [cat-inform,,,] 19252 --- [localhost-startStop-1] c.n.c.sources.URLConfigurationSource     : To enable URLs as dynamic configuration sources, define System property archaius.configurationSource.additionalUrls or make config.properties available on classpath.
2020-01-13 08:54:32.872  INFO [cat-inform,,,] 19252 --- [localhost-startStop-1] c.netflix.config.DynamicPropertyFactory  : DynamicPropertyFactory is initialized with configuration sources: com.netflix.config.ConcurrentCompositeConfiguration@561be2de
2020-01-13 08:54:45.539  INFO [cat-inform,,,] 19252 --- [localhost-startStop-1] o.s.b.w.servlet.FilterRegistrationBean   : Mapping filter: 'characterEncodingFilter' to: [/*]
2020-01-13 08:54:45.539  INFO [cat-inform,,,] 19252 --- [localhost-startStop-1] o.s.b.w.servlet.FilterRegistrationBean   : Mapping filter: 'webMvcMetricsFilter' to: [/*]
2020-01-13 08:54:45.554  INFO [cat-inform,,,] 19252 --- [localhost-startStop-1] o.s.b.w.servlet.FilterRegistrationBean   : Mapping filter: 'tracingFilter' to: [/*]
2020-01-13 08:54:45.554  INFO [cat-inform,,,] 19252 --- [localhost-startStop-1] o.s.b.w.servlet.FilterRegistrationBean   : Mapping filter: 'exceptionLoggingFilter' to: [/*]
2020-01-13 08:54:45.554  INFO [cat-inform,,,] 19252 --- [localhost-startStop-1] o.s.b.w.servlet.FilterRegistrationBean   : Mapping filter: 'hiddenHttpMethodFilter' to: [/*]
2020-01-13 08:54:45.554  INFO [cat-inform,,,] 19252 --- [localhost-startStop-1] o.s.b.w.servlet.FilterRegistrationBean   : Mapping filter: 'httpPutFormContentFilter' to: [/*]
2020-01-13 08:54:45.554  INFO [cat-inform,,,] 19252 --- [localhost-startStop-1] o.s.b.w.servlet.FilterRegistrationBean   : Mapping filter: 'requestContextFilter' to: [/*]
2020-01-13 08:54:45.554  INFO [cat-inform,,,] 19252 --- [localhost-startStop-1] .s.DelegatingFilterProxyRegistrationBean : Mapping filter: 'springSecurityFilterChain' to: [/*]
2020-01-13 08:54:45.554  INFO [cat-inform,,,] 19252 --- [localhost-startStop-1] o.s.b.w.servlet.FilterRegistrationBean   : Mapping filter: 'httpTraceFilter' to: [/*]
2020-01-13 08:54:45.554  INFO [cat-inform,,,] 19252 --- [localhost-startStop-1] o.s.b.w.servlet.ServletRegistrationBean  : Servlet dispatcherServlet mapped to [/]
2020-01-13 08:54:48.657  INFO [cat-inform,,,] 19252 --- [main] s.w.s.m.m.a.RequestMappingHandlerMapping : Mapped "{[/sms],methods=[GET]}" onto public com.xinlang.zly_xyx.common.Page<com.xinlang.zly_xyx.cat_inform.bean.Sms> com.xinlang.zly_xyx.cat_inform.controller.SmsController.findSms(java.util.Map<java.lang.String, java.lang.Object>)
2020-01-13 08:54:48.657  INFO [cat-inform,,,] 19252 --- [main] s.w.s.m.m.a.RequestMappingHandlerMapping : Mapped "{[/inform-anon/internal/phone],methods=[GET],params=[key && code]}" onto public java.lang.String com.xinlang.zly_xyx.cat_inform.controller.SmsController.matcheCodeAndGetPhone(java.lang.String,java.lang.String,java.lang.Boolean,java.lang.Integer)
2020-01-13 08:54:48.657  INFO [cat-inform,,,] 19252 --- [main] s.w.s.m.m.a.RequestMappingHandlerMapping : Mapped "{[/inform-anon/codes],methods=[POST],params=[phone]}" onto public com.xinlang.zly_xyx.cat_inform.bean.VerificationCode com.xinlang.zly_xyx.cat_inform.controller.SmsController.sendSmsVerificationCode(java.lang.String)
2020-01-13 08:54:48.673  INFO [cat-inform,,,] 19252 --- [main] s.w.s.m.m.a.RequestMappingHandlerMapping : Mapped "{[/swagger-resources/configuration/security]}" onto public org.springframework.http.ResponseEntity<springfox.documentation.swagger.web.SecurityConfiguration> springfox.documentation.swagger.web.ApiResourceController.securityConfiguration()
2020-01-13 08:54:48.673  INFO [cat-inform,,,] 19252 --- [main] s.w.s.m.m.a.RequestMappingHandlerMapping : Mapped "{[/swagger-resources/configuration/ui]}" onto public org.springframework.http.ResponseEntity<springfox.documentation.swagger.web.UiConfiguration> springfox.documentation.swagger.web.ApiResourceController.uiConfiguration()
2020-01-13 08:54:48.673  INFO [cat-inform,,,] 19252 --- [main] s.w.s.m.m.a.RequestMappingHandlerMapping : Mapped "{[/swagger-resources]}" onto public org.springframework.http.ResponseEntity<java.util.List<springfox.documentation.swagger.web.SwaggerResource>> springfox.documentation.swagger.web.ApiResourceController.swaggerResources()
2020-01-13 08:54:48.673  INFO [cat-inform,,,] 19252 --- [main] s.w.s.m.m.a.RequestMappingHandlerMapping : Mapped "{[/error]}" onto public org.springframework.http.ResponseEntity<java.util.Map<java.lang.String, java.lang.Object>> org.springframework.boot.autoconfigure.web.servlet.error.BasicErrorController.error(javax.servlet.http.HttpServletRequest)
2020-01-13 08:54:48.673  INFO [cat-inform,,,] 19252 --- [main] s.w.s.m.m.a.RequestMappingHandlerMapping : Mapped "{[/error],produces=[text/html]}" onto public org.springframework.web.servlet.ModelAndView org.springframework.boot.autoconfigure.web.servlet.error.BasicErrorController.errorHtml(javax.servlet.http.HttpServletRequest,javax.servlet.http.HttpServletResponse)
2020-01-13 08:54:49.422  INFO [cat-inform,,,] 19252 --- [main] o.s.b.a.e.web.EndpointLinksResolver      : Exposing 19 endpoint(s) beneath base path '/actuator'
2020-01-13 08:54:49.469  INFO [cat-inform,,,] 19252 --- [main] s.b.a.e.w.s.WebMvcEndpointHandlerMapping : Mapped "{[/actuator/archaius],methods=[GET],produces=[application/vnd.spring-boot.actuator.v2+json || application/json]}" onto public java.lang.Object org.springframework.boot.actuate.endpoint.web.servlet.AbstractWebMvcEndpointHandlerMapping$OperationHandler.handle(javax.servlet.http.HttpServletRequest,java.util.Map<java.lang.String, java.lang.String>)
2020-01-13 08:54:49.469  INFO [cat-inform,,,] 19252 --- [main] s.b.a.e.w.s.WebMvcEndpointHandlerMapping : Mapped "{[/actuator/auditevents],methods=[GET],produces=[application/vnd.spring-boot.actuator.v2+json || application/json]}" onto public java.lang.Object org.springframework.boot.actuate.endpoint.web.servlet.AbstractWebMvcEndpointHandlerMapping$OperationHandler.handle(javax.servlet.http.HttpServletRequest,java.util.Map<java.lang.String, java.lang.String>)
2020-01-13 08:54:49.469  INFO [cat-inform,,,] 19252 --- [main] s.b.a.e.w.s.WebMvcEndpointHandlerMapping : Mapped "{[/actuator/beans],methods=[GET],produces=[application/vnd.spring-boot.actuator.v2+json || application/json]}" onto public java.lang.Object org.springframework.boot.actuate.endpoint.web.servlet.AbstractWebMvcEndpointHandlerMapping$OperationHandler.handle(javax.servlet.http.HttpServletRequest,java.util.Map<java.lang.String, java.lang.String>)
2020-01-13 08:54:49.469  INFO [cat-inform,,,] 19252 --- [main] s.b.a.e.w.s.WebMvcEndpointHandlerMapping : Mapped "{[/actuator/health],methods=[GET],produces=[application/vnd.spring-boot.actuator.v2+json || application/json]}" onto public java.lang.Object org.springframework.boot.actuate.endpoint.web.servlet.AbstractWebMvcEndpointHandlerMapping$OperationHandler.handle(javax.servlet.http.HttpServletRequest,java.util.Map<java.lang.String, java.lang.String>)
2020-01-13 08:54:49.485  INFO [cat-inform,,,] 19252 --- [main] s.b.a.e.w.s.WebMvcEndpointHandlerMapping : Mapped "{[/actuator/conditions],methods=[GET],produces=[application/vnd.spring-boot.actuator.v2+json || application/json]}" onto public java.lang.Object org.springframework.boot.actuate.endpoint.web.servlet.AbstractWebMvcEndpointHandlerMapping$OperationHandler.handle(javax.servlet.http.HttpServletRequest,java.util.Map<java.lang.String, java.lang.String>)
2020-01-13 08:54:49.485  INFO [cat-inform,,,] 19252 --- [main] s.b.a.e.w.s.WebMvcEndpointHandlerMapping : Mapped "{[/actuator/configprops],methods=[GET],produces=[application/vnd.spring-boot.actuator.v2+json || application/json]}" onto public java.lang.Object org.springframework.boot.actuate.endpoint.web.servlet.AbstractWebMvcEndpointHandlerMapping$OperationHandler.handle(javax.servlet.http.HttpServletRequest,java.util.Map<java.lang.String, java.lang.String>)
2020-01-13 08:54:49.485  INFO [cat-inform,,,] 19252 --- [main] s.b.a.e.w.s.WebMvcEndpointHandlerMapping : Mapped "{[/actuator/env],methods=[GET],produces=[application/vnd.spring-boot.actuator.v2+json || application/json]}" onto public java.lang.Object org.springframework.boot.actuate.endpoint.web.servlet.AbstractWebMvcEndpointHandlerMapping$OperationHandler.handle(javax.servlet.http.HttpServletRequest,java.util.Map<java.lang.String, java.lang.String>)
2020-01-13 08:54:49.485  INFO [cat-inform,,,] 19252 --- [main] s.b.a.e.w.s.WebMvcEndpointHandlerMapping : Mapped "{[/actuator/env/{toMatch}],methods=[GET],produces=[application/vnd.spring-boot.actuator.v2+json || application/json]}" onto public java.lang.Object org.springframework.boot.actuate.endpoint.web.servlet.AbstractWebMvcEndpointHandlerMapping$OperationHandler.handle(javax.servlet.http.HttpServletRequest,java.util.Map<java.lang.String, java.lang.String>)
2020-01-13 08:54:49.485  INFO [cat-inform,,,] 19252 --- [main] s.b.a.e.w.s.WebMvcEndpointHandlerMapping : Mapped "{[/actuator/env],methods=[POST],consumes=[application/vnd.spring-boot.actuator.v2+json || application/json],produces=[application/vnd.spring-boot.actuator.v2+json || application/json]}" onto public java.lang.Object org.springframework.boot.actuate.endpoint.web.servlet.AbstractWebMvcEndpointHandlerMapping$OperationHandler.handle(javax.servlet.http.HttpServletRequest,java.util.Map<java.lang.String, java.lang.String>)
2020-01-13 08:54:49.485  INFO [cat-inform,,,] 19252 --- [main] s.b.a.e.w.s.WebMvcEndpointHandlerMapping : Mapped "{[/actuator/env],methods=[DELETE],produces=[application/vnd.spring-boot.actuator.v2+json || application/json]}" onto public java.lang.Object org.springframework.boot.actuate.endpoint.web.servlet.AbstractWebMvcEndpointHandlerMapping$OperationHandler.handle(javax.servlet.http.HttpServletRequest,java.util.Map<java.lang.String, java.lang.String>)
2020-01-13 08:54:49.485  INFO [cat-inform,,,] 19252 --- [main] s.b.a.e.w.s.WebMvcEndpointHandlerMapping : Mapped "{[/actuator/info],methods=[GET],produces=[application/vnd.spring-boot.actuator.v2+json || application/json]}" onto public java.lang.Object org.springframework.boot.actuate.endpoint.web.servlet.AbstractWebMvcEndpointHandlerMapping$OperationHandler.handle(javax.servlet.http.HttpServletRequest,java.util.Map<java.lang.String, java.lang.String>)
2020-01-13 08:54:49.485  INFO [cat-inform,,,] 19252 --- [main] s.b.a.e.w.s.WebMvcEndpointHandlerMapping : Mapped "{[/actuator/logfile],methods=[GET],produces=[application/octet-stream]}" onto public java.lang.Object org.springframework.boot.actuate.endpoint.web.servlet.AbstractWebMvcEndpointHandlerMapping$OperationHandler.handle(javax.servlet.http.HttpServletRequest,java.util.Map<java.lang.String, java.lang.String>)
2020-01-13 08:54:49.485  INFO [cat-inform,,,] 19252 --- [main] s.b.a.e.w.s.WebMvcEndpointHandlerMapping : Mapped "{[/actuator/loggers],methods=[GET],produces=[application/vnd.spring-boot.actuator.v2+json || application/json]}" onto public java.lang.Object org.springframework.boot.actuate.endpoint.web.servlet.AbstractWebMvcEndpointHandlerMapping$OperationHandler.handle(javax.servlet.http.HttpServletRequest,java.util.Map<java.lang.String, java.lang.String>)
2020-01-13 08:54:49.485  INFO [cat-inform,,,] 19252 --- [main] s.b.a.e.w.s.WebMvcEndpointHandlerMapping : Mapped "{[/actuator/loggers/{name}],methods=[GET],produces=[application/vnd.spring-boot.actuator.v2+json || application/json]}" onto public java.lang.Object org.springframework.boot.actuate.endpoint.web.servlet.AbstractWebMvcEndpointHandlerMapping$OperationHandler.handle(javax.servlet.http.HttpServletRequest,java.util.Map<java.lang.String, java.lang.String>)
2020-01-13 08:54:49.485  INFO [cat-inform,,,] 19252 --- [main] s.b.a.e.w.s.WebMvcEndpointHandlerMapping : Mapped "{[/actuator/loggers/{name}],methods=[POST],consumes=[application/vnd.spring-boot.actuator.v2+json || application/json]}" onto public java.lang.Object org.springframework.boot.actuate.endpoint.web.servlet.AbstractWebMvcEndpointHandlerMapping$OperationHandler.handle(javax.servlet.http.HttpServletRequest,java.util.Map<java.lang.String, java.lang.String>)
2020-01-13 08:54:49.485  INFO [cat-inform,,,] 19252 --- [main] s.b.a.e.w.s.WebMvcEndpointHandlerMapping : Mapped "{[/actuator/heapdump],methods=[GET],produces=[application/octet-stream]}" onto public java.lang.Object org.springframework.boot.actuate.endpoint.web.servlet.AbstractWebMvcEndpointHandlerMapping$OperationHandler.handle(javax.servlet.http.HttpServletRequest,java.util.Map<java.lang.String, java.lang.String>)
2020-01-13 08:54:49.485  INFO [cat-inform,,,] 19252 --- [main] s.b.a.e.w.s.WebMvcEndpointHandlerMapping : Mapped "{[/actuator/threaddump],methods=[GET],produces=[application/vnd.spring-boot.actuator.v2+json || application/json]}" onto public java.lang.Object org.springframework.boot.actuate.endpoint.web.servlet.AbstractWebMvcEndpointHandlerMapping$OperationHandler.handle(javax.servlet.http.HttpServletRequest,java.util.Map<java.lang.String, java.lang.String>)
2020-01-13 08:54:49.485  INFO [cat-inform,,,] 19252 --- [main] s.b.a.e.w.s.WebMvcEndpointHandlerMapping : Mapped "{[/actuator/metrics/{requiredMetricName}],methods=[GET],produces=[application/vnd.spring-boot.actuator.v2+json || application/json]}" onto public java.lang.Object org.springframework.boot.actuate.endpoint.web.servlet.AbstractWebMvcEndpointHandlerMapping$OperationHandler.handle(javax.servlet.http.HttpServletRequest,java.util.Map<java.lang.String, java.lang.String>)
2020-01-13 08:54:49.485  INFO [cat-inform,,,] 19252 --- [main] s.b.a.e.w.s.WebMvcEndpointHandlerMapping : Mapped "{[/actuator/metrics],methods=[GET],produces=[application/vnd.spring-boot.actuator.v2+json || application/json]}" onto public java.lang.Object org.springframework.boot.actuate.endpoint.web.servlet.AbstractWebMvcEndpointHandlerMapping$OperationHandler.handle(javax.servlet.http.HttpServletRequest,java.util.Map<java.lang.String, java.lang.String>)
2020-01-13 08:54:49.485  INFO [cat-inform,,,] 19252 --- [main] s.b.a.e.w.s.WebMvcEndpointHandlerMapping : Mapped "{[/actuator/scheduledtasks],methods=[GET],produces=[application/vnd.spring-boot.actuator.v2+json || application/json]}" onto public java.lang.Object org.springframework.boot.actuate.endpoint.web.servlet.AbstractWebMvcEndpointHandlerMapping$OperationHandler.handle(javax.servlet.http.HttpServletRequest,java.util.Map<java.lang.String, java.lang.String>)
2020-01-13 08:54:49.485  INFO [cat-inform,,,] 19252 --- [main] s.b.a.e.w.s.WebMvcEndpointHandlerMapping : Mapped "{[/actuator/httptrace],methods=[GET],produces=[application/vnd.spring-boot.actuator.v2+json || application/json]}" onto public java.lang.Object org.springframework.boot.actuate.endpoint.web.servlet.AbstractWebMvcEndpointHandlerMapping$OperationHandler.handle(javax.servlet.http.HttpServletRequest,java.util.Map<java.lang.String, java.lang.String>)
2020-01-13 08:54:49.485  INFO [cat-inform,,,] 19252 --- [main] s.b.a.e.w.s.WebMvcEndpointHandlerMapping : Mapped "{[/actuator/mappings],methods=[GET],produces=[application/vnd.spring-boot.actuator.v2+json || application/json]}" onto public java.lang.Object org.springframework.boot.actuate.endpoint.web.servlet.AbstractWebMvcEndpointHandlerMapping$OperationHandler.handle(javax.servlet.http.HttpServletRequest,java.util.Map<java.lang.String, java.lang.String>)
2020-01-13 08:54:49.485  INFO [cat-inform,,,] 19252 --- [main] s.b.a.e.w.s.WebMvcEndpointHandlerMapping : Mapped "{[/actuator/refresh],methods=[POST],produces=[application/vnd.spring-boot.actuator.v2+json || application/json]}" onto public java.lang.Object org.springframework.boot.actuate.endpoint.web.servlet.AbstractWebMvcEndpointHandlerMapping$OperationHandler.handle(javax.servlet.http.HttpServletRequest,java.util.Map<java.lang.String, java.lang.String>)
2020-01-13 08:54:49.485  INFO [cat-inform,,,] 19252 --- [main] s.b.a.e.w.s.WebMvcEndpointHandlerMapping : Mapped "{[/actuator/features],methods=[GET],produces=[application/vnd.spring-boot.actuator.v2+json || application/json]}" onto public java.lang.Object org.springframework.boot.actuate.endpoint.web.servlet.AbstractWebMvcEndpointHandlerMapping$OperationHandler.handle(javax.servlet.http.HttpServletRequest,java.util.Map<java.lang.String, java.lang.String>)
2020-01-13 08:54:49.485  INFO [cat-inform,,,] 19252 --- [main] s.b.a.e.w.s.WebMvcEndpointHandlerMapping : Mapped "{[/actuator/service-registry],methods=[GET],produces=[application/vnd.spring-boot.actuator.v2+json || application/json]}" onto public java.lang.Object org.springframework.boot.actuate.endpoint.web.servlet.AbstractWebMvcEndpointHandlerMapping$OperationHandler.handle(javax.servlet.http.HttpServletRequest,java.util.Map<java.lang.String, java.lang.String>)
2020-01-13 08:54:49.485  INFO [cat-inform,,,] 19252 --- [main] s.b.a.e.w.s.WebMvcEndpointHandlerMapping : Mapped "{[/actuator/service-registry],methods=[POST],consumes=[application/vnd.spring-boot.actuator.v2+json || application/json],produces=[application/vnd.spring-boot.actuator.v2+json || application/json]}" onto public java.lang.Object org.springframework.boot.actuate.endpoint.web.servlet.AbstractWebMvcEndpointHandlerMapping$OperationHandler.handle(javax.servlet.http.HttpServletRequest,java.util.Map<java.lang.String, java.lang.String>)
2020-01-13 08:54:49.485  INFO [cat-inform,,,] 19252 --- [main] s.b.a.e.w.s.WebMvcEndpointHandlerMapping : Mapped "{[/actuator],methods=[GET],produces=[application/vnd.spring-boot.actuator.v2+json || application/json]}" onto protected java.util.Map<java.lang.String, java.util.Map<java.lang.String, org.springframework.boot.actuate.endpoint.web.Link>> org.springframework.boot.actuate.endpoint.web.servlet.WebMvcEndpointHandlerMapping.links(javax.servlet.http.HttpServletRequest,javax.servlet.http.HttpServletResponse)
2020-01-13 08:54:50.360  INFO [cat-inform,,,] 19252 --- [main] o.s.s.concurrent.ThreadPoolTaskExecutor  : Initializing ExecutorService  'taskExecutor'
2020-01-13 08:54:51.438  INFO [cat-inform,,,] 19252 --- [main] .s.s.UserDetailsServiceAutoConfiguration : 

Using generated security password: a4dae8f1-6c9c-451e-a51f-f4a4133c17d9

2020-01-13 08:54:53.343  INFO [cat-inform,,,] 19252 --- [main] o.s.s.web.DefaultSecurityFilterChain     : Creating filter chain: org.springframework.security.web.util.matcher.AnyRequestMatcher@1, [org.springframework.security.web.context.request.async.WebAsyncManagerIntegrationFilter@68b3979d, org.springframework.security.web.context.SecurityContextPersistenceFilter@42c55978, org.springframework.security.web.header.HeaderWriterFilter@5718e77c, org.springframework.security.web.authentication.logout.LogoutFilter@20d3fff4, org.springframework.security.oauth2.provider.authentication.OAuth2AuthenticationProcessingFilter@77401977, org.springframework.security.web.authentication.www.BasicAuthenticationFilter@736f8837, org.springframework.security.web.savedrequest.RequestCacheAwareFilter@4fb99927, org.springframework.security.web.servletapi.SecurityContextHolderAwareRequestFilter@46590dd0, org.springframework.security.web.authentication.AnonymousAuthenticationFilter@5fd31df7, org.springframework.security.web.session.SessionManagementFilter@5e0442dd, org.springframework.security.web.access.ExceptionTranslationFilter@44a485bc, org.springframework.security.web.access.intercept.FilterSecurityInterceptor@2c557eee]
2020-01-13 08:54:53.546  INFO [cat-inform,,,] 19252 --- [main] pertySourcedRequestMappingHandlerMapping : Mapped URL path [/v2/api-docs] onto method [public org.springframework.http.ResponseEntity<springfox.documentation.spring.web.json.Json> springfox.documentation.swagger2.web.Swagger2Controller.getDocumentation(java.lang.String,javax.servlet.http.HttpServletRequest)]
2020-01-13 08:54:53.718  WARN [cat-inform,,,] 19252 --- [main] c.n.c.sources.URLConfigurationSource     : No URLs will be polled as dynamic configuration sources.
2020-01-13 08:54:53.718  INFO [cat-inform,,,] 19252 --- [main] c.n.c.sources.URLConfigurationSource     : To enable URLs as dynamic configuration sources, define System property archaius.configurationSource.additionalUrls or make config.properties available on classpath.
2020-01-13 08:54:54.484  INFO [cat-inform,,,] 19252 --- [main] o.s.w.s.handler.SimpleUrlHandlerMapping  : Mapped URL path [/**/favicon.ico] onto handler of type [class org.springframework.web.servlet.resource.ResourceHttpRequestHandler]
2020-01-13 08:54:55.874  INFO [cat-inform,,,] 19252 --- [main] s.w.s.m.m.a.RequestMappingHandlerAdapter : Looking for @ControllerAdvice: org.springframework.boot.web.servlet.context.AnnotationConfigServletWebServerApplicationContext@2a32fb6: startup date [Mon Jan 13 08:54:25 CST 2020]; parent: org.springframework.context.annotation.AnnotationConfigApplicationContext@6fd83fc1
2020-01-13 08:54:56.108  INFO [cat-inform,,,] 19252 --- [main] o.s.w.s.handler.SimpleUrlHandlerMapping  : Mapped URL path [/webjars/**] onto handler of type [class org.springframework.web.servlet.resource.ResourceHttpRequestHandler]
2020-01-13 08:54:56.108  INFO [cat-inform,,,] 19252 --- [main] o.s.w.s.handler.SimpleUrlHandlerMapping  : Mapped URL path [/**] onto handler of type [class org.springframework.web.servlet.resource.ResourceHttpRequestHandler]
2020-01-13 08:54:56.186  INFO [cat-inform,,,] 19252 --- [main] .m.m.a.ExceptionHandlerExceptionResolver : Detected @ExceptionHandler methods in exceptionHandlerAdvice
2020-01-13 08:54:56.514  INFO [cat-inform,,,] 19252 --- [main] t.m.m.autoconfigure.MapperCacheDisabler  : Clear tk.mybatis.mapper.util.MsUtil CLASS_CACHE cache.
2020-01-13 08:54:56.530  INFO [cat-inform,,,] 19252 --- [main] t.m.m.autoconfigure.MapperCacheDisabler  : Clear tk.mybatis.mapper.genid.GenIdUtil CACHE cache.
2020-01-13 08:54:56.530  INFO [cat-inform,,,] 19252 --- [main] t.m.m.autoconfigure.MapperCacheDisabler  : Clear tk.mybatis.mapper.version.VersionUtil CACHE cache.
2020-01-13 08:54:56.530  INFO [cat-inform,,,] 19252 --- [main] t.m.m.autoconfigure.MapperCacheDisabler  : Clear EntityHelper entityTableMap cache.
2020-01-13 08:55:02.326  INFO [cat-inform,,,] 19252 --- [main] com.netflix.discovery.DiscoveryClient    : Shutting down DiscoveryClient ...
2020-01-13 08:55:02.357  INFO [cat-inform,,,] 19252 --- [main] com.netflix.discovery.DiscoveryClient    : Completed shut down of DiscoveryClient
2020-01-13 08:55:03.841  INFO [cat-inform,,,] 19252 --- [main] o.s.j.e.a.AnnotationMBeanExporter        : Registering beans for JMX exposure on startup
2020-01-13 08:55:03.841  INFO [cat-inform,,,] 19252 --- [main] o.s.j.e.a.AnnotationMBeanExporter        : Bean with name 'dataSource' has been autodetected for JMX exposure
2020-01-13 08:55:03.872  INFO [cat-inform,,,] 19252 --- [main] o.s.j.e.a.AnnotationMBeanExporter        : Bean with name 'rabbitConnectionFactory' has been autodetected for JMX exposure
2020-01-13 08:55:03.872  INFO [cat-inform,,,] 19252 --- [main] o.s.j.e.a.AnnotationMBeanExporter        : Bean with name 'environmentManager' has been autodetected for JMX exposure
2020-01-13 08:55:03.888  INFO [cat-inform,,,] 19252 --- [main] o.s.j.e.a.AnnotationMBeanExporter        : Bean with name 'refreshScope' has been autodetected for JMX exposure
2020-01-13 08:55:03.888  INFO [cat-inform,,,] 19252 --- [main] o.s.j.e.a.AnnotationMBeanExporter        : Bean with name 'configurationPropertiesRebinder' has been autodetected for JMX exposure
2020-01-13 08:55:03.888  INFO [cat-inform,,,] 19252 --- [main] o.s.j.e.a.AnnotationMBeanExporter        : Located managed bean 'environmentManager': registering with JMX server as MBean [org.springframework.cloud.context.environment:name=environmentManager,type=EnvironmentManager]
2020-01-13 08:55:03.903  INFO [cat-inform,,,] 19252 --- [main] o.s.j.e.a.AnnotationMBeanExporter        : Located managed bean 'refreshScope': registering with JMX server as MBean [org.springframework.cloud.context.scope.refresh:name=refreshScope,type=RefreshScope]
2020-01-13 08:55:03.950  INFO [cat-inform,,,] 19252 --- [main] o.s.j.e.a.AnnotationMBeanExporter        : Located managed bean 'configurationPropertiesRebinder': registering with JMX server as MBean [org.springframework.cloud.context.properties:name=configurationPropertiesRebinder,context=2a32fb6,type=ConfigurationPropertiesRebinder]
2020-01-13 08:55:03.950  INFO [cat-inform,,,] 19252 --- [main] o.s.j.e.a.AnnotationMBeanExporter        : Located MBean 'dataSource': registering with JMX server as MBean [com.zaxxer.hikari:name=dataSource,type=HikariDataSource]
2020-01-13 08:55:03.966  INFO [cat-inform,,,] 19252 --- [main] o.s.j.e.a.AnnotationMBeanExporter        : Located managed bean 'rabbitConnectionFactory': registering with JMX server as MBean [org.springframework.amqp.rabbit.connection:name=rabbitConnectionFactory,type=CachingConnectionFactory]
2020-01-13 08:55:04.044  INFO [cat-inform,,,] 19252 --- [main] o.s.c.support.DefaultLifecycleProcessor  : Starting beans in phase 0
2020-01-13 08:55:04.044  INFO [cat-inform,,,] 19252 --- [main] o.s.c.n.eureka.InstanceInfoFactory       : Setting initial instance status as: STARTING
2020-01-13 08:55:04.060  INFO [cat-inform,,,] 19252 --- [main] com.netflix.discovery.DiscoveryClient    : Initializing Eureka in region us-east-1
2020-01-13 08:55:04.091  INFO [cat-inform,,,] 19252 --- [main] c.n.d.provider.DiscoveryJerseyProvider   : Using JSON encoding codec LegacyJacksonJson
2020-01-13 08:55:04.091  INFO [cat-inform,,,] 19252 --- [main] c.n.d.provider.DiscoveryJerseyProvider   : Using JSON decoding codec LegacyJacksonJson
2020-01-13 08:55:04.091  INFO [cat-inform,,,] 19252 --- [main] c.n.d.provider.DiscoveryJerseyProvider   : Using XML encoding codec XStreamXml
2020-01-13 08:55:04.091  INFO [cat-inform,,,] 19252 --- [main] c.n.d.provider.DiscoveryJerseyProvider   : Using XML decoding codec XStreamXml
2020-01-13 08:55:04.231  INFO [cat-inform,,,] 19252 --- [main] c.n.d.s.r.aws.ConfigClusterResolver      : Resolving eureka endpoints via configuration
2020-01-13 08:55:04.231  INFO [cat-inform,,,] 19252 --- [main] com.netflix.discovery.DiscoveryClient    : Disable delta property : false
2020-01-13 08:55:04.231  INFO [cat-inform,,,] 19252 --- [main] com.netflix.discovery.DiscoveryClient    : Single vip registry refresh property : null
2020-01-13 08:55:04.231  INFO [cat-inform,,,] 19252 --- [main] com.netflix.discovery.DiscoveryClient    : Force full registry fetch : false
2020-01-13 08:55:04.231  INFO [cat-inform,,,] 19252 --- [main] com.netflix.discovery.DiscoveryClient    : Application is null : false
2020-01-13 08:55:04.231  INFO [cat-inform,,,] 19252 --- [main] com.netflix.discovery.DiscoveryClient    : Registered Applications size is zero : true
2020-01-13 08:55:04.231  INFO [cat-inform,,,] 19252 --- [main] com.netflix.discovery.DiscoveryClient    : Application version is -1: true
2020-01-13 08:55:04.231  INFO [cat-inform,,,] 19252 --- [main] com.netflix.discovery.DiscoveryClient    : Getting all instance registry info from the eureka server
2020-01-13 08:55:04.247  INFO [cat-inform,,,] 19252 --- [main] com.netflix.discovery.DiscoveryClient    : The response status is 200
2020-01-13 08:55:04.247  INFO [cat-inform,,,] 19252 --- [main] com.netflix.discovery.DiscoveryClient    : Starting heartbeat executor: renew interval is: 5
2020-01-13 08:55:04.247  INFO [cat-inform,,,] 19252 --- [main] c.n.discovery.InstanceInfoReplicator     : InstanceInfoReplicator onDemand update allowed rate per min is 4
2020-01-13 08:55:04.247  INFO [cat-inform,,,] 19252 --- [main] com.netflix.discovery.DiscoveryClient    : Discovery Client initialized at timestamp 1578876904247 with initial instances count: 3
2020-01-13 08:55:04.294  INFO [cat-inform,,,] 19252 --- [main] o.s.c.n.e.s.EurekaServiceRegistry        : Registering application cat-inform with eureka with status UP
2020-01-13 08:55:04.294  INFO [cat-inform,,,] 19252 --- [main] com.netflix.discovery.DiscoveryClient    : Saw local status change event StatusChangeEvent [timestamp=1578876904294, current=UP, previous=STARTING]
2020-01-13 08:55:04.294  INFO [cat-inform,,,] 19252 --- [DiscoveryClient-InstanceInfoReplicator-0] com.netflix.discovery.DiscoveryClient    : DiscoveryClient_CAT-INFORM/DESKTOP-EKIV9A4:cat-inform:9991: registering service...
2020-01-13 08:55:04.294  INFO [cat-inform,,,] 19252 --- [main] o.s.c.support.DefaultLifecycleProcessor  : Starting beans in phase 2147483647
2020-01-13 08:55:04.294  INFO [cat-inform,,,] 19252 --- [main] d.s.w.p.DocumentationPluginsBootstrapper : Context refreshed
2020-01-13 08:55:04.341  INFO [cat-inform,,,] 19252 --- [main] d.s.w.p.DocumentationPluginsBootstrapper : Found 1 custom documentation plugin(s)
2020-01-13 08:55:04.388  INFO [cat-inform,,,] 19252 --- [DiscoveryClient-InstanceInfoReplicator-0] com.netflix.discovery.DiscoveryClient    : DiscoveryClient_CAT-INFORM/DESKTOP-EKIV9A4:cat-inform:9991 - registration status: 204
2020-01-13 08:55:04.434  INFO [cat-inform,,,] 19252 --- [main] s.d.s.w.s.ApiListingReferenceScanner     : Scanning for api listing references
2020-01-13 08:55:04.700  INFO [cat-inform,,,] 19252 --- [main] .d.s.w.r.o.CachingOperationNameGenerator : Generating unique operation named: handleUsingGET_1
2020-01-13 08:55:04.716  INFO [cat-inform,,,] 19252 --- [main] .d.s.w.r.o.CachingOperationNameGenerator : Generating unique operation named: handleUsingGET_2
2020-01-13 08:55:04.716  INFO [cat-inform,,,] 19252 --- [main] .d.s.w.r.o.CachingOperationNameGenerator : Generating unique operation named: handleUsingGET_3
2020-01-13 08:55:04.716  INFO [cat-inform,,,] 19252 --- [main] .d.s.w.r.o.CachingOperationNameGenerator : Generating unique operation named: handleUsingGET_4
2020-01-13 08:55:04.716  INFO [cat-inform,,,] 19252 --- [main] .d.s.w.r.o.CachingOperationNameGenerator : Generating unique operation named: handleUsingGET_5
2020-01-13 08:55:04.716  INFO [cat-inform,,,] 19252 --- [main] .d.s.w.r.o.CachingOperationNameGenerator : Generating unique operation named: handleUsingGET_6
2020-01-13 08:55:04.731  INFO [cat-inform,,,] 19252 --- [main] .d.s.w.r.o.CachingOperationNameGenerator : Generating unique operation named: handleUsingGET_7
2020-01-13 08:55:04.731  INFO [cat-inform,,,] 19252 --- [main] .d.s.w.r.o.CachingOperationNameGenerator : Generating unique operation named: handleUsingGET_8
2020-01-13 08:55:04.731  INFO [cat-inform,,,] 19252 --- [main] .d.s.w.r.o.CachingOperationNameGenerator : Generating unique operation named: handleUsingGET_9
2020-01-13 08:55:04.731  INFO [cat-inform,,,] 19252 --- [main] .d.s.w.r.o.CachingOperationNameGenerator : Generating unique operation named: handleUsingGET_10
2020-01-13 08:55:04.731  INFO [cat-inform,,,] 19252 --- [main] .d.s.w.r.o.CachingOperationNameGenerator : Generating unique operation named: handleUsingGET_11
2020-01-13 08:55:04.747  INFO [cat-inform,,,] 19252 --- [main] .d.s.w.r.o.CachingOperationNameGenerator : Generating unique operation named: handleUsingGET_12
2020-01-13 08:55:04.747  INFO [cat-inform,,,] 19252 --- [main] .d.s.w.r.o.CachingOperationNameGenerator : Generating unique operation named: handleUsingGET_13
2020-01-13 08:55:04.747  INFO [cat-inform,,,] 19252 --- [main] .d.s.w.r.o.CachingOperationNameGenerator : Generating unique operation named: handleUsingPOST_1
2020-01-13 08:55:04.747  INFO [cat-inform,,,] 19252 --- [main] .d.s.w.r.o.CachingOperationNameGenerator : Generating unique operation named: handleUsingGET_14
2020-01-13 08:55:04.747  INFO [cat-inform,,,] 19252 --- [main] .d.s.w.r.o.CachingOperationNameGenerator : Generating unique operation named: handleUsingGET_15
2020-01-13 08:55:04.747  INFO [cat-inform,,,] 19252 --- [main] .d.s.w.r.o.CachingOperationNameGenerator : Generating unique operation named: handleUsingGET_16
2020-01-13 08:55:04.763  INFO [cat-inform,,,] 19252 --- [main] .d.s.w.r.o.CachingOperationNameGenerator : Generating unique operation named: handleUsingGET_17
2020-01-13 08:55:04.763  INFO [cat-inform,,,] 19252 --- [main] .d.s.w.r.o.CachingOperationNameGenerator : Generating unique operation named: handleUsingPOST_2
2020-01-13 08:55:04.763  INFO [cat-inform,,,] 19252 --- [main] .d.s.w.r.o.CachingOperationNameGenerator : Generating unique operation named: handleUsingGET_18
2020-01-13 08:55:04.763  INFO [cat-inform,,,] 19252 --- [main] .d.s.w.r.o.CachingOperationNameGenerator : Generating unique operation named: handleUsingGET_19
2020-01-13 08:55:04.763  INFO [cat-inform,,,] 19252 --- [main] .d.s.w.r.o.CachingOperationNameGenerator : Generating unique operation named: handleUsingPOST_3
2020-01-13 08:55:04.778  INFO [cat-inform,,,] 19252 --- [main] .d.s.w.r.o.CachingOperationNameGenerator : Generating unique operation named: handleUsingGET_20
2020-01-13 08:55:05.012  INFO [cat-inform,,,] 19252 --- [main] o.a.c.c.C.[Tomcat].[localhost].[/]       : Initializing Spring FrameworkServlet 'dispatcherServlet'
2020-01-13 08:55:05.012  INFO [cat-inform,,,] 19252 --- [main] o.s.web.servlet.DispatcherServlet        : FrameworkServlet 'dispatcherServlet': initialization started
2020-01-13 08:55:05.137  INFO [cat-inform,,,] 19252 --- [main] o.s.web.servlet.DispatcherServlet        : FrameworkServlet 'dispatcherServlet': initialization completed in 125 ms
2020-01-13 08:55:05.153  INFO [cat-inform,,,] 19252 --- [main] o.s.b.w.embedded.tomcat.TomcatWebServer  : Tomcat started on port(s): 9991 (http) with context path ''
2020-01-13 08:55:05.153  INFO [cat-inform,,,] 19252 --- [main] .s.c.n.e.s.EurekaAutoServiceRegistration : Updating port to 9991
2020-01-13 08:55:05.200  INFO [cat-inform,,,] 19252 --- [main] c.x.z.cat_inform.CatInformApplication    : Started CatInformApplication in 50.74 seconds (JVM running for 54.088)
2020-01-13 08:55:06.262  INFO [cat-inform,,,] 19252 --- [RMI TCP Connection(3)-192.168.5.64] o.s.a.r.c.CachingConnectionFactory       : Attempting to connect to: [localhost:5672]
2020-01-13 08:55:06.387  INFO [cat-inform,,,] 19252 --- [RMI TCP Connection(3)-192.168.5.64] o.s.a.r.c.CachingConnectionFactory       : Created new connection: rabbitConnectionFactory#29c35626:0/SimpleConnection@36a30bff [delegate=amqp://pig@127.0.0.1:5672/, localPort= 53456]
2020-01-13 08:55:06.528  INFO [cat-inform,,,] 19252 --- [RMI TCP Connection(3)-192.168.5.64] com.zaxxer.hikari.HikariDataSource       : HikariPool-1 - Starting...
2020-01-13 08:55:06.965  INFO [cat-inform,,,] 19252 --- [RMI TCP Connection(3)-192.168.5.64] com.zaxxer.hikari.HikariDataSource       : HikariPool-1 - Start completed.
2020-01-13 08:55:07.028  INFO [cat-inform,,,] 19252 --- [RMI TCP Connection(3)-192.168.5.64] c.c.c.ConfigServicePropertySourceLocator : Fetching config from server at : http://192.168.5.64:8771/
2020-01-13 08:55:08.418  INFO [cat-inform,,,] 19252 --- [RMI TCP Connection(3)-192.168.5.64] c.c.c.ConfigServicePropertySourceLocator : Located environment: name=cat-inform, profiles=[dev], label=null, version=null, state=null
2020-01-13 08:55:08.652  INFO [cat-inform,,,] 19252 --- [RMI TCP Connection(3)-192.168.5.64] io.lettuce.core.EpollProvider            : Starting without optional epoll library
2020-01-13 08:55:08.652  INFO [cat-inform,,,] 19252 --- [RMI TCP Connection(3)-192.168.5.64] io.lettuce.core.KqueueProvider           : Starting without optional kqueue library
2020-01-13 09:00:04.256  INFO [cat-inform,,,] 19252 --- [AsyncResolver-bootstrap-executor-0] c.n.d.s.r.aws.ConfigClusterResolver      : Resolving eureka endpoints via configuration
2020-01-13 09:05:04.293  INFO [cat-inform,,,] 19252 --- [AsyncResolver-bootstrap-executor-0] c.n.d.s.r.aws.ConfigClusterResolver      : Resolving eureka endpoints via configuration
2020-01-13 09:10:04.297  INFO [cat-inform,,,] 19252 --- [AsyncResolver-bootstrap-executor-0] c.n.d.s.r.aws.ConfigClusterResolver      : Resolving eureka endpoints via configuration
2020-01-13 09:15:04.303  INFO [cat-inform,,,] 19252 --- [AsyncResolver-bootstrap-executor-0] c.n.d.s.r.aws.ConfigClusterResolver      : Resolving eureka endpoints via configuration
2020-01-13 09:20:04.304  INFO [cat-inform,,,] 19252 --- [AsyncResolver-bootstrap-executor-0] c.n.d.s.r.aws.ConfigClusterResolver      : Resolving eureka endpoints via configuration
2020-01-13 09:25:04.305  INFO [cat-inform,,,] 19252 --- [AsyncResolver-bootstrap-executor-0] c.n.d.s.r.aws.ConfigClusterResolver      : Resolving eureka endpoints via configuration
2020-01-13 09:30:04.316  INFO [cat-inform,,,] 19252 --- [AsyncResolver-bootstrap-executor-0] c.n.d.s.r.aws.ConfigClusterResolver      : Resolving eureka endpoints via configuration
2020-01-13 09:35:04.318  INFO [cat-inform,,,] 19252 --- [AsyncResolver-bootstrap-executor-0] c.n.d.s.r.aws.ConfigClusterResolver      : Resolving eureka endpoints via configuration
2020-01-13 09:40:04.319  INFO [cat-inform,,,] 19252 --- [AsyncResolver-bootstrap-executor-0] c.n.d.s.r.aws.ConfigClusterResolver      : Resolving eureka endpoints via configuration
2020-01-13 09:45:04.320  INFO [cat-inform,,,] 19252 --- [AsyncResolver-bootstrap-executor-0] c.n.d.s.r.aws.ConfigClusterResolver      : Resolving eureka endpoints via configuration
2020-01-13 09:50:04.330  INFO [cat-inform,,,] 19252 --- [AsyncResolver-bootstrap-executor-0] c.n.d.s.r.aws.ConfigClusterResolver      : Resolving eureka endpoints via configuration
2020-01-13 09:55:04.331  INFO [cat-inform,,,] 19252 --- [AsyncResolver-bootstrap-executor-0] c.n.d.s.r.aws.ConfigClusterResolver      : Resolving eureka endpoints via configuration
2020-01-13 10:00:04.340  INFO [cat-inform,,,] 19252 --- [AsyncResolver-bootstrap-executor-0] c.n.d.s.r.aws.ConfigClusterResolver      : Resolving eureka endpoints via configuration
2020-01-13 10:05:04.350  INFO [cat-inform,,,] 19252 --- [AsyncResolver-bootstrap-executor-0] c.n.d.s.r.aws.ConfigClusterResolver      : Resolving eureka endpoints via configuration
2020-01-13 10:10:04.353  INFO [cat-inform,,,] 19252 --- [AsyncResolver-bootstrap-executor-0] c.n.d.s.r.aws.ConfigClusterResolver      : Resolving eureka endpoints via configuration
2020-01-13 10:15:04.356  INFO [cat-inform,,,] 19252 --- [AsyncResolver-bootstrap-executor-0] c.n.d.s.r.aws.ConfigClusterResolver      : Resolving eureka endpoints via configuration
2020-01-13 10:20:04.357  INFO [cat-inform,,,] 19252 --- [AsyncResolver-bootstrap-executor-0] c.n.d.s.r.aws.ConfigClusterResolver      : Resolving eureka endpoints via configuration
2020-01-13 10:25:04.367  INFO [cat-inform,,,] 19252 --- [AsyncResolver-bootstrap-executor-0] c.n.d.s.r.aws.ConfigClusterResolver      : Resolving eureka endpoints via configuration
2020-01-13 10:30:04.368  INFO [cat-inform,,,] 19252 --- [AsyncResolver-bootstrap-executor-0] c.n.d.s.r.aws.ConfigClusterResolver      : Resolving eureka endpoints via configuration
2020-01-13 10:35:04.369  INFO [cat-inform,,,] 19252 --- [AsyncResolver-bootstrap-executor-0] c.n.d.s.r.aws.ConfigClusterResolver      : Resolving eureka endpoints via configuration
2020-01-13 10:40:04.370  INFO [cat-inform,,,] 19252 --- [AsyncResolver-bootstrap-executor-0] c.n.d.s.r.aws.ConfigClusterResolver      : Resolving eureka endpoints via configuration
2020-01-13 10:45:04.373  INFO [cat-inform,,,] 19252 --- [AsyncResolver-bootstrap-executor-0] c.n.d.s.r.aws.ConfigClusterResolver      : Resolving eureka endpoints via configuration
2020-01-13 10:50:04.373  INFO [cat-inform,,,] 19252 --- [AsyncResolver-bootstrap-executor-0] c.n.d.s.r.aws.ConfigClusterResolver      : Resolving eureka endpoints via configuration
2020-01-13 10:55:04.376  INFO [cat-inform,,,] 19252 --- [AsyncResolver-bootstrap-executor-0] c.n.d.s.r.aws.ConfigClusterResolver      : Resolving eureka endpoints via configuration
2020-01-13 11:00:04.377  INFO [cat-inform,,,] 19252 --- [AsyncResolver-bootstrap-executor-0] c.n.d.s.r.aws.ConfigClusterResolver      : Resolving eureka endpoints via configuration
2020-01-13 11:05:04.379  INFO [cat-inform,,,] 19252 --- [AsyncResolver-bootstrap-executor-0] c.n.d.s.r.aws.ConfigClusterResolver      : Resolving eureka endpoints via configuration
2020-01-13 11:10:04.380  INFO [cat-inform,,,] 19252 --- [AsyncResolver-bootstrap-executor-0] c.n.d.s.r.aws.ConfigClusterResolver      : Resolving eureka endpoints via configuration
2020-01-13 11:15:04.381  INFO [cat-inform,,,] 19252 --- [AsyncResolver-bootstrap-executor-0] c.n.d.s.r.aws.ConfigClusterResolver      : Resolving eureka endpoints via configuration
2020-01-13 11:20:04.382  INFO [cat-inform,,,] 19252 --- [AsyncResolver-bootstrap-executor-0] c.n.d.s.r.aws.ConfigClusterResolver      : Resolving eureka endpoints via configuration
2020-01-13 11:25:04.385  INFO [cat-inform,,,] 19252 --- [AsyncResolver-bootstrap-executor-0] c.n.d.s.r.aws.ConfigClusterResolver      : Resolving eureka endpoints via configuration
2020-01-13 11:30:04.387  INFO [cat-inform,,,] 19252 --- [AsyncResolver-bootstrap-executor-0] c.n.d.s.r.aws.ConfigClusterResolver      : Resolving eureka endpoints via configuration
2020-01-13 11:35:04.388  INFO [cat-inform,,,] 19252 --- [AsyncResolver-bootstrap-executor-0] c.n.d.s.r.aws.ConfigClusterResolver      : Resolving eureka endpoints via configuration
2020-01-13 11:40:04.389  INFO [cat-inform,,,] 19252 --- [AsyncResolver-bootstrap-executor-0] c.n.d.s.r.aws.ConfigClusterResolver      : Resolving eureka endpoints via configuration
2020-01-13 11:45:04.391  INFO [cat-inform,,,] 19252 --- [AsyncResolver-bootstrap-executor-0] c.n.d.s.r.aws.ConfigClusterResolver      : Resolving eureka endpoints via configuration
2020-01-13 11:50:04.392  INFO [cat-inform,,,] 19252 --- [AsyncResolver-bootstrap-executor-0] c.n.d.s.r.aws.ConfigClusterResolver      : Resolving eureka endpoints via configuration
2020-01-13 11:55:04.394  INFO [cat-inform,,,] 19252 --- [AsyncResolver-bootstrap-executor-0] c.n.d.s.r.aws.ConfigClusterResolver      : Resolving eureka endpoints via configuration
2020-01-13 12:00:04.396  INFO [cat-inform,,,] 19252 --- [AsyncResolver-bootstrap-executor-0] c.n.d.s.r.aws.ConfigClusterResolver      : Resolving eureka endpoints via configuration
2020-01-13 12:05:04.398  INFO [cat-inform,,,] 19252 --- [AsyncResolver-bootstrap-executor-0] c.n.d.s.r.aws.ConfigClusterResolver      : Resolving eureka endpoints via configuration
2020-01-13 12:10:04.400  INFO [cat-inform,,,] 19252 --- [AsyncResolver-bootstrap-executor-0] c.n.d.s.r.aws.ConfigClusterResolver      : Resolving eureka endpoints via configuration
2020-01-13 12:15:04.402  INFO [cat-inform,,,] 19252 --- [AsyncResolver-bootstrap-executor-0] c.n.d.s.r.aws.ConfigClusterResolver      : Resolving eureka endpoints via configuration
2020-01-13 12:20:04.404  INFO [cat-inform,,,] 19252 --- [AsyncResolver-bootstrap-executor-0] c.n.d.s.r.aws.ConfigClusterResolver      : Resolving eureka endpoints via configuration
2020-01-13 12:25:04.405  INFO [cat-inform,,,] 19252 --- [AsyncResolver-bootstrap-executor-0] c.n.d.s.r.aws.ConfigClusterResolver      : Resolving eureka endpoints via configuration
2020-01-13 12:30:04.408  INFO [cat-inform,,,] 19252 --- [AsyncResolver-bootstrap-executor-0] c.n.d.s.r.aws.ConfigClusterResolver      : Resolving eureka endpoints via configuration
2020-01-13 12:35:04.410  INFO [cat-inform,,,] 19252 --- [AsyncResolver-bootstrap-executor-0] c.n.d.s.r.aws.ConfigClusterResolver      : Resolving eureka endpoints via configuration
2020-01-13 12:40:04.413  INFO [cat-inform,,,] 19252 --- [AsyncResolver-bootstrap-executor-0] c.n.d.s.r.aws.ConfigClusterResolver      : Resolving eureka endpoints via configuration
2020-01-13 12:45:04.414  INFO [cat-inform,,,] 19252 --- [AsyncResolver-bootstrap-executor-0] c.n.d.s.r.aws.ConfigClusterResolver      : Resolving eureka endpoints via configuration
2020-01-13 12:50:04.417  INFO [cat-inform,,,] 19252 --- [AsyncResolver-bootstrap-executor-0] c.n.d.s.r.aws.ConfigClusterResolver      : Resolving eureka endpoints via configuration
2020-01-13 12:55:04.421  INFO [cat-inform,,,] 19252 --- [AsyncResolver-bootstrap-executor-0] c.n.d.s.r.aws.ConfigClusterResolver      : Resolving eureka endpoints via configuration
2020-01-13 13:00:04.423  INFO [cat-inform,,,] 19252 --- [AsyncResolver-bootstrap-executor-0] c.n.d.s.r.aws.ConfigClusterResolver      : Resolving eureka endpoints via configuration
2020-01-13 13:05:04.425  INFO [cat-inform,,,] 19252 --- [AsyncResolver-bootstrap-executor-0] c.n.d.s.r.aws.ConfigClusterResolver      : Resolving eureka endpoints via configuration
2020-01-13 13:10:04.427  INFO [cat-inform,,,] 19252 --- [AsyncResolver-bootstrap-executor-0] c.n.d.s.r.aws.ConfigClusterResolver      : Resolving eureka endpoints via configuration
2020-01-13 13:15:04.429  INFO [cat-inform,,,] 19252 --- [AsyncResolver-bootstrap-executor-0] c.n.d.s.r.aws.ConfigClusterResolver      : Resolving eureka endpoints via configuration
2020-01-13 13:20:04.430  INFO [cat-inform,,,] 19252 --- [AsyncResolver-bootstrap-executor-0] c.n.d.s.r.aws.ConfigClusterResolver      : Resolving eureka endpoints via configuration
2020-01-13 13:25:04.432  INFO [cat-inform,,,] 19252 --- [AsyncResolver-bootstrap-executor-0] c.n.d.s.r.aws.ConfigClusterResolver      : Resolving eureka endpoints via configuration
2020-01-13 13:30:04.433  INFO [cat-inform,,,] 19252 --- [AsyncResolver-bootstrap-executor-0] c.n.d.s.r.aws.ConfigClusterResolver      : Resolving eureka endpoints via configuration
2020-01-13 13:35:04.435  INFO [cat-inform,,,] 19252 --- [AsyncResolver-bootstrap-executor-0] c.n.d.s.r.aws.ConfigClusterResolver      : Resolving eureka endpoints via configuration
2020-01-13 13:40:04.437  INFO [cat-inform,,,] 19252 --- [AsyncResolver-bootstrap-executor-0] c.n.d.s.r.aws.ConfigClusterResolver      : Resolving eureka endpoints via configuration
2020-01-13 13:45:04.439  INFO [cat-inform,,,] 19252 --- [AsyncResolver-bootstrap-executor-0] c.n.d.s.r.aws.ConfigClusterResolver      : Resolving eureka endpoints via configuration
2020-01-13 13:50:04.442  INFO [cat-inform,,,] 19252 --- [AsyncResolver-bootstrap-executor-0] c.n.d.s.r.aws.ConfigClusterResolver      : Resolving eureka endpoints via configuration
2020-01-13 13:55:04.444  INFO [cat-inform,,,] 19252 --- [AsyncResolver-bootstrap-executor-0] c.n.d.s.r.aws.ConfigClusterResolver      : Resolving eureka endpoints via configuration
2020-01-13 14:00:04.445  INFO [cat-inform,,,] 19252 --- [AsyncResolver-bootstrap-executor-0] c.n.d.s.r.aws.ConfigClusterResolver      : Resolving eureka endpoints via configuration
2020-01-13 14:05:04.447  INFO [cat-inform,,,] 19252 --- [AsyncResolver-bootstrap-executor-0] c.n.d.s.r.aws.ConfigClusterResolver      : Resolving eureka endpoints via configuration
2020-01-13 14:10:04.449  INFO [cat-inform,,,] 19252 --- [AsyncResolver-bootstrap-executor-0] c.n.d.s.r.aws.ConfigClusterResolver      : Resolving eureka endpoints via configuration
2020-01-13 14:15:04.450  INFO [cat-inform,,,] 19252 --- [AsyncResolver-bootstrap-executor-0] c.n.d.s.r.aws.ConfigClusterResolver      : Resolving eureka endpoints via configuration
2020-01-13 14:20:04.451  INFO [cat-inform,,,] 19252 --- [AsyncResolver-bootstrap-executor-0] c.n.d.s.r.aws.ConfigClusterResolver      : Resolving eureka endpoints via configuration
2020-01-13 14:25:04.452  INFO [cat-inform,,,] 19252 --- [AsyncResolver-bootstrap-executor-0] c.n.d.s.r.aws.ConfigClusterResolver      : Resolving eureka endpoints via configuration
2020-01-13 14:30:04.454  INFO [cat-inform,,,] 19252 --- [AsyncResolver-bootstrap-executor-0] c.n.d.s.r.aws.ConfigClusterResolver      : Resolving eureka endpoints via configuration
2020-01-13 14:35:04.456  INFO [cat-inform,,,] 19252 --- [AsyncResolver-bootstrap-executor-0] c.n.d.s.r.aws.ConfigClusterResolver      : Resolving eureka endpoints via configuration
2020-01-13 14:40:04.457  INFO [cat-inform,,,] 19252 --- [AsyncResolver-bootstrap-executor-0] c.n.d.s.r.aws.ConfigClusterResolver      : Resolving eureka endpoints via configuration
2020-01-13 14:45:04.458  INFO [cat-inform,,,] 19252 --- [AsyncResolver-bootstrap-executor-0] c.n.d.s.r.aws.ConfigClusterResolver      : Resolving eureka endpoints via configuration
2020-01-13 14:50:04.460  INFO [cat-inform,,,] 19252 --- [AsyncResolver-bootstrap-executor-0] c.n.d.s.r.aws.ConfigClusterResolver      : Resolving eureka endpoints via configuration
2020-01-13 14:55:04.461  INFO [cat-inform,,,] 19252 --- [AsyncResolver-bootstrap-executor-0] c.n.d.s.r.aws.ConfigClusterResolver      : Resolving eureka endpoints via configuration
2020-01-13 15:00:04.464  INFO [cat-inform,,,] 19252 --- [AsyncResolver-bootstrap-executor-0] c.n.d.s.r.aws.ConfigClusterResolver      : Resolving eureka endpoints via configuration
2020-01-13 15:05:04.466  INFO [cat-inform,,,] 19252 --- [AsyncResolver-bootstrap-executor-0] c.n.d.s.r.aws.ConfigClusterResolver      : Resolving eureka endpoints via configuration
2020-01-13 15:10:04.467  INFO [cat-inform,,,] 19252 --- [AsyncResolver-bootstrap-executor-0] c.n.d.s.r.aws.ConfigClusterResolver      : Resolving eureka endpoints via configuration
2020-01-13 15:15:04.469  INFO [cat-inform,,,] 19252 --- [AsyncResolver-bootstrap-executor-0] c.n.d.s.r.aws.ConfigClusterResolver      : Resolving eureka endpoints via configuration
2020-01-13 15:20:04.470  INFO [cat-inform,,,] 19252 --- [AsyncResolver-bootstrap-executor-0] c.n.d.s.r.aws.ConfigClusterResolver      : Resolving eureka endpoints via configuration
2020-01-13 15:25:04.472  INFO [cat-inform,,,] 19252 --- [AsyncResolver-bootstrap-executor-0] c.n.d.s.r.aws.ConfigClusterResolver      : Resolving eureka endpoints via configuration
2020-01-13 15:30:04.473  INFO [cat-inform,,,] 19252 --- [AsyncResolver-bootstrap-executor-0] c.n.d.s.r.aws.ConfigClusterResolver      : Resolving eureka endpoints via configuration
2020-01-13 15:35:04.474  INFO [cat-inform,,,] 19252 --- [AsyncResolver-bootstrap-executor-0] c.n.d.s.r.aws.ConfigClusterResolver      : Resolving eureka endpoints via configuration
2020-01-13 15:40:04.477  INFO [cat-inform,,,] 19252 --- [AsyncResolver-bootstrap-executor-0] c.n.d.s.r.aws.ConfigClusterResolver      : Resolving eureka endpoints via configuration
2020-01-13 15:45:04.480  INFO [cat-inform,,,] 19252 --- [AsyncResolver-bootstrap-executor-0] c.n.d.s.r.aws.ConfigClusterResolver      : Resolving eureka endpoints via configuration
2020-01-13 15:50:04.481  INFO [cat-inform,,,] 19252 --- [AsyncResolver-bootstrap-executor-0] c.n.d.s.r.aws.ConfigClusterResolver      : Resolving eureka endpoints via configuration
2020-01-13 15:55:04.491  INFO [cat-inform,,,] 19252 --- [AsyncResolver-bootstrap-executor-0] c.n.d.s.r.aws.ConfigClusterResolver      : Resolving eureka endpoints via configuration
2020-01-13 16:00:04.493  INFO [cat-inform,,,] 19252 --- [AsyncResolver-bootstrap-executor-0] c.n.d.s.r.aws.ConfigClusterResolver      : Resolving eureka endpoints via configuration
2020-01-13 16:05:04.495  INFO [cat-inform,,,] 19252 --- [AsyncResolver-bootstrap-executor-0] c.n.d.s.r.aws.ConfigClusterResolver      : Resolving eureka endpoints via configuration
2020-01-13 16:10:04.496  INFO [cat-inform,,,] 19252 --- [AsyncResolver-bootstrap-executor-0] c.n.d.s.r.aws.ConfigClusterResolver      : Resolving eureka endpoints via configuration
2020-01-13 16:15:04.498  INFO [cat-inform,,,] 19252 --- [AsyncResolver-bootstrap-executor-0] c.n.d.s.r.aws.ConfigClusterResolver      : Resolving eureka endpoints via configuration
2020-01-13 16:20:04.500  INFO [cat-inform,,,] 19252 --- [AsyncResolver-bootstrap-executor-0] c.n.d.s.r.aws.ConfigClusterResolver      : Resolving eureka endpoints via configuration
2020-01-13 16:25:04.503  INFO [cat-inform,,,] 19252 --- [AsyncResolver-bootstrap-executor-0] c.n.d.s.r.aws.ConfigClusterResolver      : Resolving eureka endpoints via configuration
2020-01-13 16:30:04.505  INFO [cat-inform,,,] 19252 --- [AsyncResolver-bootstrap-executor-0] c.n.d.s.r.aws.ConfigClusterResolver      : Resolving eureka endpoints via configuration
2020-01-13 16:35:04.507  INFO [cat-inform,,,] 19252 --- [AsyncResolver-bootstrap-executor-0] c.n.d.s.r.aws.ConfigClusterResolver      : Resolving eureka endpoints via configuration
2020-01-13 16:40:04.509  INFO [cat-inform,,,] 19252 --- [AsyncResolver-bootstrap-executor-0] c.n.d.s.r.aws.ConfigClusterResolver      : Resolving eureka endpoints via configuration
2020-01-13 16:45:04.510  INFO [cat-inform,,,] 19252 --- [AsyncResolver-bootstrap-executor-0] c.n.d.s.r.aws.ConfigClusterResolver      : Resolving eureka endpoints via configuration
2020-01-13 16:50:04.511  INFO [cat-inform,,,] 19252 --- [AsyncResolver-bootstrap-executor-0] c.n.d.s.r.aws.ConfigClusterResolver      : Resolving eureka endpoints via configuration
2020-01-13 16:55:04.513  INFO [cat-inform,,,] 19252 --- [AsyncResolver-bootstrap-executor-0] c.n.d.s.r.aws.ConfigClusterResolver      : Resolving eureka endpoints via configuration
2020-01-13 17:00:04.515  INFO [cat-inform,,,] 19252 --- [AsyncResolver-bootstrap-executor-0] c.n.d.s.r.aws.ConfigClusterResolver      : Resolving eureka endpoints via configuration
2020-01-13 17:05:04.516  INFO [cat-inform,,,] 19252 --- [AsyncResolver-bootstrap-executor-0] c.n.d.s.r.aws.ConfigClusterResolver      : Resolving eureka endpoints via configuration
2020-01-13 17:10:04.518  INFO [cat-inform,,,] 19252 --- [AsyncResolver-bootstrap-executor-0] c.n.d.s.r.aws.ConfigClusterResolver      : Resolving eureka endpoints via configuration
2020-01-13 17:15:04.518  INFO [cat-inform,,,] 19252 --- [AsyncResolver-bootstrap-executor-0] c.n.d.s.r.aws.ConfigClusterResolver      : Resolving eureka endpoints via configuration
2020-01-13 17:20:04.519  INFO [cat-inform,,,] 19252 --- [AsyncResolver-bootstrap-executor-0] c.n.d.s.r.aws.ConfigClusterResolver      : Resolving eureka endpoints via configuration
2020-01-13 17:23:21.152  INFO [cat-inform,,,] 19252 --- [AsyncReporter{org.springframework.cloud.sleuth.zipkin2.sender.RestTemplateSender@73cda17c}] s.c.a.AnnotationConfigApplicationContext : Refreshing SpringClientFactory-localhost: startup date [Mon Jan 13 17:23:21 CST 2020]; parent: org.springframework.boot.web.servlet.context.AnnotationConfigServletWebServerApplicationContext@2a32fb6
2020-01-13 17:23:21.280  INFO [cat-inform,,,] 19252 --- [AsyncReporter{org.springframework.cloud.sleuth.zipkin2.sender.RestTemplateSender@73cda17c}] f.a.AutowiredAnnotationBeanPostProcessor : JSR-330 'javax.inject.Inject' annotation found and supported for autowiring
2020-01-13 17:23:21.715  INFO [cat-inform,,,] 19252 --- [AsyncReporter{org.springframework.cloud.sleuth.zipkin2.sender.RestTemplateSender@73cda17c}] c.netflix.config.ChainedDynamicProperty  : Flipping property: localhost.ribbon.ActiveConnectionsLimit to use NEXT property: niws.loadbalancer.availabilityFilteringRule.activeConnectionsLimit = 2147483647
2020-01-13 17:23:21.767  INFO [cat-inform,,,] 19252 --- [AsyncReporter{org.springframework.cloud.sleuth.zipkin2.sender.RestTemplateSender@73cda17c}] c.n.u.concurrent.ShutdownEnabledTimer    : Shutdown hook installed for: NFLoadBalancer-PingTimer-localhost
2020-01-13 17:23:21.775  INFO [cat-inform,,,] 19252 --- [AsyncReporter{org.springframework.cloud.sleuth.zipkin2.sender.RestTemplateSender@73cda17c}] c.netflix.loadbalancer.BaseLoadBalancer  : Client: localhost instantiated a LoadBalancer: DynamicServerListLoadBalancer:{NFLoadBalancer:name=localhost,current list of Servers=[],Load balancer stats=Zone stats: {},Server stats: []}ServerList:null
2020-01-13 17:23:21.783  INFO [cat-inform,,,] 19252 --- [AsyncReporter{org.springframework.cloud.sleuth.zipkin2.sender.RestTemplateSender@73cda17c}] c.n.l.DynamicServerListLoadBalancer      : Using serverListUpdater PollingServerListUpdater
2020-01-13 17:23:21.789  INFO [cat-inform,,,] 19252 --- [AsyncReporter{org.springframework.cloud.sleuth.zipkin2.sender.RestTemplateSender@73cda17c}] c.n.l.DynamicServerListLoadBalancer      : DynamicServerListLoadBalancer for client localhost initialized: DynamicServerListLoadBalancer:{NFLoadBalancer:name=localhost,current list of Servers=[],Load balancer stats=Zone stats: {},Server stats: []}ServerList:org.springframework.cloud.netflix.ribbon.eureka.DomainExtractingServerList@b9f11ad
2020-01-13 17:25:04.521  INFO [cat-inform,,,] 19252 --- [AsyncResolver-bootstrap-executor-0] c.n.d.s.r.aws.ConfigClusterResolver      : Resolving eureka endpoints via configuration
2020-01-13 17:30:04.523  INFO [cat-inform,,,] 19252 --- [AsyncResolver-bootstrap-executor-0] c.n.d.s.r.aws.ConfigClusterResolver      : Resolving eureka endpoints via configuration
2020-01-13 17:35:04.524  INFO [cat-inform,,,] 19252 --- [AsyncResolver-bootstrap-executor-0] c.n.d.s.r.aws.ConfigClusterResolver      : Resolving eureka endpoints via configuration
2020-01-13 17:40:04.527  INFO [cat-inform,,,] 19252 --- [AsyncResolver-bootstrap-executor-0] c.n.d.s.r.aws.ConfigClusterResolver      : Resolving eureka endpoints via configuration
2020-01-13 17:45:04.529  INFO [cat-inform,,,] 19252 --- [AsyncResolver-bootstrap-executor-0] c.n.d.s.r.aws.ConfigClusterResolver      : Resolving eureka endpoints via configuration
2020-01-13 17:50:04.532  INFO [cat-inform,,,] 19252 --- [AsyncResolver-bootstrap-executor-0] c.n.d.s.r.aws.ConfigClusterResolver      : Resolving eureka endpoints via configuration
2020-01-13 17:55:04.534  INFO [cat-inform,,,] 19252 --- [AsyncResolver-bootstrap-executor-0] c.n.d.s.r.aws.ConfigClusterResolver      : Resolving eureka endpoints via configuration
2020-01-13 18:00:04.535  INFO [cat-inform,,,] 19252 --- [AsyncResolver-bootstrap-executor-0] c.n.d.s.r.aws.ConfigClusterResolver      : Resolving eureka endpoints via configuration
2020-01-13 18:05:04.536  INFO [cat-inform,,,] 19252 --- [AsyncResolver-bootstrap-executor-0] c.n.d.s.r.aws.ConfigClusterResolver      : Resolving eureka endpoints via configuration
2020-01-13 18:10:04.537  INFO [cat-inform,,,] 19252 --- [AsyncResolver-bootstrap-executor-0] c.n.d.s.r.aws.ConfigClusterResolver      : Resolving eureka endpoints via configuration
2020-01-13 18:15:04.538  INFO [cat-inform,,,] 19252 --- [AsyncResolver-bootstrap-executor-0] c.n.d.s.r.aws.ConfigClusterResolver      : Resolving eureka endpoints via configuration
2020-01-13 18:20:04.540  INFO [cat-inform,,,] 19252 --- [AsyncResolver-bootstrap-executor-0] c.n.d.s.r.aws.ConfigClusterResolver      : Resolving eureka endpoints via configuration
2020-01-13 18:25:04.541  INFO [cat-inform,,,] 19252 --- [AsyncResolver-bootstrap-executor-0] c.n.d.s.r.aws.ConfigClusterResolver      : Resolving eureka endpoints via configuration
2020-01-13 18:30:04.543  INFO [cat-inform,,,] 19252 --- [AsyncResolver-bootstrap-executor-0] c.n.d.s.r.aws.ConfigClusterResolver      : Resolving eureka endpoints via configuration
2020-01-13 18:35:04.543  INFO [cat-inform,,,] 19252 --- [AsyncResolver-bootstrap-executor-0] c.n.d.s.r.aws.ConfigClusterResolver      : Resolving eureka endpoints via configuration
2020-01-13 18:40:04.545  INFO [cat-inform,,,] 19252 --- [AsyncResolver-bootstrap-executor-0] c.n.d.s.r.aws.ConfigClusterResolver      : Resolving eureka endpoints via configuration
2020-01-13 18:45:04.548  INFO [cat-inform,,,] 19252 --- [AsyncResolver-bootstrap-executor-0] c.n.d.s.r.aws.ConfigClusterResolver      : Resolving eureka endpoints via configuration
2020-01-13 18:50:04.549  INFO [cat-inform,,,] 19252 --- [AsyncResolver-bootstrap-executor-0] c.n.d.s.r.aws.ConfigClusterResolver      : Resolving eureka endpoints via configuration
2020-01-13 18:55:04.551  INFO [cat-inform,,,] 19252 --- [AsyncResolver-bootstrap-executor-0] c.n.d.s.r.aws.ConfigClusterResolver      : Resolving eureka endpoints via configuration
2020-01-13 19:00:04.552  INFO [cat-inform,,,] 19252 --- [AsyncResolver-bootstrap-executor-0] c.n.d.s.r.aws.ConfigClusterResolver      : Resolving eureka endpoints via configuration
2020-01-13 19:05:04.554  INFO [cat-inform,,,] 19252 --- [AsyncResolver-bootstrap-executor-0] c.n.d.s.r.aws.ConfigClusterResolver      : Resolving eureka endpoints via configuration
2020-01-13 19:10:04.555  INFO [cat-inform,,,] 19252 --- [AsyncResolver-bootstrap-executor-0] c.n.d.s.r.aws.ConfigClusterResolver      : Resolving eureka endpoints via configuration
2020-01-13 19:15:04.557  INFO [cat-inform,,,] 19252 --- [AsyncResolver-bootstrap-executor-0] c.n.d.s.r.aws.ConfigClusterResolver      : Resolving eureka endpoints via configuration
2020-01-13 19:20:04.559  INFO [cat-inform,,,] 19252 --- [AsyncResolver-bootstrap-executor-0] c.n.d.s.r.aws.ConfigClusterResolver      : Resolving eureka endpoints via configuration
2020-01-13 19:25:04.559  INFO [cat-inform,,,] 19252 --- [AsyncResolver-bootstrap-executor-0] c.n.d.s.r.aws.ConfigClusterResolver      : Resolving eureka endpoints via configuration
2020-01-13 19:30:04.562  INFO [cat-inform,,,] 19252 --- [AsyncResolver-bootstrap-executor-0] c.n.d.s.r.aws.ConfigClusterResolver      : Resolving eureka endpoints via configuration
2020-01-13 19:35:04.563  INFO [cat-inform,,,] 19252 --- [AsyncResolver-bootstrap-executor-0] c.n.d.s.r.aws.ConfigClusterResolver      : Resolving eureka endpoints via configuration
2020-01-13 19:40:04.564  INFO [cat-inform,,,] 19252 --- [AsyncResolver-bootstrap-executor-0] c.n.d.s.r.aws.ConfigClusterResolver      : Resolving eureka endpoints via configuration
2020-01-13 19:45:04.564  INFO [cat-inform,,,] 19252 --- [AsyncResolver-bootstrap-executor-0] c.n.d.s.r.aws.ConfigClusterResolver      : Resolving eureka endpoints via configuration
2020-01-13 19:50:04.566  INFO [cat-inform,,,] 19252 --- [AsyncResolver-bootstrap-executor-0] c.n.d.s.r.aws.ConfigClusterResolver      : Resolving eureka endpoints via configuration
2020-01-13 19:55:04.567  INFO [cat-inform,,,] 19252 --- [AsyncResolver-bootstrap-executor-0] c.n.d.s.r.aws.ConfigClusterResolver      : Resolving eureka endpoints via configuration
2020-01-13 20:00:04.570  INFO [cat-inform,,,] 19252 --- [AsyncResolver-bootstrap-executor-0] c.n.d.s.r.aws.ConfigClusterResolver      : Resolving eureka endpoints via configuration
2020-01-13 20:05:04.571  INFO [cat-inform,,,] 19252 --- [AsyncResolver-bootstrap-executor-0] c.n.d.s.r.aws.ConfigClusterResolver      : Resolving eureka endpoints via configuration
2020-01-13 20:10:04.573  INFO [cat-inform,,,] 19252 --- [AsyncResolver-bootstrap-executor-0] c.n.d.s.r.aws.ConfigClusterResolver      : Resolving eureka endpoints via configuration
2020-01-13 20:15:04.574  INFO [cat-inform,,,] 19252 --- [AsyncResolver-bootstrap-executor-0] c.n.d.s.r.aws.ConfigClusterResolver      : Resolving eureka endpoints via configuration
2020-01-13 20:20:04.576  INFO [cat-inform,,,] 19252 --- [AsyncResolver-bootstrap-executor-0] c.n.d.s.r.aws.ConfigClusterResolver      : Resolving eureka endpoints via configuration
2020-01-13 20:25:04.578  INFO [cat-inform,,,] 19252 --- [AsyncResolver-bootstrap-executor-0] c.n.d.s.r.aws.ConfigClusterResolver      : Resolving eureka endpoints via configuration
2020-01-13 20:30:04.578  INFO [cat-inform,,,] 19252 --- [AsyncResolver-bootstrap-executor-0] c.n.d.s.r.aws.ConfigClusterResolver      : Resolving eureka endpoints via configuration
2020-01-13 20:35:04.580  INFO [cat-inform,,,] 19252 --- [AsyncResolver-bootstrap-executor-0] c.n.d.s.r.aws.ConfigClusterResolver      : Resolving eureka endpoints via configuration
2020-01-13 20:40:04.581  INFO [cat-inform,,,] 19252 --- [AsyncResolver-bootstrap-executor-0] c.n.d.s.r.aws.ConfigClusterResolver      : Resolving eureka endpoints via configuration
2020-01-13 20:45:04.582  INFO [cat-inform,,,] 19252 --- [AsyncResolver-bootstrap-executor-0] c.n.d.s.r.aws.ConfigClusterResolver      : Resolving eureka endpoints via configuration
2020-01-13 20:50:04.584  INFO [cat-inform,,,] 19252 --- [AsyncResolver-bootstrap-executor-0] c.n.d.s.r.aws.ConfigClusterResolver      : Resolving eureka endpoints via configuration
2020-01-13 20:55:04.585  INFO [cat-inform,,,] 19252 --- [AsyncResolver-bootstrap-executor-0] c.n.d.s.r.aws.ConfigClusterResolver      : Resolving eureka endpoints via configuration
2020-01-13 21:00:04.587  INFO [cat-inform,,,] 19252 --- [AsyncResolver-bootstrap-executor-0] c.n.d.s.r.aws.ConfigClusterResolver      : Resolving eureka endpoints via configuration
2020-01-13 21:05:04.588  INFO [cat-inform,,,] 19252 --- [AsyncResolver-bootstrap-executor-0] c.n.d.s.r.aws.ConfigClusterResolver      : Resolving eureka endpoints via configuration
2020-01-13 21:10:04.588  INFO [cat-inform,,,] 19252 --- [AsyncResolver-bootstrap-executor-0] c.n.d.s.r.aws.ConfigClusterResolver      : Resolving eureka endpoints via configuration
2020-01-13 21:15:04.589  INFO [cat-inform,,,] 19252 --- [AsyncResolver-bootstrap-executor-0] c.n.d.s.r.aws.ConfigClusterResolver      : Resolving eureka endpoints via configuration
2020-01-13 21:20:04.591  INFO [cat-inform,,,] 19252 --- [AsyncResolver-bootstrap-executor-0] c.n.d.s.r.aws.ConfigClusterResolver      : Resolving eureka endpoints via configuration
2020-01-13 21:25:04.593  INFO [cat-inform,,,] 19252 --- [AsyncResolver-bootstrap-executor-0] c.n.d.s.r.aws.ConfigClusterResolver      : Resolving eureka endpoints via configuration
2020-01-13 21:30:04.594  INFO [cat-inform,,,] 19252 --- [AsyncResolver-bootstrap-executor-0] c.n.d.s.r.aws.ConfigClusterResolver      : Resolving eureka endpoints via configuration
2020-01-13 21:35:04.596  INFO [cat-inform,,,] 19252 --- [AsyncResolver-bootstrap-executor-0] c.n.d.s.r.aws.ConfigClusterResolver      : Resolving eureka endpoints via configuration
2020-01-13 21:40:04.597  INFO [cat-inform,,,] 19252 --- [AsyncResolver-bootstrap-executor-0] c.n.d.s.r.aws.ConfigClusterResolver      : Resolving eureka endpoints via configuration
2020-01-13 21:45:04.599  INFO [cat-inform,,,] 19252 --- [AsyncResolver-bootstrap-executor-0] c.n.d.s.r.aws.ConfigClusterResolver      : Resolving eureka endpoints via configuration
2020-01-13 21:50:04.600  INFO [cat-inform,,,] 19252 --- [AsyncResolver-bootstrap-executor-0] c.n.d.s.r.aws.ConfigClusterResolver      : Resolving eureka endpoints via configuration
2020-01-13 21:55:04.602  INFO [cat-inform,,,] 19252 --- [AsyncResolver-bootstrap-executor-0] c.n.d.s.r.aws.ConfigClusterResolver      : Resolving eureka endpoints via configuration
2020-01-13 22:00:04.604  INFO [cat-inform,,,] 19252 --- [AsyncResolver-bootstrap-executor-0] c.n.d.s.r.aws.ConfigClusterResolver      : Resolving eureka endpoints via configuration
2020-01-13 22:05:04.606  INFO [cat-inform,,,] 19252 --- [AsyncResolver-bootstrap-executor-0] c.n.d.s.r.aws.ConfigClusterResolver      : Resolving eureka endpoints via configuration
2020-01-13 22:10:04.608  INFO [cat-inform,,,] 19252 --- [AsyncResolver-bootstrap-executor-0] c.n.d.s.r.aws.ConfigClusterResolver      : Resolving eureka endpoints via configuration
2020-01-13 22:15:04.610  INFO [cat-inform,,,] 19252 --- [AsyncResolver-bootstrap-executor-0] c.n.d.s.r.aws.ConfigClusterResolver      : Resolving eureka endpoints via configuration
2020-01-13 22:20:04.611  INFO [cat-inform,,,] 19252 --- [AsyncResolver-bootstrap-executor-0] c.n.d.s.r.aws.ConfigClusterResolver      : Resolving eureka endpoints via configuration
2020-01-13 22:25:04.613  INFO [cat-inform,,,] 19252 --- [AsyncResolver-bootstrap-executor-0] c.n.d.s.r.aws.ConfigClusterResolver      : Resolving eureka endpoints via configuration
2020-01-13 22:30:04.614  INFO [cat-inform,,,] 19252 --- [AsyncResolver-bootstrap-executor-0] c.n.d.s.r.aws.ConfigClusterResolver      : Resolving eureka endpoints via configuration
2020-01-13 22:35:04.616  INFO [cat-inform,,,] 19252 --- [AsyncResolver-bootstrap-executor-0] c.n.d.s.r.aws.ConfigClusterResolver      : Resolving eureka endpoints via configuration
2020-01-13 22:40:04.617  INFO [cat-inform,,,] 19252 --- [AsyncResolver-bootstrap-executor-0] c.n.d.s.r.aws.ConfigClusterResolver      : Resolving eureka endpoints via configuration
2020-01-13 22:45:04.619  INFO [cat-inform,,,] 19252 --- [AsyncResolver-bootstrap-executor-0] c.n.d.s.r.aws.ConfigClusterResolver      : Resolving eureka endpoints via configuration
2020-01-13 22:50:04.621  INFO [cat-inform,,,] 19252 --- [AsyncResolver-bootstrap-executor-0] c.n.d.s.r.aws.ConfigClusterResolver      : Resolving eureka endpoints via configuration
2020-01-13 22:55:04.622  INFO [cat-inform,,,] 19252 --- [AsyncResolver-bootstrap-executor-0] c.n.d.s.r.aws.ConfigClusterResolver      : Resolving eureka endpoints via configuration
2020-01-13 23:00:04.624  INFO [cat-inform,,,] 19252 --- [AsyncResolver-bootstrap-executor-0] c.n.d.s.r.aws.ConfigClusterResolver      : Resolving eureka endpoints via configuration
2020-01-13 23:05:04.626  INFO [cat-inform,,,] 19252 --- [AsyncResolver-bootstrap-executor-0] c.n.d.s.r.aws.ConfigClusterResolver      : Resolving eureka endpoints via configuration
2020-01-13 23:10:04.627  INFO [cat-inform,,,] 19252 --- [AsyncResolver-bootstrap-executor-0] c.n.d.s.r.aws.ConfigClusterResolver      : Resolving eureka endpoints via configuration
2020-01-13 23:15:04.628  INFO [cat-inform,,,] 19252 --- [AsyncResolver-bootstrap-executor-0] c.n.d.s.r.aws.ConfigClusterResolver      : Resolving eureka endpoints via configuration
