2019-12-17 09:43:18.406  INFO [cat-log,,,] 10248 --- [main] c.x.zly_xyx.cat_log.CatLogApplicatiom    : The following profiles are active: dev
2019-12-17 09:43:18.422  INFO [cat-log,,,] 10248 --- [main] ConfigServletWebServerApplicationContext : Refreshing org.springframework.boot.web.servlet.context.AnnotationConfigServletWebServerApplicationContext@70211e49: startup date [Tue Dec 17 09:43:18 CST 2019]; parent: org.springframework.context.annotation.AnnotationConfigApplicationContext@79da8dc5
2019-12-17 09:43:19.710  WARN [cat-log,,,] 10248 --- [main] o.m.s.mapper.ClassPathMapperScanner      : Skipping MapperFactoryBean with name 'logDao' and 'com.xinlang.zly_xyx.cat_log.dao.LogDao' mapperInterface. Bean already defined with the same name!
2019-12-17 09:43:19.710  WARN [cat-log,,,] 10248 --- [main] o.m.s.mapper.ClassPathMapperScanner      : No MyBatis mapper was found in '[com.xinlang.zly_xyx.cat_log]' package. Please check your configuration.
2019-12-17 09:43:20.060  INFO [cat-log,,,] 10248 --- [main] o.s.b.f.s.DefaultListableBeanFactory     : Overriding bean definition for bean 'dataSource' with a different definition: replacing [Root bean: class [null]; scope=refresh; abstract=false; lazyInit=false; autowireMode=3; dependencyCheck=0; autowireCandidate=false; primary=false; factoryBeanName=org.springframework.boot.autoconfigure.jdbc.DataSourceConfiguration$Hikari; factoryMethodName=dataSource; initMethodName=null; destroyMethodName=(inferred); defined in class path resource [org/springframework/boot/autoconfigure/jdbc/DataSourceConfiguration$Hikari.class]] with [Root bean: class [org.springframework.aop.scope.ScopedProxyFactoryBean]; scope=; abstract=false; lazyInit=false; autowireMode=0; dependencyCheck=0; autowireCandidate=true; primary=false; factoryBeanName=null; factoryMethodName=null; initMethodName=null; destroyMethodName=null; defined in BeanDefinition defined in class path resource [org/springframework/boot/autoconfigure/jdbc/DataSourceConfiguration$Hikari.class]]
2019-12-17 09:43:20.206  INFO [cat-log,,,] 10248 --- [main] o.s.cloud.context.scope.GenericScope     : BeanFactory id=c683054c-e2d6-3deb-95ec-6e937377914f
2019-12-17 09:43:20.226  INFO [cat-log,,,] 10248 --- [main] f.a.AutowiredAnnotationBeanPostProcessor : JSR-330 'javax.inject.Inject' annotation found and supported for autowiring
2019-12-17 09:43:20.285  INFO [cat-log,,,] 10248 --- [main] trationDelegate$BeanPostProcessorChecker : Bean 'org.springframework.amqp.rabbit.annotation.RabbitBootstrapConfiguration' of type [org.springframework.amqp.rabbit.annotation.RabbitBootstrapConfiguration$$EnhancerBySpringCGLIB$$8b05e690] is not eligible for getting processed by all BeanPostProcessors (for example: not eligible for auto-proxying)
2019-12-17 09:43:20.435  INFO [cat-log,,,] 10248 --- [main] trationDelegate$BeanPostProcessorChecker : Bean 'org.springframework.transaction.annotation.ProxyTransactionManagementConfiguration' of type [org.springframework.transaction.annotation.ProxyTransactionManagementConfiguration$$EnhancerBySpringCGLIB$$c49a2862] is not eligible for getting processed by all BeanPostProcessors (for example: not eligible for auto-proxying)
2019-12-17 09:43:20.489  INFO [cat-log,,,] 10248 --- [main] trationDelegate$BeanPostProcessorChecker : Bean 'org.springframework.security.config.annotation.configuration.ObjectPostProcessorConfiguration' of type [org.springframework.security.config.annotation.configuration.ObjectPostProcessorConfiguration$$EnhancerBySpringCGLIB$$5d47f09c] is not eligible for getting processed by all BeanPostProcessors (for example: not eligible for auto-proxying)
2019-12-17 09:43:20.499  INFO [cat-log,,,] 10248 --- [main] trationDelegate$BeanPostProcessorChecker : Bean 'objectPostProcessor' of type [org.springframework.security.config.annotation.configuration.AutowireBeanFactoryObjectPostProcessor] is not eligible for getting processed by all BeanPostProcessors (for example: not eligible for auto-proxying)
2019-12-17 09:43:20.505  INFO [cat-log,,,] 10248 --- [main] trationDelegate$BeanPostProcessorChecker : Bean 'org.springframework.security.access.expression.method.DefaultMethodSecurityExpressionHandler@2987d0fa' of type [org.springframework.security.oauth2.provider.expression.OAuth2MethodSecurityExpressionHandler] is not eligible for getting processed by all BeanPostProcessors (for example: not eligible for auto-proxying)
2019-12-17 09:43:20.510  INFO [cat-log,,,] 10248 --- [main] trationDelegate$BeanPostProcessorChecker : Bean 'org.springframework.security.config.annotation.method.configuration.GlobalMethodSecurityConfiguration' of type [org.springframework.security.config.annotation.method.configuration.GlobalMethodSecurityConfiguration$$EnhancerBySpringCGLIB$$821c934e] is not eligible for getting processed by all BeanPostProcessors (for example: not eligible for auto-proxying)
2019-12-17 09:43:20.524  INFO [cat-log,,,] 10248 --- [main] trationDelegate$BeanPostProcessorChecker : Bean 'methodSecurityMetadataSource' of type [org.springframework.security.access.method.DelegatingMethodSecurityMetadataSource] is not eligible for getting processed by all BeanPostProcessors (for example: not eligible for auto-proxying)
2019-12-17 09:43:20.549  INFO [cat-log,,,] 10248 --- [main] trationDelegate$BeanPostProcessorChecker : Bean 'org.springframework.cloud.autoconfigure.ConfigurationPropertiesRebinderAutoConfiguration' of type [org.springframework.cloud.autoconfigure.ConfigurationPropertiesRebinderAutoConfiguration$$EnhancerBySpringCGLIB$$e0b42b5f] is not eligible for getting processed by all BeanPostProcessors (for example: not eligible for auto-proxying)
2019-12-17 09:43:20.563  INFO [cat-log,,,] 10248 --- [main] trationDelegate$BeanPostProcessorChecker : Bean 'org.springframework.cloud.sleuth.instrument.web.client.TraceWebClientAutoConfiguration$TraceOAuthConfiguration' of type [org.springframework.cloud.sleuth.instrument.web.client.TraceWebClientAutoConfiguration$TraceOAuthConfiguration$$EnhancerBySpringCGLIB$$996bac1] is not eligible for getting processed by all BeanPostProcessors (for example: not eligible for auto-proxying)
2019-12-17 09:43:20.992  INFO [cat-log,,,] 10248 --- [main] o.s.b.w.embedded.tomcat.TomcatWebServer  : Tomcat initialized with port(s): 8831 (http)
2019-12-17 09:43:21.011  INFO [cat-log,,,] 10248 --- [main] o.apache.catalina.core.StandardService   : Starting service [Tomcat]
2019-12-17 09:43:21.012  INFO [cat-log,,,] 10248 --- [main] org.apache.catalina.core.StandardEngine  : Starting Servlet Engine: Apache Tomcat/8.5.32
2019-12-17 09:43:21.014  INFO [cat-log,,,] 10248 --- [localhost-startStop-1] o.a.catalina.core.AprLifecycleListener   : The APR based Apache Tomcat Native library which allows optimal performance in production environments was not found on the java.library.path: [F:\java\jdk1.8.0_144\bin;C:\Windows\Sun\Java\bin;C:\Windows\system32;C:\Windows;C:\Windows\system32;C:\Windows;C:\Windows\System32\Wbem;C:\Windows\System32\WindowsPowerShell\v1.0\;C:\Windows\System32\OpenSSH\;F:\java\jdk1.8.0_144\bin;C:\Program Files\MySQL\MySQL Server 5.5\bin;F:\node\;F:\erlang\erl10.2\bin;F:\git\Git\cmd;C:\Users\pc\AppData\Local\Microsoft\WindowsApps;C:\Users\pc\AppData\Local\GitHubDesktop\bin;C:\Users\pc\AppData\Roaming\npm;C:\Program Files (x86)\Cesoft\Excel Server 2019;C:\Program Files\dotnet\;F:\java\apache-maven-3.5.0\bin\;C:\Users\pc\AppData\Local\Microsoft\WindowsApps;C:\Users\pc\AppData\Local\GitHubDesktop\bin;C:\Users\pc\AppData\Roaming\npm;.]
2019-12-17 09:43:21.246  INFO [cat-log,,,] 10248 --- [localhost-startStop-1] o.a.c.c.C.[Tomcat].[localhost].[/]       : Initializing Spring embedded WebApplicationContext
2019-12-17 09:43:21.247  INFO [cat-log,,,] 10248 --- [localhost-startStop-1] o.s.web.context.ContextLoader            : Root WebApplicationContext: initialization completed in 2825 ms
2019-12-17 09:43:21.464  WARN [cat-log,,,] 10248 --- [localhost-startStop-1] c.n.c.sources.URLConfigurationSource     : No URLs will be polled as dynamic configuration sources.
2019-12-17 09:43:21.464  INFO [cat-log,,,] 10248 --- [localhost-startStop-1] c.n.c.sources.URLConfigurationSource     : To enable URLs as dynamic configuration sources, define System property archaius.configurationSource.additionalUrls or make config.properties available on classpath.
2019-12-17 09:43:21.470  INFO [cat-log,,,] 10248 --- [localhost-startStop-1] c.netflix.config.DynamicPropertyFactory  : DynamicPropertyFactory is initialized with configuration sources: com.netflix.config.ConcurrentCompositeConfiguration@54f860e6
2019-12-17 09:43:23.186  INFO [cat-log,,,] 10248 --- [localhost-startStop-1] o.s.b.w.servlet.FilterRegistrationBean   : Mapping filter: 'characterEncodingFilter' to: [/*]
2019-12-17 09:43:23.186  INFO [cat-log,,,] 10248 --- [localhost-startStop-1] o.s.b.w.servlet.FilterRegistrationBean   : Mapping filter: 'webMvcMetricsFilter' to: [/*]
2019-12-17 09:43:23.186  INFO [cat-log,,,] 10248 --- [localhost-startStop-1] o.s.b.w.servlet.FilterRegistrationBean   : Mapping filter: 'tracingFilter' to: [/*]
2019-12-17 09:43:23.186  INFO [cat-log,,,] 10248 --- [localhost-startStop-1] o.s.b.w.servlet.FilterRegistrationBean   : Mapping filter: 'exceptionLoggingFilter' to: [/*]
2019-12-17 09:43:23.187  INFO [cat-log,,,] 10248 --- [localhost-startStop-1] o.s.b.w.servlet.FilterRegistrationBean   : Mapping filter: 'hiddenHttpMethodFilter' to: [/*]
2019-12-17 09:43:23.187  INFO [cat-log,,,] 10248 --- [localhost-startStop-1] o.s.b.w.servlet.FilterRegistrationBean   : Mapping filter: 'httpPutFormContentFilter' to: [/*]
2019-12-17 09:43:23.187  INFO [cat-log,,,] 10248 --- [localhost-startStop-1] o.s.b.w.servlet.FilterRegistrationBean   : Mapping filter: 'requestContextFilter' to: [/*]
2019-12-17 09:43:23.187  INFO [cat-log,,,] 10248 --- [localhost-startStop-1] .s.DelegatingFilterProxyRegistrationBean : Mapping filter: 'springSecurityFilterChain' to: [/*]
2019-12-17 09:43:23.187  INFO [cat-log,,,] 10248 --- [localhost-startStop-1] o.s.b.w.servlet.FilterRegistrationBean   : Mapping filter: 'httpTraceFilter' to: [/*]
2019-12-17 09:43:23.188  INFO [cat-log,,,] 10248 --- [localhost-startStop-1] o.s.b.w.servlet.ServletRegistrationBean  : Servlet dispatcherServlet mapped to [/]
2019-12-17 09:43:23.961  INFO [cat-log,,,] 10248 --- [main] s.w.s.m.m.a.RequestMappingHandlerMapping : Mapped "{[/logs-anon/internal],methods=[POST]}" onto public void com.xinlang.zly_xyx.cat_log.controller.LogController.save(com.xinlang.zly_xyx.log.Log)
2019-12-17 09:43:23.961  INFO [cat-log,,,] 10248 --- [main] s.w.s.m.m.a.RequestMappingHandlerMapping : Mapped "{[/logs],methods=[GET]}" onto public com.xinlang.zly_xyx.common.Page<com.xinlang.zly_xyx.log.Log> com.xinlang.zly_xyx.cat_log.controller.LogController.findLogs(java.util.Map<java.lang.String, java.lang.Object>)
2019-12-17 09:43:23.964  INFO [cat-log,,,] 10248 --- [main] s.w.s.m.m.a.RequestMappingHandlerMapping : Mapped "{[/swagger-resources/configuration/security]}" onto public org.springframework.http.ResponseEntity<springfox.documentation.swagger.web.SecurityConfiguration> springfox.documentation.swagger.web.ApiResourceController.securityConfiguration()
2019-12-17 09:43:23.964  INFO [cat-log,,,] 10248 --- [main] s.w.s.m.m.a.RequestMappingHandlerMapping : Mapped "{[/swagger-resources/configuration/ui]}" onto public org.springframework.http.ResponseEntity<springfox.documentation.swagger.web.UiConfiguration> springfox.documentation.swagger.web.ApiResourceController.uiConfiguration()
2019-12-17 09:43:23.965  INFO [cat-log,,,] 10248 --- [main] s.w.s.m.m.a.RequestMappingHandlerMapping : Mapped "{[/swagger-resources]}" onto public org.springframework.http.ResponseEntity<java.util.List<springfox.documentation.swagger.web.SwaggerResource>> springfox.documentation.swagger.web.ApiResourceController.swaggerResources()
2019-12-17 09:43:23.967  INFO [cat-log,,,] 10248 --- [main] s.w.s.m.m.a.RequestMappingHandlerMapping : Mapped "{[/error]}" onto public org.springframework.http.ResponseEntity<java.util.Map<java.lang.String, java.lang.Object>> org.springframework.boot.autoconfigure.web.servlet.error.BasicErrorController.error(javax.servlet.http.HttpServletRequest)
2019-12-17 09:43:23.967  INFO [cat-log,,,] 10248 --- [main] s.w.s.m.m.a.RequestMappingHandlerMapping : Mapped "{[/error],produces=[text/html]}" onto public org.springframework.web.servlet.ModelAndView org.springframework.boot.autoconfigure.web.servlet.error.BasicErrorController.errorHtml(javax.servlet.http.HttpServletRequest,javax.servlet.http.HttpServletResponse)
2019-12-17 09:43:24.102  INFO [cat-log,,,] 10248 --- [main] o.s.b.a.e.web.EndpointLinksResolver      : Exposing 19 endpoint(s) beneath base path '/actuator'
2019-12-17 09:43:24.114  INFO [cat-log,,,] 10248 --- [main] s.b.a.e.w.s.WebMvcEndpointHandlerMapping : Mapped "{[/actuator/archaius],methods=[GET],produces=[application/vnd.spring-boot.actuator.v2+json || application/json]}" onto public java.lang.Object org.springframework.boot.actuate.endpoint.web.servlet.AbstractWebMvcEndpointHandlerMapping$OperationHandler.handle(javax.servlet.http.HttpServletRequest,java.util.Map<java.lang.String, java.lang.String>)
2019-12-17 09:43:24.115  INFO [cat-log,,,] 10248 --- [main] s.b.a.e.w.s.WebMvcEndpointHandlerMapping : Mapped "{[/actuator/auditevents],methods=[GET],produces=[application/vnd.spring-boot.actuator.v2+json || application/json]}" onto public java.lang.Object org.springframework.boot.actuate.endpoint.web.servlet.AbstractWebMvcEndpointHandlerMapping$OperationHandler.handle(javax.servlet.http.HttpServletRequest,java.util.Map<java.lang.String, java.lang.String>)
2019-12-17 09:43:24.116  INFO [cat-log,,,] 10248 --- [main] s.b.a.e.w.s.WebMvcEndpointHandlerMapping : Mapped "{[/actuator/beans],methods=[GET],produces=[application/vnd.spring-boot.actuator.v2+json || application/json]}" onto public java.lang.Object org.springframework.boot.actuate.endpoint.web.servlet.AbstractWebMvcEndpointHandlerMapping$OperationHandler.handle(javax.servlet.http.HttpServletRequest,java.util.Map<java.lang.String, java.lang.String>)
2019-12-17 09:43:24.116  INFO [cat-log,,,] 10248 --- [main] s.b.a.e.w.s.WebMvcEndpointHandlerMapping : Mapped "{[/actuator/health],methods=[GET],produces=[application/vnd.spring-boot.actuator.v2+json || application/json]}" onto public java.lang.Object org.springframework.boot.actuate.endpoint.web.servlet.AbstractWebMvcEndpointHandlerMapping$OperationHandler.handle(javax.servlet.http.HttpServletRequest,java.util.Map<java.lang.String, java.lang.String>)
2019-12-17 09:43:24.116  INFO [cat-log,,,] 10248 --- [main] s.b.a.e.w.s.WebMvcEndpointHandlerMapping : Mapped "{[/actuator/conditions],methods=[GET],produces=[application/vnd.spring-boot.actuator.v2+json || application/json]}" onto public java.lang.Object org.springframework.boot.actuate.endpoint.web.servlet.AbstractWebMvcEndpointHandlerMapping$OperationHandler.handle(javax.servlet.http.HttpServletRequest,java.util.Map<java.lang.String, java.lang.String>)
2019-12-17 09:43:24.116  INFO [cat-log,,,] 10248 --- [main] s.b.a.e.w.s.WebMvcEndpointHandlerMapping : Mapped "{[/actuator/configprops],methods=[GET],produces=[application/vnd.spring-boot.actuator.v2+json || application/json]}" onto public java.lang.Object org.springframework.boot.actuate.endpoint.web.servlet.AbstractWebMvcEndpointHandlerMapping$OperationHandler.handle(javax.servlet.http.HttpServletRequest,java.util.Map<java.lang.String, java.lang.String>)
2019-12-17 09:43:24.117  INFO [cat-log,,,] 10248 --- [main] s.b.a.e.w.s.WebMvcEndpointHandlerMapping : Mapped "{[/actuator/env],methods=[GET],produces=[application/vnd.spring-boot.actuator.v2+json || application/json]}" onto public java.lang.Object org.springframework.boot.actuate.endpoint.web.servlet.AbstractWebMvcEndpointHandlerMapping$OperationHandler.handle(javax.servlet.http.HttpServletRequest,java.util.Map<java.lang.String, java.lang.String>)
2019-12-17 09:43:24.117  INFO [cat-log,,,] 10248 --- [main] s.b.a.e.w.s.WebMvcEndpointHandlerMapping : Mapped "{[/actuator/env/{toMatch}],methods=[GET],produces=[application/vnd.spring-boot.actuator.v2+json || application/json]}" onto public java.lang.Object org.springframework.boot.actuate.endpoint.web.servlet.AbstractWebMvcEndpointHandlerMapping$OperationHandler.handle(javax.servlet.http.HttpServletRequest,java.util.Map<java.lang.String, java.lang.String>)
2019-12-17 09:43:24.118  INFO [cat-log,,,] 10248 --- [main] s.b.a.e.w.s.WebMvcEndpointHandlerMapping : Mapped "{[/actuator/env],methods=[POST],consumes=[application/vnd.spring-boot.actuator.v2+json || application/json],produces=[application/vnd.spring-boot.actuator.v2+json || application/json]}" onto public java.lang.Object org.springframework.boot.actuate.endpoint.web.servlet.AbstractWebMvcEndpointHandlerMapping$OperationHandler.handle(javax.servlet.http.HttpServletRequest,java.util.Map<java.lang.String, java.lang.String>)
2019-12-17 09:43:24.118  INFO [cat-log,,,] 10248 --- [main] s.b.a.e.w.s.WebMvcEndpointHandlerMapping : Mapped "{[/actuator/env],methods=[DELETE],produces=[application/vnd.spring-boot.actuator.v2+json || application/json]}" onto public java.lang.Object org.springframework.boot.actuate.endpoint.web.servlet.AbstractWebMvcEndpointHandlerMapping$OperationHandler.handle(javax.servlet.http.HttpServletRequest,java.util.Map<java.lang.String, java.lang.String>)
2019-12-17 09:43:24.118  INFO [cat-log,,,] 10248 --- [main] s.b.a.e.w.s.WebMvcEndpointHandlerMapping : Mapped "{[/actuator/info],methods=[GET],produces=[application/vnd.spring-boot.actuator.v2+json || application/json]}" onto public java.lang.Object org.springframework.boot.actuate.endpoint.web.servlet.AbstractWebMvcEndpointHandlerMapping$OperationHandler.handle(javax.servlet.http.HttpServletRequest,java.util.Map<java.lang.String, java.lang.String>)
2019-12-17 09:43:24.118  INFO [cat-log,,,] 10248 --- [main] s.b.a.e.w.s.WebMvcEndpointHandlerMapping : Mapped "{[/actuator/logfile],methods=[GET],produces=[application/octet-stream]}" onto public java.lang.Object org.springframework.boot.actuate.endpoint.web.servlet.AbstractWebMvcEndpointHandlerMapping$OperationHandler.handle(javax.servlet.http.HttpServletRequest,java.util.Map<java.lang.String, java.lang.String>)
2019-12-17 09:43:24.118  INFO [cat-log,,,] 10248 --- [main] s.b.a.e.w.s.WebMvcEndpointHandlerMapping : Mapped "{[/actuator/loggers],methods=[GET],produces=[application/vnd.spring-boot.actuator.v2+json || application/json]}" onto public java.lang.Object org.springframework.boot.actuate.endpoint.web.servlet.AbstractWebMvcEndpointHandlerMapping$OperationHandler.handle(javax.servlet.http.HttpServletRequest,java.util.Map<java.lang.String, java.lang.String>)
2019-12-17 09:43:24.119  INFO [cat-log,,,] 10248 --- [main] s.b.a.e.w.s.WebMvcEndpointHandlerMapping : Mapped "{[/actuator/loggers/{name}],methods=[GET],produces=[application/vnd.spring-boot.actuator.v2+json || application/json]}" onto public java.lang.Object org.springframework.boot.actuate.endpoint.web.servlet.AbstractWebMvcEndpointHandlerMapping$OperationHandler.handle(javax.servlet.http.HttpServletRequest,java.util.Map<java.lang.String, java.lang.String>)
2019-12-17 09:43:24.119  INFO [cat-log,,,] 10248 --- [main] s.b.a.e.w.s.WebMvcEndpointHandlerMapping : Mapped "{[/actuator/loggers/{name}],methods=[POST],consumes=[application/vnd.spring-boot.actuator.v2+json || application/json]}" onto public java.lang.Object org.springframework.boot.actuate.endpoint.web.servlet.AbstractWebMvcEndpointHandlerMapping$OperationHandler.handle(javax.servlet.http.HttpServletRequest,java.util.Map<java.lang.String, java.lang.String>)
2019-12-17 09:43:24.119  INFO [cat-log,,,] 10248 --- [main] s.b.a.e.w.s.WebMvcEndpointHandlerMapping : Mapped "{[/actuator/heapdump],methods=[GET],produces=[application/octet-stream]}" onto public java.lang.Object org.springframework.boot.actuate.endpoint.web.servlet.AbstractWebMvcEndpointHandlerMapping$OperationHandler.handle(javax.servlet.http.HttpServletRequest,java.util.Map<java.lang.String, java.lang.String>)
2019-12-17 09:43:24.119  INFO [cat-log,,,] 10248 --- [main] s.b.a.e.w.s.WebMvcEndpointHandlerMapping : Mapped "{[/actuator/threaddump],methods=[GET],produces=[application/vnd.spring-boot.actuator.v2+json || application/json]}" onto public java.lang.Object org.springframework.boot.actuate.endpoint.web.servlet.AbstractWebMvcEndpointHandlerMapping$OperationHandler.handle(javax.servlet.http.HttpServletRequest,java.util.Map<java.lang.String, java.lang.String>)
2019-12-17 09:43:24.120  INFO [cat-log,,,] 10248 --- [main] s.b.a.e.w.s.WebMvcEndpointHandlerMapping : Mapped "{[/actuator/metrics/{requiredMetricName}],methods=[GET],produces=[application/vnd.spring-boot.actuator.v2+json || application/json]}" onto public java.lang.Object org.springframework.boot.actuate.endpoint.web.servlet.AbstractWebMvcEndpointHandlerMapping$OperationHandler.handle(javax.servlet.http.HttpServletRequest,java.util.Map<java.lang.String, java.lang.String>)
2019-12-17 09:43:24.120  INFO [cat-log,,,] 10248 --- [main] s.b.a.e.w.s.WebMvcEndpointHandlerMapping : Mapped "{[/actuator/metrics],methods=[GET],produces=[application/vnd.spring-boot.actuator.v2+json || application/json]}" onto public java.lang.Object org.springframework.boot.actuate.endpoint.web.servlet.AbstractWebMvcEndpointHandlerMapping$OperationHandler.handle(javax.servlet.http.HttpServletRequest,java.util.Map<java.lang.String, java.lang.String>)
2019-12-17 09:43:24.120  INFO [cat-log,,,] 10248 --- [main] s.b.a.e.w.s.WebMvcEndpointHandlerMapping : Mapped "{[/actuator/scheduledtasks],methods=[GET],produces=[application/vnd.spring-boot.actuator.v2+json || application/json]}" onto public java.lang.Object org.springframework.boot.actuate.endpoint.web.servlet.AbstractWebMvcEndpointHandlerMapping$OperationHandler.handle(javax.servlet.http.HttpServletRequest,java.util.Map<java.lang.String, java.lang.String>)
2019-12-17 09:43:24.120  INFO [cat-log,,,] 10248 --- [main] s.b.a.e.w.s.WebMvcEndpointHandlerMapping : Mapped "{[/actuator/httptrace],methods=[GET],produces=[application/vnd.spring-boot.actuator.v2+json || application/json]}" onto public java.lang.Object org.springframework.boot.actuate.endpoint.web.servlet.AbstractWebMvcEndpointHandlerMapping$OperationHandler.handle(javax.servlet.http.HttpServletRequest,java.util.Map<java.lang.String, java.lang.String>)
2019-12-17 09:43:24.120  INFO [cat-log,,,] 10248 --- [main] s.b.a.e.w.s.WebMvcEndpointHandlerMapping : Mapped "{[/actuator/mappings],methods=[GET],produces=[application/vnd.spring-boot.actuator.v2+json || application/json]}" onto public java.lang.Object org.springframework.boot.actuate.endpoint.web.servlet.AbstractWebMvcEndpointHandlerMapping$OperationHandler.handle(javax.servlet.http.HttpServletRequest,java.util.Map<java.lang.String, java.lang.String>)
2019-12-17 09:43:24.121  INFO [cat-log,,,] 10248 --- [main] s.b.a.e.w.s.WebMvcEndpointHandlerMapping : Mapped "{[/actuator/refresh],methods=[POST],produces=[application/vnd.spring-boot.actuator.v2+json || application/json]}" onto public java.lang.Object org.springframework.boot.actuate.endpoint.web.servlet.AbstractWebMvcEndpointHandlerMapping$OperationHandler.handle(javax.servlet.http.HttpServletRequest,java.util.Map<java.lang.String, java.lang.String>)
2019-12-17 09:43:24.121  INFO [cat-log,,,] 10248 --- [main] s.b.a.e.w.s.WebMvcEndpointHandlerMapping : Mapped "{[/actuator/features],methods=[GET],produces=[application/vnd.spring-boot.actuator.v2+json || application/json]}" onto public java.lang.Object org.springframework.boot.actuate.endpoint.web.servlet.AbstractWebMvcEndpointHandlerMapping$OperationHandler.handle(javax.servlet.http.HttpServletRequest,java.util.Map<java.lang.String, java.lang.String>)
2019-12-17 09:43:24.121  INFO [cat-log,,,] 10248 --- [main] s.b.a.e.w.s.WebMvcEndpointHandlerMapping : Mapped "{[/actuator/service-registry],methods=[GET],produces=[application/vnd.spring-boot.actuator.v2+json || application/json]}" onto public java.lang.Object org.springframework.boot.actuate.endpoint.web.servlet.AbstractWebMvcEndpointHandlerMapping$OperationHandler.handle(javax.servlet.http.HttpServletRequest,java.util.Map<java.lang.String, java.lang.String>)
2019-12-17 09:43:24.121  INFO [cat-log,,,] 10248 --- [main] s.b.a.e.w.s.WebMvcEndpointHandlerMapping : Mapped "{[/actuator/service-registry],methods=[POST],consumes=[application/vnd.spring-boot.actuator.v2+json || application/json],produces=[application/vnd.spring-boot.actuator.v2+json || application/json]}" onto public java.lang.Object org.springframework.boot.actuate.endpoint.web.servlet.AbstractWebMvcEndpointHandlerMapping$OperationHandler.handle(javax.servlet.http.HttpServletRequest,java.util.Map<java.lang.String, java.lang.String>)
2019-12-17 09:43:24.122  INFO [cat-log,,,] 10248 --- [main] s.b.a.e.w.s.WebMvcEndpointHandlerMapping : Mapped "{[/actuator],methods=[GET],produces=[application/vnd.spring-boot.actuator.v2+json || application/json]}" onto protected java.util.Map<java.lang.String, java.util.Map<java.lang.String, org.springframework.boot.actuate.endpoint.web.Link>> org.springframework.boot.actuate.endpoint.web.servlet.WebMvcEndpointHandlerMapping.links(javax.servlet.http.HttpServletRequest,javax.servlet.http.HttpServletResponse)
2019-12-17 09:43:24.290  INFO [cat-log,,,] 10248 --- [main] o.s.s.concurrent.ThreadPoolTaskExecutor  : Initializing ExecutorService  'taskExecutor'
2019-12-17 09:43:24.535  INFO [cat-log,,,] 10248 --- [main] .s.s.UserDetailsServiceAutoConfiguration : 

Using generated security password: 1de7c0e5-55ff-4a42-bd5e-9ba69ca66e7d

2019-12-17 09:43:24.931  INFO [cat-log,,,] 10248 --- [main] o.s.s.web.DefaultSecurityFilterChain     : Creating filter chain: org.springframework.security.web.util.matcher.AnyRequestMatcher@1, [org.springframework.security.web.context.request.async.WebAsyncManagerIntegrationFilter@1760e688, org.springframework.security.web.context.SecurityContextPersistenceFilter@4203529f, org.springframework.security.web.header.HeaderWriterFilter@e2f6e13, org.springframework.security.web.authentication.logout.LogoutFilter@3a4cb483, org.springframework.security.oauth2.provider.authentication.OAuth2AuthenticationProcessingFilter@3ac406d4, org.springframework.security.web.authentication.www.BasicAuthenticationFilter@16c8e9b8, org.springframework.security.web.savedrequest.RequestCacheAwareFilter@1736273c, org.springframework.security.web.servletapi.SecurityContextHolderAwareRequestFilter@2a20da9f, org.springframework.security.web.authentication.AnonymousAuthenticationFilter@53fc870f, org.springframework.security.web.session.SessionManagementFilter@234ce7ff, org.springframework.security.web.access.ExceptionTranslationFilter@2f3a8166, org.springframework.security.web.access.intercept.FilterSecurityInterceptor@1e6bd367]
2019-12-17 09:43:24.985  INFO [cat-log,,,] 10248 --- [main] pertySourcedRequestMappingHandlerMapping : Mapped URL path [/v2/api-docs] onto method [public org.springframework.http.ResponseEntity<springfox.documentation.spring.web.json.Json> springfox.documentation.swagger2.web.Swagger2Controller.getDocumentation(java.lang.String,javax.servlet.http.HttpServletRequest)]
2019-12-17 09:43:25.027  WARN [cat-log,,,] 10248 --- [main] c.n.c.sources.URLConfigurationSource     : No URLs will be polled as dynamic configuration sources.
2019-12-17 09:43:25.027  INFO [cat-log,,,] 10248 --- [main] c.n.c.sources.URLConfigurationSource     : To enable URLs as dynamic configuration sources, define System property archaius.configurationSource.additionalUrls or make config.properties available on classpath.
2019-12-17 09:43:25.136  INFO [cat-log,,,] 10248 --- [main] o.s.w.s.handler.SimpleUrlHandlerMapping  : Mapped URL path [/**/favicon.ico] onto handler of type [class org.springframework.web.servlet.resource.ResourceHttpRequestHandler]
2019-12-17 09:43:25.332  INFO [cat-log,,,] 10248 --- [main] s.w.s.m.m.a.RequestMappingHandlerAdapter : Looking for @ControllerAdvice: org.springframework.boot.web.servlet.context.AnnotationConfigServletWebServerApplicationContext@70211e49: startup date [Tue Dec 17 09:43:18 CST 2019]; parent: org.springframework.context.annotation.AnnotationConfigApplicationContext@79da8dc5
2019-12-17 09:43:25.391  INFO [cat-log,,,] 10248 --- [main] o.s.w.s.handler.SimpleUrlHandlerMapping  : Mapped URL path [/webjars/**] onto handler of type [class org.springframework.web.servlet.resource.ResourceHttpRequestHandler]
2019-12-17 09:43:25.392  INFO [cat-log,,,] 10248 --- [main] o.s.w.s.handler.SimpleUrlHandlerMapping  : Mapped URL path [/**] onto handler of type [class org.springframework.web.servlet.resource.ResourceHttpRequestHandler]
2019-12-17 09:43:25.482  INFO [cat-log,,,] 10248 --- [main] t.m.m.autoconfigure.MapperCacheDisabler  : Clear tk.mybatis.mapper.util.MsUtil CLASS_CACHE cache.
2019-12-17 09:43:25.483  INFO [cat-log,,,] 10248 --- [main] t.m.m.autoconfigure.MapperCacheDisabler  : Clear tk.mybatis.mapper.genid.GenIdUtil CACHE cache.
2019-12-17 09:43:25.483  INFO [cat-log,,,] 10248 --- [main] t.m.m.autoconfigure.MapperCacheDisabler  : Clear tk.mybatis.mapper.version.VersionUtil CACHE cache.
2019-12-17 09:43:25.484  INFO [cat-log,,,] 10248 --- [main] t.m.m.autoconfigure.MapperCacheDisabler  : Clear EntityHelper entityTableMap cache.
2019-12-17 09:43:26.338  INFO [cat-log,,,] 10248 --- [main] com.netflix.discovery.DiscoveryClient    : Shutting down DiscoveryClient ...
2019-12-17 09:43:26.342  INFO [cat-log,,,] 10248 --- [main] com.netflix.discovery.DiscoveryClient    : Completed shut down of DiscoveryClient
2019-12-17 09:43:26.458  INFO [cat-log,,,] 10248 --- [main] o.s.j.e.a.AnnotationMBeanExporter        : Registering beans for JMX exposure on startup
2019-12-17 09:43:26.460  INFO [cat-log,,,] 10248 --- [main] o.s.j.e.a.AnnotationMBeanExporter        : Bean with name 'dataSource' has been autodetected for JMX exposure
2019-12-17 09:43:26.466  INFO [cat-log,,,] 10248 --- [main] o.s.j.e.a.AnnotationMBeanExporter        : Bean with name 'rabbitConnectionFactory' has been autodetected for JMX exposure
2019-12-17 09:43:26.467  INFO [cat-log,,,] 10248 --- [main] o.s.j.e.a.AnnotationMBeanExporter        : Bean with name 'environmentManager' has been autodetected for JMX exposure
2019-12-17 09:43:26.468  INFO [cat-log,,,] 10248 --- [main] o.s.j.e.a.AnnotationMBeanExporter        : Bean with name 'refreshScope' has been autodetected for JMX exposure
2019-12-17 09:43:26.468  INFO [cat-log,,,] 10248 --- [main] o.s.j.e.a.AnnotationMBeanExporter        : Bean with name 'configurationPropertiesRebinder' has been autodetected for JMX exposure
2019-12-17 09:43:26.472  INFO [cat-log,,,] 10248 --- [main] o.s.j.e.a.AnnotationMBeanExporter        : Located managed bean 'environmentManager': registering with JMX server as MBean [org.springframework.cloud.context.environment:name=environmentManager,type=EnvironmentManager]
2019-12-17 09:43:26.479  INFO [cat-log,,,] 10248 --- [main] o.s.j.e.a.AnnotationMBeanExporter        : Located managed bean 'refreshScope': registering with JMX server as MBean [org.springframework.cloud.context.scope.refresh:name=refreshScope,type=RefreshScope]
2019-12-17 09:43:26.489  INFO [cat-log,,,] 10248 --- [main] o.s.j.e.a.AnnotationMBeanExporter        : Located managed bean 'configurationPropertiesRebinder': registering with JMX server as MBean [org.springframework.cloud.context.properties:name=configurationPropertiesRebinder,context=70211e49,type=ConfigurationPropertiesRebinder]
2019-12-17 09:43:26.493  INFO [cat-log,,,] 10248 --- [main] o.s.j.e.a.AnnotationMBeanExporter        : Located MBean 'dataSource': registering with JMX server as MBean [com.zaxxer.hikari:name=dataSource,type=HikariDataSource]
2019-12-17 09:43:26.496  INFO [cat-log,,,] 10248 --- [main] o.s.j.e.a.AnnotationMBeanExporter        : Located managed bean 'rabbitConnectionFactory': registering with JMX server as MBean [org.springframework.amqp.rabbit.connection:name=rabbitConnectionFactory,type=CachingConnectionFactory]
2019-12-17 09:43:26.518  INFO [cat-log,,,] 10248 --- [main] o.s.c.support.DefaultLifecycleProcessor  : Starting beans in phase 0
2019-12-17 09:43:26.522  INFO [cat-log,,,] 10248 --- [main] o.s.c.n.eureka.InstanceInfoFactory       : Setting initial instance status as: STARTING
2019-12-17 09:43:26.528  INFO [cat-log,,,] 10248 --- [main] com.netflix.discovery.DiscoveryClient    : Initializing Eureka in region us-east-1
2019-12-17 09:43:26.530  INFO [cat-log,,,] 10248 --- [main] c.n.d.provider.DiscoveryJerseyProvider   : Using JSON encoding codec LegacyJacksonJson
2019-12-17 09:43:26.530  INFO [cat-log,,,] 10248 --- [main] c.n.d.provider.DiscoveryJerseyProvider   : Using JSON decoding codec LegacyJacksonJson
2019-12-17 09:43:26.530  INFO [cat-log,,,] 10248 --- [main] c.n.d.provider.DiscoveryJerseyProvider   : Using XML encoding codec XStreamXml
2019-12-17 09:43:26.530  INFO [cat-log,,,] 10248 --- [main] c.n.d.provider.DiscoveryJerseyProvider   : Using XML decoding codec XStreamXml
2019-12-17 09:43:26.570  INFO [cat-log,,,] 10248 --- [main] c.n.d.s.r.aws.ConfigClusterResolver      : Resolving eureka endpoints via configuration
2019-12-17 09:43:26.571  INFO [cat-log,,,] 10248 --- [main] com.netflix.discovery.DiscoveryClient    : Disable delta property : false
2019-12-17 09:43:26.571  INFO [cat-log,,,] 10248 --- [main] com.netflix.discovery.DiscoveryClient    : Single vip registry refresh property : null
2019-12-17 09:43:26.571  INFO [cat-log,,,] 10248 --- [main] com.netflix.discovery.DiscoveryClient    : Force full registry fetch : false
2019-12-17 09:43:26.571  INFO [cat-log,,,] 10248 --- [main] com.netflix.discovery.DiscoveryClient    : Application is null : false
2019-12-17 09:43:26.571  INFO [cat-log,,,] 10248 --- [main] com.netflix.discovery.DiscoveryClient    : Registered Applications size is zero : true
2019-12-17 09:43:26.571  INFO [cat-log,,,] 10248 --- [main] com.netflix.discovery.DiscoveryClient    : Application version is -1: true
2019-12-17 09:43:26.571  INFO [cat-log,,,] 10248 --- [main] com.netflix.discovery.DiscoveryClient    : Getting all instance registry info from the eureka server
2019-12-17 09:43:26.586  INFO [cat-log,,,] 10248 --- [main] com.netflix.discovery.DiscoveryClient    : The response status is 200
2019-12-17 09:43:26.587  INFO [cat-log,,,] 10248 --- [main] com.netflix.discovery.DiscoveryClient    : Starting heartbeat executor: renew interval is: 5
2019-12-17 09:43:26.588  INFO [cat-log,,,] 10248 --- [main] c.n.discovery.InstanceInfoReplicator     : InstanceInfoReplicator onDemand update allowed rate per min is 4
2019-12-17 09:43:26.589  INFO [cat-log,,,] 10248 --- [main] com.netflix.discovery.DiscoveryClient    : Discovery Client initialized at timestamp 1576547006589 with initial instances count: 7
2019-12-17 09:43:26.599  INFO [cat-log,,,] 10248 --- [main] o.s.c.n.e.s.EurekaServiceRegistry        : Registering application cat-log with eureka with status UP
2019-12-17 09:43:26.600  INFO [cat-log,,,] 10248 --- [main] com.netflix.discovery.DiscoveryClient    : Saw local status change event StatusChangeEvent [timestamp=1576547006600, current=UP, previous=STARTING]
2019-12-17 09:43:26.601  INFO [cat-log,,,] 10248 --- [DiscoveryClient-InstanceInfoReplicator-0] com.netflix.discovery.DiscoveryClient    : DiscoveryClient_CAT-LOG/DESKTOP-21HU40L:cat-log:8831: registering service...
2019-12-17 09:43:26.603  INFO [cat-log,,,] 10248 --- [main] o.s.c.support.DefaultLifecycleProcessor  : Starting beans in phase 2147483647
2019-12-17 09:43:26.603  INFO [cat-log,,,] 10248 --- [main] d.s.w.p.DocumentationPluginsBootstrapper : Context refreshed
2019-12-17 09:43:26.619  INFO [cat-log,,,] 10248 --- [main] d.s.w.p.DocumentationPluginsBootstrapper : Found 1 custom documentation plugin(s)
2019-12-17 09:43:26.625  INFO [cat-log,,,] 10248 --- [DiscoveryClient-InstanceInfoReplicator-0] com.netflix.discovery.DiscoveryClient    : DiscoveryClient_CAT-LOG/DESKTOP-21HU40L:cat-log:8831 - registration status: 204
2019-12-17 09:43:26.649  INFO [cat-log,,,] 10248 --- [main] s.d.s.w.s.ApiListingReferenceScanner     : Scanning for api listing references
2019-12-17 09:43:26.755  INFO [cat-log,,,] 10248 --- [main] .d.s.w.r.o.CachingOperationNameGenerator : Generating unique operation named: handleUsingGET_1
2019-12-17 09:43:26.756  INFO [cat-log,,,] 10248 --- [main] .d.s.w.r.o.CachingOperationNameGenerator : Generating unique operation named: handleUsingGET_2
2019-12-17 09:43:26.757  INFO [cat-log,,,] 10248 --- [main] .d.s.w.r.o.CachingOperationNameGenerator : Generating unique operation named: handleUsingGET_3
2019-12-17 09:43:26.758  INFO [cat-log,,,] 10248 --- [main] .d.s.w.r.o.CachingOperationNameGenerator : Generating unique operation named: handleUsingGET_4
2019-12-17 09:43:26.759  INFO [cat-log,,,] 10248 --- [main] .d.s.w.r.o.CachingOperationNameGenerator : Generating unique operation named: handleUsingGET_5
2019-12-17 09:43:26.760  INFO [cat-log,,,] 10248 --- [main] .d.s.w.r.o.CachingOperationNameGenerator : Generating unique operation named: handleUsingGET_6
2019-12-17 09:43:26.762  INFO [cat-log,,,] 10248 --- [main] .d.s.w.r.o.CachingOperationNameGenerator : Generating unique operation named: handleUsingGET_7
2019-12-17 09:43:26.763  INFO [cat-log,,,] 10248 --- [main] .d.s.w.r.o.CachingOperationNameGenerator : Generating unique operation named: handleUsingGET_8
2019-12-17 09:43:26.763  INFO [cat-log,,,] 10248 --- [main] .d.s.w.r.o.CachingOperationNameGenerator : Generating unique operation named: handleUsingGET_9
2019-12-17 09:43:26.764  INFO [cat-log,,,] 10248 --- [main] .d.s.w.r.o.CachingOperationNameGenerator : Generating unique operation named: handleUsingGET_10
2019-12-17 09:43:26.765  INFO [cat-log,,,] 10248 --- [main] .d.s.w.r.o.CachingOperationNameGenerator : Generating unique operation named: handleUsingGET_11
2019-12-17 09:43:26.765  INFO [cat-log,,,] 10248 --- [main] .d.s.w.r.o.CachingOperationNameGenerator : Generating unique operation named: handleUsingGET_12
2019-12-17 09:43:26.766  INFO [cat-log,,,] 10248 --- [main] .d.s.w.r.o.CachingOperationNameGenerator : Generating unique operation named: handleUsingGET_13
2019-12-17 09:43:26.767  INFO [cat-log,,,] 10248 --- [main] .d.s.w.r.o.CachingOperationNameGenerator : Generating unique operation named: handleUsingPOST_1
2019-12-17 09:43:26.768  INFO [cat-log,,,] 10248 --- [main] .d.s.w.r.o.CachingOperationNameGenerator : Generating unique operation named: handleUsingGET_14
2019-12-17 09:43:26.768  INFO [cat-log,,,] 10248 --- [main] .d.s.w.r.o.CachingOperationNameGenerator : Generating unique operation named: handleUsingGET_15
2019-12-17 09:43:26.769  INFO [cat-log,,,] 10248 --- [main] .d.s.w.r.o.CachingOperationNameGenerator : Generating unique operation named: handleUsingGET_16
2019-12-17 09:43:26.770  INFO [cat-log,,,] 10248 --- [main] .d.s.w.r.o.CachingOperationNameGenerator : Generating unique operation named: handleUsingGET_17
2019-12-17 09:43:26.770  INFO [cat-log,,,] 10248 --- [main] .d.s.w.r.o.CachingOperationNameGenerator : Generating unique operation named: handleUsingPOST_2
2019-12-17 09:43:26.771  INFO [cat-log,,,] 10248 --- [main] .d.s.w.r.o.CachingOperationNameGenerator : Generating unique operation named: handleUsingGET_18
2019-12-17 09:43:26.772  INFO [cat-log,,,] 10248 --- [main] .d.s.w.r.o.CachingOperationNameGenerator : Generating unique operation named: handleUsingGET_19
2019-12-17 09:43:26.772  INFO [cat-log,,,] 10248 --- [main] .d.s.w.r.o.CachingOperationNameGenerator : Generating unique operation named: handleUsingPOST_3
2019-12-17 09:43:26.773  INFO [cat-log,,,] 10248 --- [main] .d.s.w.r.o.CachingOperationNameGenerator : Generating unique operation named: handleUsingGET_20
2019-12-17 09:43:26.795  INFO [cat-log,,,] 10248 --- [SimpleAsyncTaskExecutor-1] o.s.a.r.c.CachingConnectionFactory       : Attempting to connect to: [localhost:5672]
2019-12-17 09:43:26.831  INFO [cat-log,,,] 10248 --- [SimpleAsyncTaskExecutor-1] o.s.a.r.c.CachingConnectionFactory       : Created new connection: rabbitConnectionFactory#d7d3230:0/SimpleConnection@1f73f67c [delegate=amqp://pig@127.0.0.1:5672/, localPort= 49864]
2019-12-17 09:43:27.007  INFO [cat-log,331f3245f5c50801,b189e6b1d6db138b,true] 10248 --- [SimpleAsyncTaskExecutor-8] com.zaxxer.hikari.HikariDataSource       : HikariPool-1 - Starting...
2019-12-17 09:43:27.011  INFO [cat-log,,,] 10248 --- [main] o.a.c.c.C.[Tomcat].[localhost].[/]       : Initializing Spring FrameworkServlet 'dispatcherServlet'
2019-12-17 09:43:27.012  INFO [cat-log,,,] 10248 --- [main] o.s.web.servlet.DispatcherServlet        : FrameworkServlet 'dispatcherServlet': initialization started
2019-12-17 09:43:27.076  INFO [cat-log,,,] 10248 --- [main] o.s.web.servlet.DispatcherServlet        : FrameworkServlet 'dispatcherServlet': initialization completed in 64 ms
2019-12-17 09:43:27.078  INFO [cat-log,,,] 10248 --- [main] o.s.b.w.embedded.tomcat.TomcatWebServer  : Tomcat started on port(s): 8831 (http) with context path ''
2019-12-17 09:43:27.079  INFO [cat-log,,,] 10248 --- [main] .s.c.n.e.s.EurekaAutoServiceRegistration : Updating port to 8831
2019-12-17 09:43:27.081  INFO [cat-log,,,] 10248 --- [main] c.x.zly_xyx.cat_log.CatLogApplicatiom    : Started CatLogApplicatiom in 11.894 seconds (JVM running for 13.069)
2019-12-17 09:43:27.179  INFO [cat-log,331f3245f5c50801,b189e6b1d6db138b,true] 10248 --- [SimpleAsyncTaskExecutor-8] com.zaxxer.hikari.HikariDataSource       : HikariPool-1 - Start completed.
2019-12-17 09:43:27.491  INFO [cat-log,,,] 10248 --- [RMI TCP Connection(6)-192.168.5.24] c.c.c.ConfigServicePropertySourceLocator : Fetching config from server at : http://192.168.5.64:8771/
2019-12-17 09:43:27.793  INFO [cat-log,,,] 10248 --- [AsyncReporter{org.springframework.cloud.sleuth.zipkin2.sender.RestTemplateSender@2507607a}] s.c.a.AnnotationConfigApplicationContext : Refreshing SpringClientFactory-localhost: startup date [Tue Dec 17 09:43:27 CST 2019]; parent: org.springframework.boot.web.servlet.context.AnnotationConfigServletWebServerApplicationContext@70211e49
2019-12-17 09:43:27.836  INFO [cat-log,,,] 10248 --- [AsyncReporter{org.springframework.cloud.sleuth.zipkin2.sender.RestTemplateSender@2507607a}] f.a.AutowiredAnnotationBeanPostProcessor : JSR-330 'javax.inject.Inject' annotation found and supported for autowiring
2019-12-17 09:43:28.016  INFO [cat-log,,,] 10248 --- [AsyncReporter{org.springframework.cloud.sleuth.zipkin2.sender.RestTemplateSender@2507607a}] c.netflix.config.ChainedDynamicProperty  : Flipping property: localhost.ribbon.ActiveConnectionsLimit to use NEXT property: niws.loadbalancer.availabilityFilteringRule.activeConnectionsLimit = 2147483647
2019-12-17 09:43:28.037  INFO [cat-log,,,] 10248 --- [AsyncReporter{org.springframework.cloud.sleuth.zipkin2.sender.RestTemplateSender@2507607a}] c.n.u.concurrent.ShutdownEnabledTimer    : Shutdown hook installed for: NFLoadBalancer-PingTimer-localhost
2019-12-17 09:43:28.040  INFO [cat-log,,,] 10248 --- [AsyncReporter{org.springframework.cloud.sleuth.zipkin2.sender.RestTemplateSender@2507607a}] c.netflix.loadbalancer.BaseLoadBalancer  : Client: localhost instantiated a LoadBalancer: DynamicServerListLoadBalancer:{NFLoadBalancer:name=localhost,current list of Servers=[],Load balancer stats=Zone stats: {},Server stats: []}ServerList:null
2019-12-17 09:43:28.043  INFO [cat-log,,,] 10248 --- [AsyncReporter{org.springframework.cloud.sleuth.zipkin2.sender.RestTemplateSender@2507607a}] c.n.l.DynamicServerListLoadBalancer      : Using serverListUpdater PollingServerListUpdater
2019-12-17 09:43:28.046  INFO [cat-log,,,] 10248 --- [AsyncReporter{org.springframework.cloud.sleuth.zipkin2.sender.RestTemplateSender@2507607a}] c.n.l.DynamicServerListLoadBalancer      : DynamicServerListLoadBalancer for client localhost initialized: DynamicServerListLoadBalancer:{NFLoadBalancer:name=localhost,current list of Servers=[],Load balancer stats=Zone stats: {},Server stats: []}ServerList:org.springframework.cloud.netflix.ribbon.eureka.DomainExtractingServerList@75ab2a37
2019-12-17 09:43:28.408  INFO [cat-log,,,] 10248 --- [RMI TCP Connection(6)-192.168.5.24] c.c.c.ConfigServicePropertySourceLocator : Located environment: name=cat-log, profiles=[dev], label=null, version=null, state=null
2019-12-17 09:48:26.572  INFO [cat-log,,,] 10248 --- [AsyncResolver-bootstrap-executor-0] c.n.d.s.r.aws.ConfigClusterResolver      : Resolving eureka endpoints via configuration
