2020-01-14 09:33:37.341  INFO [cat-file,,,] 10108 --- [main] c.x.z.c.CatFileServerApplication         : The following profiles are active: dev
2020-01-14 09:33:37.362  INFO [cat-file,,,] 10108 --- [main] ConfigServletWebServerApplicationContext : Refreshing org.springframework.boot.web.servlet.context.AnnotationConfigServletWebServerApplicationContext@661c46bc: startup date [Tue Jan 14 09:33:37 CST 2020]; parent: org.springframework.context.annotation.AnnotationConfigApplicationContext@41e1e210
2020-01-14 09:33:38.729  WARN [cat-file,,,] 10108 --- [main] o.m.s.mapper.ClassPathMapperScanner      : Skipping MapperFactoryBean with name 'albumMapper' and 'com.xinlang.zly_xyx.cat_file_server.mapper.AlbumMapper' mapperInterface. Bean already defined with the same name!
2020-01-14 09:33:38.730  WARN [cat-file,,,] 10108 --- [main] o.m.s.mapper.ClassPathMapperScanner      : Skipping MapperFactoryBean with name 'fileMapper' and 'com.xinlang.zly_xyx.cat_file_server.mapper.FileMapper' mapperInterface. Bean already defined with the same name!
2020-01-14 09:33:38.730  WARN [cat-file,,,] 10108 --- [main] o.m.s.mapper.ClassPathMapperScanner      : No MyBatis mapper was found in '[com.xinlang.zly_xyx.cat_file_server]' package. Please check your configuration.
2020-01-14 09:33:39.191  INFO [cat-file,,,] 10108 --- [main] o.s.b.f.s.DefaultListableBeanFactory     : Overriding bean definition for bean 'dataSource' with a different definition: replacing [Root bean: class [null]; scope=refresh; abstract=false; lazyInit=false; autowireMode=3; dependencyCheck=0; autowireCandidate=false; primary=false; factoryBeanName=org.springframework.boot.autoconfigure.jdbc.DataSourceConfiguration$Hikari; factoryMethodName=dataSource; initMethodName=null; destroyMethodName=(inferred); defined in class path resource [org/springframework/boot/autoconfigure/jdbc/DataSourceConfiguration$Hikari.class]] with [Root bean: class [org.springframework.aop.scope.ScopedProxyFactoryBean]; scope=; abstract=false; lazyInit=false; autowireMode=0; dependencyCheck=0; autowireCandidate=true; primary=false; factoryBeanName=null; factoryMethodName=null; initMethodName=null; destroyMethodName=null; defined in BeanDefinition defined in class path resource [org/springframework/boot/autoconfigure/jdbc/DataSourceConfiguration$Hikari.class]]
2020-01-14 09:33:39.377  INFO [cat-file,,,] 10108 --- [main] o.s.cloud.context.scope.GenericScope     : BeanFactory id=fc7ed995-d694-3f9c-bb23-6de5bcc74867
2020-01-14 09:33:39.407  INFO [cat-file,,,] 10108 --- [main] f.a.AutowiredAnnotationBeanPostProcessor : JSR-330 'javax.inject.Inject' annotation found and supported for autowiring
2020-01-14 09:33:39.467  INFO [cat-file,,,] 10108 --- [main] trationDelegate$BeanPostProcessorChecker : Bean 'org.springframework.amqp.rabbit.annotation.RabbitBootstrapConfiguration' of type [org.springframework.amqp.rabbit.annotation.RabbitBootstrapConfiguration$$EnhancerBySpringCGLIB$$2aba7cb1] is not eligible for getting processed by all BeanPostProcessors (for example: not eligible for auto-proxying)
2020-01-14 09:33:39.733  INFO [cat-file,,,] 10108 --- [main] trationDelegate$BeanPostProcessorChecker : Bean 'org.springframework.transaction.annotation.ProxyTransactionManagementConfiguration' of type [org.springframework.transaction.annotation.ProxyTransactionManagementConfiguration$$EnhancerBySpringCGLIB$$644ebe83] is not eligible for getting processed by all BeanPostProcessors (for example: not eligible for auto-proxying)
2020-01-14 09:33:39.796  INFO [cat-file,,,] 10108 --- [main] trationDelegate$BeanPostProcessorChecker : Bean 'org.springframework.security.config.annotation.configuration.ObjectPostProcessorConfiguration' of type [org.springframework.security.config.annotation.configuration.ObjectPostProcessorConfiguration$$EnhancerBySpringCGLIB$$fcfc86bd] is not eligible for getting processed by all BeanPostProcessors (for example: not eligible for auto-proxying)
2020-01-14 09:33:39.810  INFO [cat-file,,,] 10108 --- [main] trationDelegate$BeanPostProcessorChecker : Bean 'objectPostProcessor' of type [org.springframework.security.config.annotation.configuration.AutowireBeanFactoryObjectPostProcessor] is not eligible for getting processed by all BeanPostProcessors (for example: not eligible for auto-proxying)
2020-01-14 09:33:39.818  INFO [cat-file,,,] 10108 --- [main] trationDelegate$BeanPostProcessorChecker : Bean 'org.springframework.security.access.expression.method.DefaultMethodSecurityExpressionHandler@10b87ff6' of type [org.springframework.security.oauth2.provider.expression.OAuth2MethodSecurityExpressionHandler] is not eligible for getting processed by all BeanPostProcessors (for example: not eligible for auto-proxying)
2020-01-14 09:33:39.823  INFO [cat-file,,,] 10108 --- [main] trationDelegate$BeanPostProcessorChecker : Bean 'org.springframework.security.config.annotation.method.configuration.GlobalMethodSecurityConfiguration' of type [org.springframework.security.config.annotation.method.configuration.GlobalMethodSecurityConfiguration$$EnhancerBySpringCGLIB$$21d1296f] is not eligible for getting processed by all BeanPostProcessors (for example: not eligible for auto-proxying)
2020-01-14 09:33:39.841  INFO [cat-file,,,] 10108 --- [main] trationDelegate$BeanPostProcessorChecker : Bean 'methodSecurityMetadataSource' of type [org.springframework.security.access.method.DelegatingMethodSecurityMetadataSource] is not eligible for getting processed by all BeanPostProcessors (for example: not eligible for auto-proxying)
2020-01-14 09:33:39.870  INFO [cat-file,,,] 10108 --- [main] trationDelegate$BeanPostProcessorChecker : Bean 'org.springframework.cloud.autoconfigure.ConfigurationPropertiesRebinderAutoConfiguration' of type [org.springframework.cloud.autoconfigure.ConfigurationPropertiesRebinderAutoConfiguration$$EnhancerBySpringCGLIB$$8068c180] is not eligible for getting processed by all BeanPostProcessors (for example: not eligible for auto-proxying)
2020-01-14 09:33:39.889  INFO [cat-file,,,] 10108 --- [main] trationDelegate$BeanPostProcessorChecker : Bean 'org.springframework.cloud.sleuth.instrument.web.client.TraceWebClientAutoConfiguration$TraceOAuthConfiguration' of type [org.springframework.cloud.sleuth.instrument.web.client.TraceWebClientAutoConfiguration$TraceOAuthConfiguration$$EnhancerBySpringCGLIB$$a94b50e2] is not eligible for getting processed by all BeanPostProcessors (for example: not eligible for auto-proxying)
2020-01-14 09:33:40.525  INFO [cat-file,,,] 10108 --- [main] o.s.b.w.embedded.tomcat.TomcatWebServer  : Tomcat initialized with port(s): 8801 (http)
2020-01-14 09:33:40.558  INFO [cat-file,,,] 10108 --- [main] o.apache.catalina.core.StandardService   : Starting service [Tomcat]
2020-01-14 09:33:40.558  INFO [cat-file,,,] 10108 --- [main] org.apache.catalina.core.StandardEngine  : Starting Servlet Engine: Apache Tomcat/8.5.32
2020-01-14 09:33:40.564  INFO [cat-file,,,] 10108 --- [localhost-startStop-1] o.a.catalina.core.AprLifecycleListener   : The APR based Apache Tomcat Native library which allows optimal performance in production environments was not found on the java.library.path: [D:\java\tts9\jdk1.8.0_144\bin;C:\WINDOWS\Sun\Java\bin;C:\WINDOWS\system32;C:\WINDOWS;D:\java\tts9\jdk1.8.0_144\bin;C:\Program Files (x86)\Intel\iCLS Client\;C:\Program Files\Intel\iCLS Client\;C:\Windows\system32;C:\Windows;C:\Windows\System32\Wbem;C:\Windows\System32\WindowsPowerShell\v1.0\;C:\Program Files (x86)\Intel\Intel(R) Management Engine Components\DAL;C:\Program Files\Intel\Intel(R) Management Engine Components\DAL;C:\Program Files (x86)\Intel\Intel(R) Management Engine Components\IPT;C:\Program Files\Intel\Intel(R) Management Engine Components\IPT;C:\Program Files (x86)\NVIDIA Corporation\PhysX\Common;C:\Program Files\MySQL\MySQL Server 5.5\bin;C:\WINDOWS\system32;C:\WINDOWS;C:\WINDOWS\System32\Wbem;C:\WINDOWS\System32\WindowsPowerShell\v1.0\;C:\WINDOWS\System32\OpenSSH\;D:\java\redis\;C:\Program Files\Intel\WiFi\bin\;C:\Program Files\Common Files\Intel\WirelessCommon\;D:\git\Git\cmd;C:\Users\mi\AppData\Local\Microsoft\WindowsApps;C:\Users\mi\AppData\Local\Microsoft\WindowsApps;.]
2020-01-14 09:33:40.870  INFO [cat-file,,,] 10108 --- [localhost-startStop-1] o.a.c.c.C.[Tomcat].[localhost].[/]       : Initializing Spring embedded WebApplicationContext
2020-01-14 09:33:40.870  INFO [cat-file,,,] 10108 --- [localhost-startStop-1] o.s.web.context.ContextLoader            : Root WebApplicationContext: initialization completed in 3508 ms
2020-01-14 09:33:41.237  INFO [cat-file,,,] 10108 --- [localhost-startStop-1] c.n.c.sources.URLConfigurationSource     : URLs to be used as dynamic configuration source: [file:/D:/git/cat/cat/cat-file-server/target/classes/config.properties]
2020-01-14 09:33:41.250  INFO [cat-file,,,] 10108 --- [localhost-startStop-1] c.netflix.config.DynamicPropertyFactory  : DynamicPropertyFactory is initialized with configuration sources: com.netflix.config.ConcurrentCompositeConfiguration@79899731
2020-01-14 09:33:44.937  INFO [cat-file,,,] 10108 --- [localhost-startStop-1] o.s.b.w.servlet.FilterRegistrationBean   : Mapping filter: 'characterEncodingFilter' to: [/*]
2020-01-14 09:33:44.938  INFO [cat-file,,,] 10108 --- [localhost-startStop-1] o.s.b.w.servlet.FilterRegistrationBean   : Mapping filter: 'webMvcMetricsFilter' to: [/*]
2020-01-14 09:33:44.938  INFO [cat-file,,,] 10108 --- [localhost-startStop-1] o.s.b.w.servlet.FilterRegistrationBean   : Mapping filter: 'tracingFilter' to: [/*]
2020-01-14 09:33:44.938  INFO [cat-file,,,] 10108 --- [localhost-startStop-1] o.s.b.w.servlet.FilterRegistrationBean   : Mapping filter: 'exceptionLoggingFilter' to: [/*]
2020-01-14 09:33:44.938  INFO [cat-file,,,] 10108 --- [localhost-startStop-1] o.s.b.w.servlet.FilterRegistrationBean   : Mapping filter: 'hiddenHttpMethodFilter' to: [/*]
2020-01-14 09:33:44.939  INFO [cat-file,,,] 10108 --- [localhost-startStop-1] o.s.b.w.servlet.FilterRegistrationBean   : Mapping filter: 'httpPutFormContentFilter' to: [/*]
2020-01-14 09:33:44.939  INFO [cat-file,,,] 10108 --- [localhost-startStop-1] o.s.b.w.servlet.FilterRegistrationBean   : Mapping filter: 'requestContextFilter' to: [/*]
2020-01-14 09:33:44.939  INFO [cat-file,,,] 10108 --- [localhost-startStop-1] .s.DelegatingFilterProxyRegistrationBean : Mapping filter: 'springSecurityFilterChain' to: [/*]
2020-01-14 09:33:44.939  INFO [cat-file,,,] 10108 --- [localhost-startStop-1] o.s.b.w.servlet.FilterRegistrationBean   : Mapping filter: 'httpTraceFilter' to: [/*]
2020-01-14 09:33:44.940  INFO [cat-file,,,] 10108 --- [localhost-startStop-1] o.s.b.w.servlet.ServletRegistrationBean  : Servlet dispatcherServlet mapped to [/]
2020-01-14 09:33:48.365  INFO [cat-file,,,] 10108 --- [main] s.w.s.m.m.a.RequestMappingHandlerMapping : Mapped "{[/albums/{id}],methods=[DELETE]}" onto public void com.xinlang.zly_xyx.cat_file_server.controller.AlbumController.delete(java.lang.String)
2020-01-14 09:33:48.366  INFO [cat-file,,,] 10108 --- [main] s.w.s.m.m.a.RequestMappingHandlerMapping : Mapped "{[/albums/{id}],methods=[GET]}" onto public com.xinlang.zly_xyx.cat_file_server.bean.Album com.xinlang.zly_xyx.cat_file_server.controller.AlbumController.findById(java.lang.String)
2020-01-14 09:33:48.367  INFO [cat-file,,,] 10108 --- [main] s.w.s.m.m.a.RequestMappingHandlerMapping : Mapped "{[/albums],methods=[POST]}" onto public com.xinlang.zly_xyx.cat_file_server.bean.Album com.xinlang.zly_xyx.cat_file_server.controller.AlbumController.upload(javax.servlet.http.HttpServletRequest,org.springframework.web.multipart.MultipartFile,java.lang.String,java.lang.String)
2020-01-14 09:33:48.367  INFO [cat-file,,,] 10108 --- [main] s.w.s.m.m.a.RequestMappingHandlerMapping : Mapped "{[/albums/layui],methods=[POST]}" onto public java.util.Map<java.lang.String, java.lang.Object> com.xinlang.zly_xyx.cat_file_server.controller.AlbumController.uploadLayui(javax.servlet.http.HttpServletRequest,org.springframework.web.multipart.MultipartFile,java.lang.String,java.lang.String) throws java.lang.Exception
2020-01-14 09:33:48.368  INFO [cat-file,,,] 10108 --- [main] s.w.s.m.m.a.RequestMappingHandlerMapping : Mapped "{[/albums],methods=[GET]}" onto public com.xinlang.zly_xyx.common.Page<com.xinlang.zly_xyx.cat_file_server.bean.Album> com.xinlang.zly_xyx.cat_file_server.controller.AlbumController.findFiles(java.util.Map<java.lang.String, java.lang.Object>)
2020-01-14 09:33:48.368  INFO [cat-file,,,] 10108 --- [main] s.w.s.m.m.a.RequestMappingHandlerMapping : Mapped "{[/albums/list],methods=[GET]}" onto public java.util.List<com.xinlang.zly_xyx.cat_file_server.bean.Album> com.xinlang.zly_xyx.cat_file_server.controller.AlbumController.findByIds(java.util.Set<java.lang.String>)
2020-01-14 09:33:48.369  INFO [cat-file,,,] 10108 --- [main] s.w.s.m.m.a.RequestMappingHandlerMapping : Mapped "{[/files/{id}],methods=[DELETE]}" onto public void com.xinlang.zly_xyx.cat_file_server.controller.FileController.delete(java.lang.String)
2020-01-14 09:33:48.370  INFO [cat-file,,,] 10108 --- [main] s.w.s.m.m.a.RequestMappingHandlerMapping : Mapped "{[/files/{id}],methods=[GET]}" onto public com.xinlang.zly_xyx.cat_file_server.bean.File com.xinlang.zly_xyx.cat_file_server.controller.FileController.findById(java.lang.String)
2020-01-14 09:33:48.370  INFO [cat-file,,,] 10108 --- [main] s.w.s.m.m.a.RequestMappingHandlerMapping : Mapped "{[/files],methods=[POST]}" onto public com.xinlang.zly_xyx.cat_file_server.bean.File com.xinlang.zly_xyx.cat_file_server.controller.FileController.upload(org.springframework.web.multipart.MultipartFile,java.lang.String) throws java.lang.Exception
2020-01-14 09:33:48.370  INFO [cat-file,,,] 10108 --- [main] s.w.s.m.m.a.RequestMappingHandlerMapping : Mapped "{[/files/layui],methods=[POST]}" onto public java.util.Map<java.lang.String, java.lang.Object> com.xinlang.zly_xyx.cat_file_server.controller.FileController.uploadLayui(org.springframework.web.multipart.MultipartFile,java.lang.String) throws java.lang.Exception
2020-01-14 09:33:48.371  INFO [cat-file,,,] 10108 --- [main] s.w.s.m.m.a.RequestMappingHandlerMapping : Mapped "{[/files],methods=[GET]}" onto public com.xinlang.zly_xyx.common.Page<com.xinlang.zly_xyx.cat_file_server.bean.File> com.xinlang.zly_xyx.cat_file_server.controller.FileController.findFiles(java.util.Map<java.lang.String, java.lang.Object>)
2020-01-14 09:33:48.373  INFO [cat-file,,,] 10108 --- [main] s.w.s.m.m.a.RequestMappingHandlerMapping : Mapped "{[/swagger-resources/configuration/ui]}" onto public org.springframework.http.ResponseEntity<springfox.documentation.swagger.web.UiConfiguration> springfox.documentation.swagger.web.ApiResourceController.uiConfiguration()
2020-01-14 09:33:48.374  INFO [cat-file,,,] 10108 --- [main] s.w.s.m.m.a.RequestMappingHandlerMapping : Mapped "{[/swagger-resources]}" onto public org.springframework.http.ResponseEntity<java.util.List<springfox.documentation.swagger.web.SwaggerResource>> springfox.documentation.swagger.web.ApiResourceController.swaggerResources()
2020-01-14 09:33:48.375  INFO [cat-file,,,] 10108 --- [main] s.w.s.m.m.a.RequestMappingHandlerMapping : Mapped "{[/swagger-resources/configuration/security]}" onto public org.springframework.http.ResponseEntity<springfox.documentation.swagger.web.SecurityConfiguration> springfox.documentation.swagger.web.ApiResourceController.securityConfiguration()
2020-01-14 09:33:48.378  INFO [cat-file,,,] 10108 --- [main] s.w.s.m.m.a.RequestMappingHandlerMapping : Mapped "{[/error]}" onto public org.springframework.http.ResponseEntity<java.util.Map<java.lang.String, java.lang.Object>> org.springframework.boot.autoconfigure.web.servlet.error.BasicErrorController.error(javax.servlet.http.HttpServletRequest)
2020-01-14 09:33:48.378  INFO [cat-file,,,] 10108 --- [main] s.w.s.m.m.a.RequestMappingHandlerMapping : Mapped "{[/error],produces=[text/html]}" onto public org.springframework.web.servlet.ModelAndView org.springframework.boot.autoconfigure.web.servlet.error.BasicErrorController.errorHtml(javax.servlet.http.HttpServletRequest,javax.servlet.http.HttpServletResponse)
2020-01-14 09:33:48.533  INFO [cat-file,,,] 10108 --- [main] o.s.b.a.e.web.EndpointLinksResolver      : Exposing 19 endpoint(s) beneath base path '/actuator'
2020-01-14 09:33:48.548  INFO [cat-file,,,] 10108 --- [main] s.b.a.e.w.s.WebMvcEndpointHandlerMapping : Mapped "{[/actuator/archaius],methods=[GET],produces=[application/vnd.spring-boot.actuator.v2+json || application/json]}" onto public java.lang.Object org.springframework.boot.actuate.endpoint.web.servlet.AbstractWebMvcEndpointHandlerMapping$OperationHandler.handle(javax.servlet.http.HttpServletRequest,java.util.Map<java.lang.String, java.lang.String>)
2020-01-14 09:33:48.550  INFO [cat-file,,,] 10108 --- [main] s.b.a.e.w.s.WebMvcEndpointHandlerMapping : Mapped "{[/actuator/auditevents],methods=[GET],produces=[application/vnd.spring-boot.actuator.v2+json || application/json]}" onto public java.lang.Object org.springframework.boot.actuate.endpoint.web.servlet.AbstractWebMvcEndpointHandlerMapping$OperationHandler.handle(javax.servlet.http.HttpServletRequest,java.util.Map<java.lang.String, java.lang.String>)
2020-01-14 09:33:48.550  INFO [cat-file,,,] 10108 --- [main] s.b.a.e.w.s.WebMvcEndpointHandlerMapping : Mapped "{[/actuator/beans],methods=[GET],produces=[application/vnd.spring-boot.actuator.v2+json || application/json]}" onto public java.lang.Object org.springframework.boot.actuate.endpoint.web.servlet.AbstractWebMvcEndpointHandlerMapping$OperationHandler.handle(javax.servlet.http.HttpServletRequest,java.util.Map<java.lang.String, java.lang.String>)
2020-01-14 09:33:48.551  INFO [cat-file,,,] 10108 --- [main] s.b.a.e.w.s.WebMvcEndpointHandlerMapping : Mapped "{[/actuator/health],methods=[GET],produces=[application/vnd.spring-boot.actuator.v2+json || application/json]}" onto public java.lang.Object org.springframework.boot.actuate.endpoint.web.servlet.AbstractWebMvcEndpointHandlerMapping$OperationHandler.handle(javax.servlet.http.HttpServletRequest,java.util.Map<java.lang.String, java.lang.String>)
2020-01-14 09:33:48.551  INFO [cat-file,,,] 10108 --- [main] s.b.a.e.w.s.WebMvcEndpointHandlerMapping : Mapped "{[/actuator/conditions],methods=[GET],produces=[application/vnd.spring-boot.actuator.v2+json || application/json]}" onto public java.lang.Object org.springframework.boot.actuate.endpoint.web.servlet.AbstractWebMvcEndpointHandlerMapping$OperationHandler.handle(javax.servlet.http.HttpServletRequest,java.util.Map<java.lang.String, java.lang.String>)
2020-01-14 09:33:48.551  INFO [cat-file,,,] 10108 --- [main] s.b.a.e.w.s.WebMvcEndpointHandlerMapping : Mapped "{[/actuator/configprops],methods=[GET],produces=[application/vnd.spring-boot.actuator.v2+json || application/json]}" onto public java.lang.Object org.springframework.boot.actuate.endpoint.web.servlet.AbstractWebMvcEndpointHandlerMapping$OperationHandler.handle(javax.servlet.http.HttpServletRequest,java.util.Map<java.lang.String, java.lang.String>)
2020-01-14 09:33:48.551  INFO [cat-file,,,] 10108 --- [main] s.b.a.e.w.s.WebMvcEndpointHandlerMapping : Mapped "{[/actuator/env],methods=[GET],produces=[application/vnd.spring-boot.actuator.v2+json || application/json]}" onto public java.lang.Object org.springframework.boot.actuate.endpoint.web.servlet.AbstractWebMvcEndpointHandlerMapping$OperationHandler.handle(javax.servlet.http.HttpServletRequest,java.util.Map<java.lang.String, java.lang.String>)
2020-01-14 09:33:48.552  INFO [cat-file,,,] 10108 --- [main] s.b.a.e.w.s.WebMvcEndpointHandlerMapping : Mapped "{[/actuator/env/{toMatch}],methods=[GET],produces=[application/vnd.spring-boot.actuator.v2+json || application/json]}" onto public java.lang.Object org.springframework.boot.actuate.endpoint.web.servlet.AbstractWebMvcEndpointHandlerMapping$OperationHandler.handle(javax.servlet.http.HttpServletRequest,java.util.Map<java.lang.String, java.lang.String>)
2020-01-14 09:33:48.552  INFO [cat-file,,,] 10108 --- [main] s.b.a.e.w.s.WebMvcEndpointHandlerMapping : Mapped "{[/actuator/env],methods=[POST],consumes=[application/vnd.spring-boot.actuator.v2+json || application/json],produces=[application/vnd.spring-boot.actuator.v2+json || application/json]}" onto public java.lang.Object org.springframework.boot.actuate.endpoint.web.servlet.AbstractWebMvcEndpointHandlerMapping$OperationHandler.handle(javax.servlet.http.HttpServletRequest,java.util.Map<java.lang.String, java.lang.String>)
2020-01-14 09:33:48.553  INFO [cat-file,,,] 10108 --- [main] s.b.a.e.w.s.WebMvcEndpointHandlerMapping : Mapped "{[/actuator/env],methods=[DELETE],produces=[application/vnd.spring-boot.actuator.v2+json || application/json]}" onto public java.lang.Object org.springframework.boot.actuate.endpoint.web.servlet.AbstractWebMvcEndpointHandlerMapping$OperationHandler.handle(javax.servlet.http.HttpServletRequest,java.util.Map<java.lang.String, java.lang.String>)
2020-01-14 09:33:48.553  INFO [cat-file,,,] 10108 --- [main] s.b.a.e.w.s.WebMvcEndpointHandlerMapping : Mapped "{[/actuator/info],methods=[GET],produces=[application/vnd.spring-boot.actuator.v2+json || application/json]}" onto public java.lang.Object org.springframework.boot.actuate.endpoint.web.servlet.AbstractWebMvcEndpointHandlerMapping$OperationHandler.handle(javax.servlet.http.HttpServletRequest,java.util.Map<java.lang.String, java.lang.String>)
2020-01-14 09:33:48.553  INFO [cat-file,,,] 10108 --- [main] s.b.a.e.w.s.WebMvcEndpointHandlerMapping : Mapped "{[/actuator/logfile],methods=[GET],produces=[application/octet-stream]}" onto public java.lang.Object org.springframework.boot.actuate.endpoint.web.servlet.AbstractWebMvcEndpointHandlerMapping$OperationHandler.handle(javax.servlet.http.HttpServletRequest,java.util.Map<java.lang.String, java.lang.String>)
2020-01-14 09:33:48.553  INFO [cat-file,,,] 10108 --- [main] s.b.a.e.w.s.WebMvcEndpointHandlerMapping : Mapped "{[/actuator/loggers],methods=[GET],produces=[application/vnd.spring-boot.actuator.v2+json || application/json]}" onto public java.lang.Object org.springframework.boot.actuate.endpoint.web.servlet.AbstractWebMvcEndpointHandlerMapping$OperationHandler.handle(javax.servlet.http.HttpServletRequest,java.util.Map<java.lang.String, java.lang.String>)
2020-01-14 09:33:48.554  INFO [cat-file,,,] 10108 --- [main] s.b.a.e.w.s.WebMvcEndpointHandlerMapping : Mapped "{[/actuator/loggers/{name}],methods=[GET],produces=[application/vnd.spring-boot.actuator.v2+json || application/json]}" onto public java.lang.Object org.springframework.boot.actuate.endpoint.web.servlet.AbstractWebMvcEndpointHandlerMapping$OperationHandler.handle(javax.servlet.http.HttpServletRequest,java.util.Map<java.lang.String, java.lang.String>)
2020-01-14 09:33:48.554  INFO [cat-file,,,] 10108 --- [main] s.b.a.e.w.s.WebMvcEndpointHandlerMapping : Mapped "{[/actuator/loggers/{name}],methods=[POST],consumes=[application/vnd.spring-boot.actuator.v2+json || application/json]}" onto public java.lang.Object org.springframework.boot.actuate.endpoint.web.servlet.AbstractWebMvcEndpointHandlerMapping$OperationHandler.handle(javax.servlet.http.HttpServletRequest,java.util.Map<java.lang.String, java.lang.String>)
2020-01-14 09:33:48.554  INFO [cat-file,,,] 10108 --- [main] s.b.a.e.w.s.WebMvcEndpointHandlerMapping : Mapped "{[/actuator/heapdump],methods=[GET],produces=[application/octet-stream]}" onto public java.lang.Object org.springframework.boot.actuate.endpoint.web.servlet.AbstractWebMvcEndpointHandlerMapping$OperationHandler.handle(javax.servlet.http.HttpServletRequest,java.util.Map<java.lang.String, java.lang.String>)
2020-01-14 09:33:48.555  INFO [cat-file,,,] 10108 --- [main] s.b.a.e.w.s.WebMvcEndpointHandlerMapping : Mapped "{[/actuator/threaddump],methods=[GET],produces=[application/vnd.spring-boot.actuator.v2+json || application/json]}" onto public java.lang.Object org.springframework.boot.actuate.endpoint.web.servlet.AbstractWebMvcEndpointHandlerMapping$OperationHandler.handle(javax.servlet.http.HttpServletRequest,java.util.Map<java.lang.String, java.lang.String>)
2020-01-14 09:33:48.555  INFO [cat-file,,,] 10108 --- [main] s.b.a.e.w.s.WebMvcEndpointHandlerMapping : Mapped "{[/actuator/metrics/{requiredMetricName}],methods=[GET],produces=[application/vnd.spring-boot.actuator.v2+json || application/json]}" onto public java.lang.Object org.springframework.boot.actuate.endpoint.web.servlet.AbstractWebMvcEndpointHandlerMapping$OperationHandler.handle(javax.servlet.http.HttpServletRequest,java.util.Map<java.lang.String, java.lang.String>)
2020-01-14 09:33:48.555  INFO [cat-file,,,] 10108 --- [main] s.b.a.e.w.s.WebMvcEndpointHandlerMapping : Mapped "{[/actuator/metrics],methods=[GET],produces=[application/vnd.spring-boot.actuator.v2+json || application/json]}" onto public java.lang.Object org.springframework.boot.actuate.endpoint.web.servlet.AbstractWebMvcEndpointHandlerMapping$OperationHandler.handle(javax.servlet.http.HttpServletRequest,java.util.Map<java.lang.String, java.lang.String>)
2020-01-14 09:33:48.556  INFO [cat-file,,,] 10108 --- [main] s.b.a.e.w.s.WebMvcEndpointHandlerMapping : Mapped "{[/actuator/scheduledtasks],methods=[GET],produces=[application/vnd.spring-boot.actuator.v2+json || application/json]}" onto public java.lang.Object org.springframework.boot.actuate.endpoint.web.servlet.AbstractWebMvcEndpointHandlerMapping$OperationHandler.handle(javax.servlet.http.HttpServletRequest,java.util.Map<java.lang.String, java.lang.String>)
2020-01-14 09:33:48.556  INFO [cat-file,,,] 10108 --- [main] s.b.a.e.w.s.WebMvcEndpointHandlerMapping : Mapped "{[/actuator/httptrace],methods=[GET],produces=[application/vnd.spring-boot.actuator.v2+json || application/json]}" onto public java.lang.Object org.springframework.boot.actuate.endpoint.web.servlet.AbstractWebMvcEndpointHandlerMapping$OperationHandler.handle(javax.servlet.http.HttpServletRequest,java.util.Map<java.lang.String, java.lang.String>)
2020-01-14 09:33:48.556  INFO [cat-file,,,] 10108 --- [main] s.b.a.e.w.s.WebMvcEndpointHandlerMapping : Mapped "{[/actuator/mappings],methods=[GET],produces=[application/vnd.spring-boot.actuator.v2+json || application/json]}" onto public java.lang.Object org.springframework.boot.actuate.endpoint.web.servlet.AbstractWebMvcEndpointHandlerMapping$OperationHandler.handle(javax.servlet.http.HttpServletRequest,java.util.Map<java.lang.String, java.lang.String>)
2020-01-14 09:33:48.557  INFO [cat-file,,,] 10108 --- [main] s.b.a.e.w.s.WebMvcEndpointHandlerMapping : Mapped "{[/actuator/refresh],methods=[POST],produces=[application/vnd.spring-boot.actuator.v2+json || application/json]}" onto public java.lang.Object org.springframework.boot.actuate.endpoint.web.servlet.AbstractWebMvcEndpointHandlerMapping$OperationHandler.handle(javax.servlet.http.HttpServletRequest,java.util.Map<java.lang.String, java.lang.String>)
2020-01-14 09:33:48.557  INFO [cat-file,,,] 10108 --- [main] s.b.a.e.w.s.WebMvcEndpointHandlerMapping : Mapped "{[/actuator/features],methods=[GET],produces=[application/vnd.spring-boot.actuator.v2+json || application/json]}" onto public java.lang.Object org.springframework.boot.actuate.endpoint.web.servlet.AbstractWebMvcEndpointHandlerMapping$OperationHandler.handle(javax.servlet.http.HttpServletRequest,java.util.Map<java.lang.String, java.lang.String>)
2020-01-14 09:33:48.557  INFO [cat-file,,,] 10108 --- [main] s.b.a.e.w.s.WebMvcEndpointHandlerMapping : Mapped "{[/actuator/service-registry],methods=[GET],produces=[application/vnd.spring-boot.actuator.v2+json || application/json]}" onto public java.lang.Object org.springframework.boot.actuate.endpoint.web.servlet.AbstractWebMvcEndpointHandlerMapping$OperationHandler.handle(javax.servlet.http.HttpServletRequest,java.util.Map<java.lang.String, java.lang.String>)
2020-01-14 09:33:48.558  INFO [cat-file,,,] 10108 --- [main] s.b.a.e.w.s.WebMvcEndpointHandlerMapping : Mapped "{[/actuator/service-registry],methods=[POST],consumes=[application/vnd.spring-boot.actuator.v2+json || application/json],produces=[application/vnd.spring-boot.actuator.v2+json || application/json]}" onto public java.lang.Object org.springframework.boot.actuate.endpoint.web.servlet.AbstractWebMvcEndpointHandlerMapping$OperationHandler.handle(javax.servlet.http.HttpServletRequest,java.util.Map<java.lang.String, java.lang.String>)
2020-01-14 09:33:48.558  INFO [cat-file,,,] 10108 --- [main] s.b.a.e.w.s.WebMvcEndpointHandlerMapping : Mapped "{[/actuator],methods=[GET],produces=[application/vnd.spring-boot.actuator.v2+json || application/json]}" onto protected java.util.Map<java.lang.String, java.util.Map<java.lang.String, org.springframework.boot.actuate.endpoint.web.Link>> org.springframework.boot.actuate.endpoint.web.servlet.WebMvcEndpointHandlerMapping.links(javax.servlet.http.HttpServletRequest,javax.servlet.http.HttpServletResponse)
2020-01-14 09:33:49.277  INFO [cat-file,,,] 10108 --- [main] .s.s.UserDetailsServiceAutoConfiguration : 

Using generated security password: 7f246b93-cc01-4326-84a8-e51157b902e4

2020-01-14 09:33:49.565  INFO [cat-file,,,] 10108 --- [main] o.s.s.web.DefaultSecurityFilterChain     : Creating filter chain: org.springframework.security.web.util.matcher.AnyRequestMatcher@1, [org.springframework.security.web.context.request.async.WebAsyncManagerIntegrationFilter@4f98ac31, org.springframework.security.web.context.SecurityContextPersistenceFilter@12f3fcd, org.springframework.security.web.header.HeaderWriterFilter@442310fd, org.springframework.security.web.authentication.logout.LogoutFilter@2e7517aa, org.springframework.security.oauth2.provider.authentication.OAuth2AuthenticationProcessingFilter@36cf6377, org.springframework.security.web.authentication.www.BasicAuthenticationFilter@67a3dd86, org.springframework.security.web.savedrequest.RequestCacheAwareFilter@55f23335, org.springframework.security.web.servletapi.SecurityContextHolderAwareRequestFilter@3f2ef402, org.springframework.security.web.authentication.AnonymousAuthenticationFilter@5cb6abc8, org.springframework.security.web.session.SessionManagementFilter@56a9b662, org.springframework.security.web.access.ExceptionTranslationFilter@1906f982, org.springframework.security.web.access.intercept.FilterSecurityInterceptor@9a07409]
2020-01-14 09:33:49.634  INFO [cat-file,,,] 10108 --- [main] pertySourcedRequestMappingHandlerMapping : Mapped URL path [/v2/api-docs] onto method [public org.springframework.http.ResponseEntity<springfox.documentation.spring.web.json.Json> springfox.documentation.swagger2.web.Swagger2Controller.getDocumentation(java.lang.String,javax.servlet.http.HttpServletRequest)]
2020-01-14 09:33:49.688  INFO [cat-file,,,] 10108 --- [main] c.n.c.sources.URLConfigurationSource     : URLs to be used as dynamic configuration source: [file:/D:/git/cat/cat/cat-file-server/target/classes/config.properties]
2020-01-14 09:33:49.827  INFO [cat-file,,,] 10108 --- [main] o.s.w.s.handler.SimpleUrlHandlerMapping  : Mapped URL path [/**/favicon.ico] onto handler of type [class org.springframework.web.servlet.resource.ResourceHttpRequestHandler]
2020-01-14 09:33:50.080  INFO [cat-file,,,] 10108 --- [main] s.w.s.m.m.a.RequestMappingHandlerAdapter : Looking for @ControllerAdvice: org.springframework.boot.web.servlet.context.AnnotationConfigServletWebServerApplicationContext@661c46bc: startup date [Tue Jan 14 09:33:37 CST 2020]; parent: org.springframework.context.annotation.AnnotationConfigApplicationContext@41e1e210
2020-01-14 09:33:50.171  INFO [cat-file,,,] 10108 --- [main] o.s.w.s.handler.SimpleUrlHandlerMapping  : Mapped URL path [/webjars/**] onto handler of type [class org.springframework.web.servlet.resource.ResourceHttpRequestHandler]
2020-01-14 09:33:50.171  INFO [cat-file,,,] 10108 --- [main] o.s.w.s.handler.SimpleUrlHandlerMapping  : Mapped URL path [/**] onto handler of type [class org.springframework.web.servlet.resource.ResourceHttpRequestHandler]
2020-01-14 09:33:50.171  INFO [cat-file,,,] 10108 --- [main] o.s.w.s.handler.SimpleUrlHandlerMapping  : Mapped URL path [/statics/**] onto handler of type [class org.springframework.web.servlet.resource.ResourceHttpRequestHandler]
2020-01-14 09:33:50.203  INFO [cat-file,,,] 10108 --- [main] .m.m.a.ExceptionHandlerExceptionResolver : Detected @ExceptionHandler methods in exceptionHandlerAdvice
2020-01-14 09:33:50.371  INFO [cat-file,,,] 10108 --- [main] t.m.m.autoconfigure.MapperCacheDisabler  : Clear tk.mybatis.mapper.util.MsUtil CLASS_CACHE cache.
2020-01-14 09:33:50.372  INFO [cat-file,,,] 10108 --- [main] t.m.m.autoconfigure.MapperCacheDisabler  : Clear tk.mybatis.mapper.genid.GenIdUtil CACHE cache.
2020-01-14 09:33:50.373  INFO [cat-file,,,] 10108 --- [main] t.m.m.autoconfigure.MapperCacheDisabler  : Clear tk.mybatis.mapper.version.VersionUtil CACHE cache.
2020-01-14 09:33:50.375  INFO [cat-file,,,] 10108 --- [main] t.m.m.autoconfigure.MapperCacheDisabler  : Clear EntityHelper entityTableMap cache.
2020-01-14 09:33:52.179  INFO [cat-file,,,] 10108 --- [main] com.netflix.discovery.DiscoveryClient    : Shutting down DiscoveryClient ...
2020-01-14 09:33:52.188  INFO [cat-file,,,] 10108 --- [main] com.netflix.discovery.DiscoveryClient    : Completed shut down of DiscoveryClient
2020-01-14 09:33:52.339  INFO [cat-file,,,] 10108 --- [main] o.s.j.e.a.AnnotationMBeanExporter        : Registering beans for JMX exposure on startup
2020-01-14 09:33:52.342  INFO [cat-file,,,] 10108 --- [main] o.s.j.e.a.AnnotationMBeanExporter        : Bean with name 'dataSource' has been autodetected for JMX exposure
2020-01-14 09:33:52.356  INFO [cat-file,,,] 10108 --- [main] o.s.j.e.a.AnnotationMBeanExporter        : Bean with name 'rabbitConnectionFactory' has been autodetected for JMX exposure
2020-01-14 09:33:52.357  INFO [cat-file,,,] 10108 --- [main] o.s.j.e.a.AnnotationMBeanExporter        : Bean with name 'environmentManager' has been autodetected for JMX exposure
2020-01-14 09:33:52.358  INFO [cat-file,,,] 10108 --- [main] o.s.j.e.a.AnnotationMBeanExporter        : Bean with name 'refreshScope' has been autodetected for JMX exposure
2020-01-14 09:33:52.359  INFO [cat-file,,,] 10108 --- [main] o.s.j.e.a.AnnotationMBeanExporter        : Bean with name 'configurationPropertiesRebinder' has been autodetected for JMX exposure
2020-01-14 09:33:52.364  INFO [cat-file,,,] 10108 --- [main] o.s.j.e.a.AnnotationMBeanExporter        : Located managed bean 'environmentManager': registering with JMX server as MBean [org.springframework.cloud.context.environment:name=environmentManager,type=EnvironmentManager]
2020-01-14 09:33:52.374  INFO [cat-file,,,] 10108 --- [main] o.s.j.e.a.AnnotationMBeanExporter        : Located managed bean 'refreshScope': registering with JMX server as MBean [org.springframework.cloud.context.scope.refresh:name=refreshScope,type=RefreshScope]
2020-01-14 09:33:52.389  INFO [cat-file,,,] 10108 --- [main] o.s.j.e.a.AnnotationMBeanExporter        : Located managed bean 'configurationPropertiesRebinder': registering with JMX server as MBean [org.springframework.cloud.context.properties:name=configurationPropertiesRebinder,context=661c46bc,type=ConfigurationPropertiesRebinder]
2020-01-14 09:33:52.396  INFO [cat-file,,,] 10108 --- [main] o.s.j.e.a.AnnotationMBeanExporter        : Located MBean 'dataSource': registering with JMX server as MBean [com.zaxxer.hikari:name=dataSource,type=HikariDataSource]
2020-01-14 09:33:52.398  INFO [cat-file,,,] 10108 --- [main] o.s.j.e.a.AnnotationMBeanExporter        : Located managed bean 'rabbitConnectionFactory': registering with JMX server as MBean [org.springframework.amqp.rabbit.connection:name=rabbitConnectionFactory,type=CachingConnectionFactory]
2020-01-14 09:33:52.435  INFO [cat-file,,,] 10108 --- [main] o.s.c.support.DefaultLifecycleProcessor  : Starting beans in phase 0
2020-01-14 09:33:52.439  INFO [cat-file,,,] 10108 --- [main] o.s.c.n.eureka.InstanceInfoFactory       : Setting initial instance status as: STARTING
2020-01-14 09:33:52.448  INFO [cat-file,,,] 10108 --- [main] com.netflix.discovery.DiscoveryClient    : Initializing Eureka in region us-east-1
2020-01-14 09:33:52.451  INFO [cat-file,,,] 10108 --- [main] c.n.d.provider.DiscoveryJerseyProvider   : Using JSON encoding codec LegacyJacksonJson
2020-01-14 09:33:52.451  INFO [cat-file,,,] 10108 --- [main] c.n.d.provider.DiscoveryJerseyProvider   : Using JSON decoding codec LegacyJacksonJson
2020-01-14 09:33:52.452  INFO [cat-file,,,] 10108 --- [main] c.n.d.provider.DiscoveryJerseyProvider   : Using XML encoding codec XStreamXml
2020-01-14 09:33:52.452  INFO [cat-file,,,] 10108 --- [main] c.n.d.provider.DiscoveryJerseyProvider   : Using XML decoding codec XStreamXml
2020-01-14 09:33:52.506  INFO [cat-file,,,] 10108 --- [main] c.n.d.s.r.aws.ConfigClusterResolver      : Resolving eureka endpoints via configuration
2020-01-14 09:33:52.506  INFO [cat-file,,,] 10108 --- [main] com.netflix.discovery.DiscoveryClient    : Disable delta property : false
2020-01-14 09:33:52.507  INFO [cat-file,,,] 10108 --- [main] com.netflix.discovery.DiscoveryClient    : Single vip registry refresh property : null
2020-01-14 09:33:52.507  INFO [cat-file,,,] 10108 --- [main] com.netflix.discovery.DiscoveryClient    : Force full registry fetch : false
2020-01-14 09:33:52.507  INFO [cat-file,,,] 10108 --- [main] com.netflix.discovery.DiscoveryClient    : Application is null : false
2020-01-14 09:33:52.507  INFO [cat-file,,,] 10108 --- [main] com.netflix.discovery.DiscoveryClient    : Registered Applications size is zero : true
2020-01-14 09:33:52.507  INFO [cat-file,,,] 10108 --- [main] com.netflix.discovery.DiscoveryClient    : Application version is -1: true
2020-01-14 09:33:52.507  INFO [cat-file,,,] 10108 --- [main] com.netflix.discovery.DiscoveryClient    : Getting all instance registry info from the eureka server
2020-01-14 09:33:52.512  INFO [cat-file,,,] 10108 --- [main] com.netflix.discovery.DiscoveryClient    : The response status is 200
2020-01-14 09:33:52.513  INFO [cat-file,,,] 10108 --- [main] com.netflix.discovery.DiscoveryClient    : Starting heartbeat executor: renew interval is: 5
2020-01-14 09:33:52.515  INFO [cat-file,,,] 10108 --- [main] c.n.discovery.InstanceInfoReplicator     : InstanceInfoReplicator onDemand update allowed rate per min is 4
2020-01-14 09:33:52.517  INFO [cat-file,,,] 10108 --- [main] com.netflix.discovery.DiscoveryClient    : Discovery Client initialized at timestamp 1578965632517 with initial instances count: 11
2020-01-14 09:33:52.530  INFO [cat-file,,,] 10108 --- [main] o.s.c.n.e.s.EurekaServiceRegistry        : Registering application cat-file with eureka with status UP
2020-01-14 09:33:52.531  INFO [cat-file,,,] 10108 --- [main] com.netflix.discovery.DiscoveryClient    : Saw local status change event StatusChangeEvent [timestamp=1578965632531, current=UP, previous=STARTING]
2020-01-14 09:33:52.532  INFO [cat-file,,,] 10108 --- [DiscoveryClient-InstanceInfoReplicator-0] com.netflix.discovery.DiscoveryClient    : DiscoveryClient_CAT-FILE/DESKTOP-EKIV9A4:cat-file:8801: registering service...
2020-01-14 09:33:52.535  INFO [cat-file,,,] 10108 --- [main] o.s.c.support.DefaultLifecycleProcessor  : Starting beans in phase 2147483647
2020-01-14 09:33:52.535  INFO [cat-file,,,] 10108 --- [main] d.s.w.p.DocumentationPluginsBootstrapper : Context refreshed
2020-01-14 09:33:52.561  INFO [cat-file,,,] 10108 --- [main] d.s.w.p.DocumentationPluginsBootstrapper : Found 1 custom documentation plugin(s)
2020-01-14 09:33:52.564  INFO [cat-file,,,] 10108 --- [DiscoveryClient-InstanceInfoReplicator-0] com.netflix.discovery.DiscoveryClient    : DiscoveryClient_CAT-FILE/DESKTOP-EKIV9A4:cat-file:8801 - registration status: 204
2020-01-14 09:33:52.612  INFO [cat-file,,,] 10108 --- [main] s.d.s.w.s.ApiListingReferenceScanner     : Scanning for api listing references
2020-01-14 09:33:52.756  INFO [cat-file,,,] 10108 --- [main] .d.s.w.r.o.CachingOperationNameGenerator : Generating unique operation named: deleteUsingDELETE_1
2020-01-14 09:33:52.759  INFO [cat-file,,,] 10108 --- [main] .d.s.w.r.o.CachingOperationNameGenerator : Generating unique operation named: findByIdUsingGET_1
2020-01-14 09:33:52.762  INFO [cat-file,,,] 10108 --- [main] .d.s.w.r.o.CachingOperationNameGenerator : Generating unique operation named: findFilesUsingGET_1
2020-01-14 09:33:52.763  INFO [cat-file,,,] 10108 --- [main] .d.s.w.r.o.CachingOperationNameGenerator : Generating unique operation named: uploadUsingPOST_1
2020-01-14 09:33:52.765  INFO [cat-file,,,] 10108 --- [main] .d.s.w.r.o.CachingOperationNameGenerator : Generating unique operation named: uploadLayuiUsingPOST_1
2020-01-14 09:33:52.769  INFO [cat-file,,,] 10108 --- [main] .d.s.w.r.o.CachingOperationNameGenerator : Generating unique operation named: handleUsingGET_1
2020-01-14 09:33:52.771  INFO [cat-file,,,] 10108 --- [main] .d.s.w.r.o.CachingOperationNameGenerator : Generating unique operation named: handleUsingGET_2
2020-01-14 09:33:52.772  INFO [cat-file,,,] 10108 --- [main] .d.s.w.r.o.CachingOperationNameGenerator : Generating unique operation named: handleUsingGET_3
2020-01-14 09:33:52.773  INFO [cat-file,,,] 10108 --- [main] .d.s.w.r.o.CachingOperationNameGenerator : Generating unique operation named: handleUsingGET_4
2020-01-14 09:33:52.774  INFO [cat-file,,,] 10108 --- [main] .d.s.w.r.o.CachingOperationNameGenerator : Generating unique operation named: handleUsingGET_5
2020-01-14 09:33:52.775  INFO [cat-file,,,] 10108 --- [main] .d.s.w.r.o.CachingOperationNameGenerator : Generating unique operation named: handleUsingGET_6
2020-01-14 09:33:52.778  INFO [cat-file,,,] 10108 --- [main] .d.s.w.r.o.CachingOperationNameGenerator : Generating unique operation named: handleUsingGET_7
2020-01-14 09:33:52.779  INFO [cat-file,,,] 10108 --- [main] .d.s.w.r.o.CachingOperationNameGenerator : Generating unique operation named: handleUsingGET_8
2020-01-14 09:33:52.779  INFO [cat-file,,,] 10108 --- [main] .d.s.w.r.o.CachingOperationNameGenerator : Generating unique operation named: handleUsingGET_9
2020-01-14 09:33:52.780  INFO [cat-file,,,] 10108 --- [main] .d.s.w.r.o.CachingOperationNameGenerator : Generating unique operation named: handleUsingGET_10
2020-01-14 09:33:52.782  INFO [cat-file,,,] 10108 --- [main] .d.s.w.r.o.CachingOperationNameGenerator : Generating unique operation named: handleUsingGET_11
2020-01-14 09:33:52.783  INFO [cat-file,,,] 10108 --- [main] .d.s.w.r.o.CachingOperationNameGenerator : Generating unique operation named: handleUsingGET_12
2020-01-14 09:33:52.784  INFO [cat-file,,,] 10108 --- [main] .d.s.w.r.o.CachingOperationNameGenerator : Generating unique operation named: handleUsingGET_13
2020-01-14 09:33:52.785  INFO [cat-file,,,] 10108 --- [main] .d.s.w.r.o.CachingOperationNameGenerator : Generating unique operation named: handleUsingPOST_1
2020-01-14 09:33:52.786  INFO [cat-file,,,] 10108 --- [main] .d.s.w.r.o.CachingOperationNameGenerator : Generating unique operation named: handleUsingGET_14
2020-01-14 09:33:52.788  INFO [cat-file,,,] 10108 --- [main] .d.s.w.r.o.CachingOperationNameGenerator : Generating unique operation named: handleUsingGET_15
2020-01-14 09:33:52.789  INFO [cat-file,,,] 10108 --- [main] .d.s.w.r.o.CachingOperationNameGenerator : Generating unique operation named: handleUsingGET_16
2020-01-14 09:33:52.790  INFO [cat-file,,,] 10108 --- [main] .d.s.w.r.o.CachingOperationNameGenerator : Generating unique operation named: handleUsingGET_17
2020-01-14 09:33:52.791  INFO [cat-file,,,] 10108 --- [main] .d.s.w.r.o.CachingOperationNameGenerator : Generating unique operation named: handleUsingPOST_2
2020-01-14 09:33:52.792  INFO [cat-file,,,] 10108 --- [main] .d.s.w.r.o.CachingOperationNameGenerator : Generating unique operation named: handleUsingGET_18
2020-01-14 09:33:52.793  INFO [cat-file,,,] 10108 --- [main] .d.s.w.r.o.CachingOperationNameGenerator : Generating unique operation named: handleUsingGET_19
2020-01-14 09:33:52.793  INFO [cat-file,,,] 10108 --- [main] .d.s.w.r.o.CachingOperationNameGenerator : Generating unique operation named: handleUsingPOST_3
2020-01-14 09:33:52.794  INFO [cat-file,,,] 10108 --- [main] .d.s.w.r.o.CachingOperationNameGenerator : Generating unique operation named: handleUsingGET_20
2020-01-14 09:33:52.859  INFO [cat-file,,,] 10108 --- [main] o.a.c.c.C.[Tomcat].[localhost].[/]       : Initializing Spring FrameworkServlet 'dispatcherServlet'
2020-01-14 09:33:52.859  INFO [cat-file,,,] 10108 --- [main] o.s.web.servlet.DispatcherServlet        : FrameworkServlet 'dispatcherServlet': initialization started
2020-01-14 09:33:52.910  INFO [cat-file,,,] 10108 --- [main] o.s.web.servlet.DispatcherServlet        : FrameworkServlet 'dispatcherServlet': initialization completed in 50 ms
2020-01-14 09:33:52.912  INFO [cat-file,,,] 10108 --- [main] o.s.b.w.embedded.tomcat.TomcatWebServer  : Tomcat started on port(s): 8801 (http) with context path ''
2020-01-14 09:33:52.914  INFO [cat-file,,,] 10108 --- [main] .s.c.n.e.s.EurekaAutoServiceRegistration : Updating port to 8801
2020-01-14 09:33:52.916  INFO [cat-file,,,] 10108 --- [main] c.x.z.c.CatFileServerApplication         : Started CatFileServerApplication in 22.94 seconds (JVM running for 25.225)
2020-01-14 09:33:54.061  INFO [cat-file,,,] 10108 --- [RMI TCP Connection(5)-192.168.5.64] o.s.a.r.c.CachingConnectionFactory       : Attempting to connect to: [localhost:5672]
2020-01-14 09:33:54.111  INFO [cat-file,,,] 10108 --- [RMI TCP Connection(5)-192.168.5.64] o.s.a.r.c.CachingConnectionFactory       : Created new connection: rabbitConnectionFactory#123ea804:0/SimpleConnection@51328f80 [delegate=amqp://pig@127.0.0.1:5672/, localPort= 50846]
2020-01-14 09:33:54.161  INFO [cat-file,,,] 10108 --- [RMI TCP Connection(5)-192.168.5.64] com.zaxxer.hikari.HikariDataSource       : HikariPool-1 - Starting...
2020-01-14 09:33:54.335  INFO [cat-file,,,] 10108 --- [RMI TCP Connection(5)-192.168.5.64] com.zaxxer.hikari.HikariDataSource       : HikariPool-1 - Start completed.
2020-01-14 09:33:54.361  INFO [cat-file,,,] 10108 --- [RMI TCP Connection(5)-192.168.5.64] c.c.c.ConfigServicePropertySourceLocator : Fetching config from server at : http://192.168.5.64:8771/
2020-01-14 09:33:55.121  INFO [cat-file,,,] 10108 --- [RMI TCP Connection(5)-192.168.5.64] c.c.c.ConfigServicePropertySourceLocator : Located environment: name=cat-file, profiles=[dev], label=null, version=null, state=null
2020-01-14 09:38:52.510  INFO [cat-file,,,] 10108 --- [AsyncResolver-bootstrap-executor-0] c.n.d.s.r.aws.ConfigClusterResolver      : Resolving eureka endpoints via configuration
2020-01-14 09:43:49.362  INFO [cat-file,,,] 10108 --- [AsyncReporter{org.springframework.cloud.sleuth.zipkin2.sender.RestTemplateSender@2a1cbeea}] s.c.a.AnnotationConfigApplicationContext : Refreshing SpringClientFactory-localhost: startup date [Tue Jan 14 09:43:49 CST 2020]; parent: org.springframework.boot.web.servlet.context.AnnotationConfigServletWebServerApplicationContext@661c46bc
2020-01-14 09:43:49.494  INFO [cat-file,,,] 10108 --- [AsyncReporter{org.springframework.cloud.sleuth.zipkin2.sender.RestTemplateSender@2a1cbeea}] f.a.AutowiredAnnotationBeanPostProcessor : JSR-330 'javax.inject.Inject' annotation found and supported for autowiring
2020-01-14 09:43:49.890  INFO [cat-file,,,] 10108 --- [AsyncReporter{org.springframework.cloud.sleuth.zipkin2.sender.RestTemplateSender@2a1cbeea}] c.netflix.config.ChainedDynamicProperty  : Flipping property: localhost.ribbon.ActiveConnectionsLimit to use NEXT property: niws.loadbalancer.availabilityFilteringRule.activeConnectionsLimit = 2147483647
2020-01-14 09:43:49.928  INFO [cat-file,,,] 10108 --- [AsyncReporter{org.springframework.cloud.sleuth.zipkin2.sender.RestTemplateSender@2a1cbeea}] c.n.u.concurrent.ShutdownEnabledTimer    : Shutdown hook installed for: NFLoadBalancer-PingTimer-localhost
2020-01-14 09:43:49.938  INFO [cat-file,,,] 10108 --- [AsyncReporter{org.springframework.cloud.sleuth.zipkin2.sender.RestTemplateSender@2a1cbeea}] c.netflix.loadbalancer.BaseLoadBalancer  : Client: localhost instantiated a LoadBalancer: DynamicServerListLoadBalancer:{NFLoadBalancer:name=localhost,current list of Servers=[],Load balancer stats=Zone stats: {},Server stats: []}ServerList:null
2020-01-14 09:43:49.946  INFO [cat-file,,,] 10108 --- [AsyncReporter{org.springframework.cloud.sleuth.zipkin2.sender.RestTemplateSender@2a1cbeea}] c.n.l.DynamicServerListLoadBalancer      : Using serverListUpdater PollingServerListUpdater
2020-01-14 09:43:49.953  INFO [cat-file,,,] 10108 --- [AsyncReporter{org.springframework.cloud.sleuth.zipkin2.sender.RestTemplateSender@2a1cbeea}] c.n.l.DynamicServerListLoadBalancer      : DynamicServerListLoadBalancer for client localhost initialized: DynamicServerListLoadBalancer:{NFLoadBalancer:name=localhost,current list of Servers=[],Load balancer stats=Zone stats: {},Server stats: []}ServerList:org.springframework.cloud.netflix.ribbon.eureka.DomainExtractingServerList@570f40b4
2020-01-14 09:43:52.515  INFO [cat-file,,,] 10108 --- [AsyncResolver-bootstrap-executor-0] c.n.d.s.r.aws.ConfigClusterResolver      : Resolving eureka endpoints via configuration
2020-01-14 09:48:52.516  INFO [cat-file,,,] 10108 --- [AsyncResolver-bootstrap-executor-0] c.n.d.s.r.aws.ConfigClusterResolver      : Resolving eureka endpoints via configuration
2020-01-14 09:53:52.518  INFO [cat-file,,,] 10108 --- [AsyncResolver-bootstrap-executor-0] c.n.d.s.r.aws.ConfigClusterResolver      : Resolving eureka endpoints via configuration
2020-01-14 09:58:52.519  INFO [cat-file,,,] 10108 --- [AsyncResolver-bootstrap-executor-0] c.n.d.s.r.aws.ConfigClusterResolver      : Resolving eureka endpoints via configuration
2020-01-14 10:03:52.521  INFO [cat-file,,,] 10108 --- [AsyncResolver-bootstrap-executor-0] c.n.d.s.r.aws.ConfigClusterResolver      : Resolving eureka endpoints via configuration
2020-01-14 10:08:52.523  INFO [cat-file,,,] 10108 --- [AsyncResolver-bootstrap-executor-0] c.n.d.s.r.aws.ConfigClusterResolver      : Resolving eureka endpoints via configuration
2020-01-14 10:13:52.525  INFO [cat-file,,,] 10108 --- [AsyncResolver-bootstrap-executor-0] c.n.d.s.r.aws.ConfigClusterResolver      : Resolving eureka endpoints via configuration
2020-01-14 10:18:52.527  INFO [cat-file,,,] 10108 --- [AsyncResolver-bootstrap-executor-0] c.n.d.s.r.aws.ConfigClusterResolver      : Resolving eureka endpoints via configuration
2020-01-14 10:23:52.528  INFO [cat-file,,,] 10108 --- [AsyncResolver-bootstrap-executor-0] c.n.d.s.r.aws.ConfigClusterResolver      : Resolving eureka endpoints via configuration
2020-01-14 10:28:52.530  INFO [cat-file,,,] 10108 --- [AsyncResolver-bootstrap-executor-0] c.n.d.s.r.aws.ConfigClusterResolver      : Resolving eureka endpoints via configuration
2020-01-14 10:33:52.540  INFO [cat-file,,,] 10108 --- [AsyncResolver-bootstrap-executor-0] c.n.d.s.r.aws.ConfigClusterResolver      : Resolving eureka endpoints via configuration
2020-01-14 10:38:52.543  INFO [cat-file,,,] 10108 --- [AsyncResolver-bootstrap-executor-0] c.n.d.s.r.aws.ConfigClusterResolver      : Resolving eureka endpoints via configuration
2020-01-14 10:43:52.545  INFO [cat-file,,,] 10108 --- [AsyncResolver-bootstrap-executor-0] c.n.d.s.r.aws.ConfigClusterResolver      : Resolving eureka endpoints via configuration
2020-01-14 10:48:52.547  INFO [cat-file,,,] 10108 --- [AsyncResolver-bootstrap-executor-0] c.n.d.s.r.aws.ConfigClusterResolver      : Resolving eureka endpoints via configuration
2020-01-14 10:53:52.548  INFO [cat-file,,,] 10108 --- [AsyncResolver-bootstrap-executor-0] c.n.d.s.r.aws.ConfigClusterResolver      : Resolving eureka endpoints via configuration
2020-01-14 10:58:52.550  INFO [cat-file,,,] 10108 --- [AsyncResolver-bootstrap-executor-0] c.n.d.s.r.aws.ConfigClusterResolver      : Resolving eureka endpoints via configuration
2020-01-14 11:03:52.552  INFO [cat-file,,,] 10108 --- [AsyncResolver-bootstrap-executor-0] c.n.d.s.r.aws.ConfigClusterResolver      : Resolving eureka endpoints via configuration
2020-01-14 11:08:52.553  INFO [cat-file,,,] 10108 --- [AsyncResolver-bootstrap-executor-0] c.n.d.s.r.aws.ConfigClusterResolver      : Resolving eureka endpoints via configuration
2020-01-14 11:13:52.554  INFO [cat-file,,,] 10108 --- [AsyncResolver-bootstrap-executor-0] c.n.d.s.r.aws.ConfigClusterResolver      : Resolving eureka endpoints via configuration
2020-01-14 11:18:52.556  INFO [cat-file,,,] 10108 --- [AsyncResolver-bootstrap-executor-0] c.n.d.s.r.aws.ConfigClusterResolver      : Resolving eureka endpoints via configuration
2020-01-14 11:23:24.088  INFO [cat-file,,,] 10108 --- [ForkJoinPool.commonPool-worker-1] c.x.zly_xyx.cat_log_operate.LogAop       : Log(id=null, username=admin, module=, params={"params":{"draw":"1","columns[0][data]":"name","columns[0][name]":"","columns[0][searchable]":"true","columns[0][orderable]":"false","columns[0][search][value]":"","columns[0][search][regex]":"false","columns[1][data]":"url","columns[1][name]":"","columns[1][searchable]":"true","columns[1][orderable]":"false","columns[1][search][value]":"","columns[1][search][regex]":"false","columns[2][data]":"source","columns[2][name]":"","columns[2][searchable]":"true","columns[2][orderable]":"false","columns[2][search][value]":"","columns[2][search][regex]":"false","columns[3][data]":"path","columns[3][name]":"","columns[3][searchable]":"true","columns[3][orderable]":"false","columns[3][search][value]":"","columns[3][search][regex]":"false","columns[4][data]":"contentType","columns[4][name]":"","columns[4][searchable]":"true","columns[4][orderable]":"false","columns[4][search][value]":"","columns[4][search][regex]":"false","columns[5][data]":"createTime","columns[5][name]":"","columns[5][searchable]":"true","columns[5][orderable]":"false","columns[5][search][value]":"","columns[5][search][regex]":"false","columns[6][data]":"","columns[6][name]":"","columns[6][searchable]":"true","columns[6][orderable]":"false","columns[6][search][value]":"","columns[6][search][regex]":"false","start":"0","length":"10","search[value]":"","search[regex]":"false","beginTime":"","endTime":"","_":"1578972205830"}}, remark=null, flag=true, createTime=Tue Jan 14 11:23:23 CST 2020)
2020-01-14 11:23:52.557  INFO [cat-file,,,] 10108 --- [AsyncResolver-bootstrap-executor-0] c.n.d.s.r.aws.ConfigClusterResolver      : Resolving eureka endpoints via configuration
2020-01-14 11:28:52.566  INFO [cat-file,,,] 10108 --- [AsyncResolver-bootstrap-executor-0] c.n.d.s.r.aws.ConfigClusterResolver      : Resolving eureka endpoints via configuration
2020-01-14 11:33:52.568  INFO [cat-file,,,] 10108 --- [AsyncResolver-bootstrap-executor-0] c.n.d.s.r.aws.ConfigClusterResolver      : Resolving eureka endpoints via configuration
2020-01-14 11:38:52.585  INFO [cat-file,,,] 10108 --- [AsyncResolver-bootstrap-executor-0] c.n.d.s.r.aws.ConfigClusterResolver      : Resolving eureka endpoints via configuration
2020-01-14 11:43:52.591  INFO [cat-file,,,] 10108 --- [AsyncResolver-bootstrap-executor-0] c.n.d.s.r.aws.ConfigClusterResolver      : Resolving eureka endpoints via configuration
2020-01-14 11:48:52.594  INFO [cat-file,,,] 10108 --- [AsyncResolver-bootstrap-executor-0] c.n.d.s.r.aws.ConfigClusterResolver      : Resolving eureka endpoints via configuration
2020-01-14 11:53:52.603  INFO [cat-file,,,] 10108 --- [AsyncResolver-bootstrap-executor-0] c.n.d.s.r.aws.ConfigClusterResolver      : Resolving eureka endpoints via configuration
2020-01-14 11:58:52.605  INFO [cat-file,,,] 10108 --- [AsyncResolver-bootstrap-executor-0] c.n.d.s.r.aws.ConfigClusterResolver      : Resolving eureka endpoints via configuration
2020-01-14 12:03:52.606  INFO [cat-file,,,] 10108 --- [AsyncResolver-bootstrap-executor-0] c.n.d.s.r.aws.ConfigClusterResolver      : Resolving eureka endpoints via configuration
2020-01-14 12:08:52.607  INFO [cat-file,,,] 10108 --- [AsyncResolver-bootstrap-executor-0] c.n.d.s.r.aws.ConfigClusterResolver      : Resolving eureka endpoints via configuration
2020-01-14 12:13:52.610  INFO [cat-file,,,] 10108 --- [AsyncResolver-bootstrap-executor-0] c.n.d.s.r.aws.ConfigClusterResolver      : Resolving eureka endpoints via configuration
2020-01-14 12:18:52.612  INFO [cat-file,,,] 10108 --- [AsyncResolver-bootstrap-executor-0] c.n.d.s.r.aws.ConfigClusterResolver      : Resolving eureka endpoints via configuration
2020-01-14 12:23:52.613  INFO [cat-file,,,] 10108 --- [AsyncResolver-bootstrap-executor-0] c.n.d.s.r.aws.ConfigClusterResolver      : Resolving eureka endpoints via configuration
2020-01-14 12:28:52.622  INFO [cat-file,,,] 10108 --- [AsyncResolver-bootstrap-executor-0] c.n.d.s.r.aws.ConfigClusterResolver      : Resolving eureka endpoints via configuration
2020-01-14 12:33:52.625  INFO [cat-file,,,] 10108 --- [AsyncResolver-bootstrap-executor-0] c.n.d.s.r.aws.ConfigClusterResolver      : Resolving eureka endpoints via configuration
2020-01-14 12:38:52.626  INFO [cat-file,,,] 10108 --- [AsyncResolver-bootstrap-executor-0] c.n.d.s.r.aws.ConfigClusterResolver      : Resolving eureka endpoints via configuration
2020-01-14 12:43:52.629  INFO [cat-file,,,] 10108 --- [AsyncResolver-bootstrap-executor-0] c.n.d.s.r.aws.ConfigClusterResolver      : Resolving eureka endpoints via configuration
2020-01-14 12:48:52.632  INFO [cat-file,,,] 10108 --- [AsyncResolver-bootstrap-executor-0] c.n.d.s.r.aws.ConfigClusterResolver      : Resolving eureka endpoints via configuration
2020-01-14 12:53:52.634  INFO [cat-file,,,] 10108 --- [AsyncResolver-bootstrap-executor-0] c.n.d.s.r.aws.ConfigClusterResolver      : Resolving eureka endpoints via configuration
2020-01-14 12:58:52.637  INFO [cat-file,,,] 10108 --- [AsyncResolver-bootstrap-executor-0] c.n.d.s.r.aws.ConfigClusterResolver      : Resolving eureka endpoints via configuration
2020-01-14 13:03:52.642  INFO [cat-file,,,] 10108 --- [AsyncResolver-bootstrap-executor-0] c.n.d.s.r.aws.ConfigClusterResolver      : Resolving eureka endpoints via configuration
2020-01-14 13:08:52.643  INFO [cat-file,,,] 10108 --- [AsyncResolver-bootstrap-executor-0] c.n.d.s.r.aws.ConfigClusterResolver      : Resolving eureka endpoints via configuration
2020-01-14 13:13:52.644  INFO [cat-file,,,] 10108 --- [AsyncResolver-bootstrap-executor-0] c.n.d.s.r.aws.ConfigClusterResolver      : Resolving eureka endpoints via configuration
2020-01-14 13:18:52.646  INFO [cat-file,,,] 10108 --- [AsyncResolver-bootstrap-executor-0] c.n.d.s.r.aws.ConfigClusterResolver      : Resolving eureka endpoints via configuration
2020-01-14 13:23:52.647  INFO [cat-file,,,] 10108 --- [AsyncResolver-bootstrap-executor-0] c.n.d.s.r.aws.ConfigClusterResolver      : Resolving eureka endpoints via configuration
2020-01-14 13:28:52.648  INFO [cat-file,,,] 10108 --- [AsyncResolver-bootstrap-executor-0] c.n.d.s.r.aws.ConfigClusterResolver      : Resolving eureka endpoints via configuration
2020-01-14 13:33:52.650  INFO [cat-file,,,] 10108 --- [AsyncResolver-bootstrap-executor-0] c.n.d.s.r.aws.ConfigClusterResolver      : Resolving eureka endpoints via configuration
2020-01-14 13:38:52.659  INFO [cat-file,,,] 10108 --- [AsyncResolver-bootstrap-executor-0] c.n.d.s.r.aws.ConfigClusterResolver      : Resolving eureka endpoints via configuration
2020-01-14 13:43:52.662  INFO [cat-file,,,] 10108 --- [AsyncResolver-bootstrap-executor-0] c.n.d.s.r.aws.ConfigClusterResolver      : Resolving eureka endpoints via configuration
2020-01-14 13:48:52.664  INFO [cat-file,,,] 10108 --- [AsyncResolver-bootstrap-executor-0] c.n.d.s.r.aws.ConfigClusterResolver      : Resolving eureka endpoints via configuration
2020-01-14 13:53:52.666  INFO [cat-file,,,] 10108 --- [AsyncResolver-bootstrap-executor-0] c.n.d.s.r.aws.ConfigClusterResolver      : Resolving eureka endpoints via configuration
2020-01-14 13:58:52.667  INFO [cat-file,,,] 10108 --- [AsyncResolver-bootstrap-executor-0] c.n.d.s.r.aws.ConfigClusterResolver      : Resolving eureka endpoints via configuration
2020-01-14 14:03:52.670  INFO [cat-file,,,] 10108 --- [AsyncResolver-bootstrap-executor-0] c.n.d.s.r.aws.ConfigClusterResolver      : Resolving eureka endpoints via configuration
2020-01-14 14:08:52.671  INFO [cat-file,,,] 10108 --- [AsyncResolver-bootstrap-executor-0] c.n.d.s.r.aws.ConfigClusterResolver      : Resolving eureka endpoints via configuration
2020-01-14 14:13:52.673  INFO [cat-file,,,] 10108 --- [AsyncResolver-bootstrap-executor-0] c.n.d.s.r.aws.ConfigClusterResolver      : Resolving eureka endpoints via configuration
2020-01-14 14:18:52.675  INFO [cat-file,,,] 10108 --- [AsyncResolver-bootstrap-executor-0] c.n.d.s.r.aws.ConfigClusterResolver      : Resolving eureka endpoints via configuration
2020-01-14 14:23:52.676  INFO [cat-file,,,] 10108 --- [AsyncResolver-bootstrap-executor-0] c.n.d.s.r.aws.ConfigClusterResolver      : Resolving eureka endpoints via configuration
2020-01-14 14:28:52.686  INFO [cat-file,,,] 10108 --- [AsyncResolver-bootstrap-executor-0] c.n.d.s.r.aws.ConfigClusterResolver      : Resolving eureka endpoints via configuration
2020-01-14 14:33:52.688  INFO [cat-file,,,] 10108 --- [AsyncResolver-bootstrap-executor-0] c.n.d.s.r.aws.ConfigClusterResolver      : Resolving eureka endpoints via configuration
2020-01-14 14:38:52.689  INFO [cat-file,,,] 10108 --- [AsyncResolver-bootstrap-executor-0] c.n.d.s.r.aws.ConfigClusterResolver      : Resolving eureka endpoints via configuration
2020-01-14 14:43:52.692  INFO [cat-file,,,] 10108 --- [AsyncResolver-bootstrap-executor-0] c.n.d.s.r.aws.ConfigClusterResolver      : Resolving eureka endpoints via configuration
2020-01-14 14:48:52.694  INFO [cat-file,,,] 10108 --- [AsyncResolver-bootstrap-executor-0] c.n.d.s.r.aws.ConfigClusterResolver      : Resolving eureka endpoints via configuration
2020-01-14 14:53:52.696  INFO [cat-file,,,] 10108 --- [AsyncResolver-bootstrap-executor-0] c.n.d.s.r.aws.ConfigClusterResolver      : Resolving eureka endpoints via configuration
2020-01-14 14:58:52.699  INFO [cat-file,,,] 10108 --- [AsyncResolver-bootstrap-executor-0] c.n.d.s.r.aws.ConfigClusterResolver      : Resolving eureka endpoints via configuration
2020-01-14 15:03:52.701  INFO [cat-file,,,] 10108 --- [AsyncResolver-bootstrap-executor-0] c.n.d.s.r.aws.ConfigClusterResolver      : Resolving eureka endpoints via configuration
2020-01-14 15:08:52.702  INFO [cat-file,,,] 10108 --- [AsyncResolver-bootstrap-executor-0] c.n.d.s.r.aws.ConfigClusterResolver      : Resolving eureka endpoints via configuration
2020-01-14 15:13:52.712  INFO [cat-file,,,] 10108 --- [AsyncResolver-bootstrap-executor-0] c.n.d.s.r.aws.ConfigClusterResolver      : Resolving eureka endpoints via configuration
2020-01-14 15:18:52.715  INFO [cat-file,,,] 10108 --- [AsyncResolver-bootstrap-executor-0] c.n.d.s.r.aws.ConfigClusterResolver      : Resolving eureka endpoints via configuration
2020-01-14 15:23:52.717  INFO [cat-file,,,] 10108 --- [AsyncResolver-bootstrap-executor-0] c.n.d.s.r.aws.ConfigClusterResolver      : Resolving eureka endpoints via configuration
2020-01-14 15:28:52.718  INFO [cat-file,,,] 10108 --- [AsyncResolver-bootstrap-executor-0] c.n.d.s.r.aws.ConfigClusterResolver      : Resolving eureka endpoints via configuration
2020-01-14 15:33:52.729  INFO [cat-file,,,] 10108 --- [AsyncResolver-bootstrap-executor-0] c.n.d.s.r.aws.ConfigClusterResolver      : Resolving eureka endpoints via configuration
2020-01-14 15:38:52.738  INFO [cat-file,,,] 10108 --- [AsyncResolver-bootstrap-executor-0] c.n.d.s.r.aws.ConfigClusterResolver      : Resolving eureka endpoints via configuration
2020-01-14 15:43:52.740  INFO [cat-file,,,] 10108 --- [AsyncResolver-bootstrap-executor-0] c.n.d.s.r.aws.ConfigClusterResolver      : Resolving eureka endpoints via configuration
2020-01-14 15:48:52.741  INFO [cat-file,,,] 10108 --- [AsyncResolver-bootstrap-executor-0] c.n.d.s.r.aws.ConfigClusterResolver      : Resolving eureka endpoints via configuration
2020-01-14 15:53:52.743  INFO [cat-file,,,] 10108 --- [AsyncResolver-bootstrap-executor-0] c.n.d.s.r.aws.ConfigClusterResolver      : Resolving eureka endpoints via configuration
2020-01-14 15:58:52.744  INFO [cat-file,,,] 10108 --- [AsyncResolver-bootstrap-executor-0] c.n.d.s.r.aws.ConfigClusterResolver      : Resolving eureka endpoints via configuration
2020-01-14 16:03:52.752  INFO [cat-file,,,] 10108 --- [AsyncResolver-bootstrap-executor-0] c.n.d.s.r.aws.ConfigClusterResolver      : Resolving eureka endpoints via configuration
2020-01-14 16:08:52.763  INFO [cat-file,,,] 10108 --- [AsyncResolver-bootstrap-executor-0] c.n.d.s.r.aws.ConfigClusterResolver      : Resolving eureka endpoints via configuration
2020-01-14 16:13:52.764  INFO [cat-file,,,] 10108 --- [AsyncResolver-bootstrap-executor-0] c.n.d.s.r.aws.ConfigClusterResolver      : Resolving eureka endpoints via configuration
2020-01-14 16:18:52.774  INFO [cat-file,,,] 10108 --- [AsyncResolver-bootstrap-executor-0] c.n.d.s.r.aws.ConfigClusterResolver      : Resolving eureka endpoints via configuration
2020-01-14 16:23:52.775  INFO [cat-file,,,] 10108 --- [AsyncResolver-bootstrap-executor-0] c.n.d.s.r.aws.ConfigClusterResolver      : Resolving eureka endpoints via configuration
2020-01-14 16:28:52.776  INFO [cat-file,,,] 10108 --- [AsyncResolver-bootstrap-executor-0] c.n.d.s.r.aws.ConfigClusterResolver      : Resolving eureka endpoints via configuration
