2019-12-17 09:44:45.981  INFO [project-label,,,] 14244 --- [main] c.x.zly.label.ProjectLabelApplication    : The following profiles are active: dev
2019-12-17 09:44:46.011  INFO [project-label,,,] 14244 --- [main] ConfigServletWebServerApplicationContext : Refreshing org.springframework.boot.web.servlet.context.AnnotationConfigServletWebServerApplicationContext@6107165: startup date [Tue Dec 17 09:44:46 CST 2019]; parent: org.springframework.context.annotation.AnnotationConfigApplicationContext@e15b7e8
2019-12-17 09:44:46.996  WARN [project-label,,,] 14244 --- [main] o.m.s.mapper.ClassPathMapperScanner      : Skipping MapperFactoryBean with name 'labelMapper' and 'com.xinlang.zly.label.mapper.LabelMapper' mapperInterface. Bean already defined with the same name!
2019-12-17 09:44:46.996  WARN [project-label,,,] 14244 --- [main] o.m.s.mapper.ClassPathMapperScanner      : No MyBatis mapper was found in '[com.xinlang.zly.label]' package. Please check your configuration.
2019-12-17 09:44:47.352  INFO [project-label,,,] 14244 --- [main] o.s.b.f.s.DefaultListableBeanFactory     : Overriding bean definition for bean 'dataSource' with a different definition: replacing [Root bean: class [null]; scope=refresh; abstract=false; lazyInit=false; autowireMode=3; dependencyCheck=0; autowireCandidate=false; primary=false; factoryBeanName=org.springframework.boot.autoconfigure.jdbc.DataSourceConfiguration$Hikari; factoryMethodName=dataSource; initMethodName=null; destroyMethodName=(inferred); defined in class path resource [org/springframework/boot/autoconfigure/jdbc/DataSourceConfiguration$Hikari.class]] with [Root bean: class [org.springframework.aop.scope.ScopedProxyFactoryBean]; scope=; abstract=false; lazyInit=false; autowireMode=0; dependencyCheck=0; autowireCandidate=true; primary=false; factoryBeanName=null; factoryMethodName=null; initMethodName=null; destroyMethodName=null; defined in BeanDefinition defined in class path resource [org/springframework/boot/autoconfigure/jdbc/DataSourceConfiguration$Hikari.class]]
2019-12-17 09:44:47.490  INFO [project-label,,,] 14244 --- [main] o.s.cloud.context.scope.GenericScope     : BeanFactory id=77619ef4-6191-332d-a39b-36df64ec184f
2019-12-17 09:44:47.511  INFO [project-label,,,] 14244 --- [main] f.a.AutowiredAnnotationBeanPostProcessor : JSR-330 'javax.inject.Inject' annotation found and supported for autowiring
2019-12-17 09:44:47.573  INFO [project-label,,,] 14244 --- [main] trationDelegate$BeanPostProcessorChecker : Bean 'org.springframework.amqp.rabbit.annotation.RabbitBootstrapConfiguration' of type [org.springframework.amqp.rabbit.annotation.RabbitBootstrapConfiguration$$EnhancerBySpringCGLIB$$8311cec7] is not eligible for getting processed by all BeanPostProcessors (for example: not eligible for auto-proxying)
2019-12-17 09:44:47.801  INFO [project-label,,,] 14244 --- [main] trationDelegate$BeanPostProcessorChecker : Bean 'org.springframework.transaction.annotation.ProxyTransactionManagementConfiguration' of type [org.springframework.transaction.annotation.ProxyTransactionManagementConfiguration$$EnhancerBySpringCGLIB$$bca61099] is not eligible for getting processed by all BeanPostProcessors (for example: not eligible for auto-proxying)
2019-12-17 09:44:47.853  INFO [project-label,,,] 14244 --- [main] trationDelegate$BeanPostProcessorChecker : Bean 'org.springframework.security.config.annotation.configuration.ObjectPostProcessorConfiguration' of type [org.springframework.security.config.annotation.configuration.ObjectPostProcessorConfiguration$$EnhancerBySpringCGLIB$$5553d8d3] is not eligible for getting processed by all BeanPostProcessors (for example: not eligible for auto-proxying)
2019-12-17 09:44:47.866  INFO [project-label,,,] 14244 --- [main] trationDelegate$BeanPostProcessorChecker : Bean 'objectPostProcessor' of type [org.springframework.security.config.annotation.configuration.AutowireBeanFactoryObjectPostProcessor] is not eligible for getting processed by all BeanPostProcessors (for example: not eligible for auto-proxying)
2019-12-17 09:44:47.872  INFO [project-label,,,] 14244 --- [main] trationDelegate$BeanPostProcessorChecker : Bean 'org.springframework.security.access.expression.method.DefaultMethodSecurityExpressionHandler@101c15ad' of type [org.springframework.security.oauth2.provider.expression.OAuth2MethodSecurityExpressionHandler] is not eligible for getting processed by all BeanPostProcessors (for example: not eligible for auto-proxying)
2019-12-17 09:44:47.876  INFO [project-label,,,] 14244 --- [main] trationDelegate$BeanPostProcessorChecker : Bean 'org.springframework.security.config.annotation.method.configuration.GlobalMethodSecurityConfiguration' of type [org.springframework.security.config.annotation.method.configuration.GlobalMethodSecurityConfiguration$$EnhancerBySpringCGLIB$$7a287b85] is not eligible for getting processed by all BeanPostProcessors (for example: not eligible for auto-proxying)
2019-12-17 09:44:47.891  INFO [project-label,,,] 14244 --- [main] trationDelegate$BeanPostProcessorChecker : Bean 'methodSecurityMetadataSource' of type [org.springframework.security.access.method.DelegatingMethodSecurityMetadataSource] is not eligible for getting processed by all BeanPostProcessors (for example: not eligible for auto-proxying)
2019-12-17 09:44:47.915  INFO [project-label,,,] 14244 --- [main] trationDelegate$BeanPostProcessorChecker : Bean 'org.springframework.cloud.autoconfigure.ConfigurationPropertiesRebinderAutoConfiguration' of type [org.springframework.cloud.autoconfigure.ConfigurationPropertiesRebinderAutoConfiguration$$EnhancerBySpringCGLIB$$d8c01396] is not eligible for getting processed by all BeanPostProcessors (for example: not eligible for auto-proxying)
2019-12-17 09:44:47.931  INFO [project-label,,,] 14244 --- [main] trationDelegate$BeanPostProcessorChecker : Bean 'org.springframework.cloud.sleuth.instrument.web.client.TraceWebClientAutoConfiguration$TraceOAuthConfiguration' of type [org.springframework.cloud.sleuth.instrument.web.client.TraceWebClientAutoConfiguration$TraceOAuthConfiguration$$EnhancerBySpringCGLIB$$1a2a2f8] is not eligible for getting processed by all BeanPostProcessors (for example: not eligible for auto-proxying)
2019-12-17 09:44:48.499  INFO [project-label,,,] 14244 --- [main] o.s.b.w.embedded.tomcat.TomcatWebServer  : Tomcat initialized with port(s): 8089 (http)
2019-12-17 09:44:48.560  INFO [project-label,,,] 14244 --- [main] o.apache.catalina.core.StandardService   : Starting service [Tomcat]
2019-12-17 09:44:48.561  INFO [project-label,,,] 14244 --- [main] org.apache.catalina.core.StandardEngine  : Starting Servlet Engine: Apache Tomcat/8.5.32
2019-12-17 09:44:48.564  INFO [project-label,,,] 14244 --- [localhost-startStop-1] o.a.catalina.core.AprLifecycleListener   : The APR based Apache Tomcat Native library which allows optimal performance in production environments was not found on the java.library.path: [F:\java\jdk1.8.0_144\bin;C:\Windows\Sun\Java\bin;C:\Windows\system32;C:\Windows;C:\Windows\system32;C:\Windows;C:\Windows\System32\Wbem;C:\Windows\System32\WindowsPowerShell\v1.0\;C:\Windows\System32\OpenSSH\;F:\java\jdk1.8.0_144\bin;C:\Program Files\MySQL\MySQL Server 5.5\bin;F:\node\;F:\erlang\erl10.2\bin;F:\git\Git\cmd;C:\Users\pc\AppData\Local\Microsoft\WindowsApps;C:\Users\pc\AppData\Local\GitHubDesktop\bin;C:\Users\pc\AppData\Roaming\npm;C:\Program Files (x86)\Cesoft\Excel Server 2019;C:\Program Files\dotnet\;F:\java\apache-maven-3.5.0\bin\;C:\Users\pc\AppData\Local\Microsoft\WindowsApps;C:\Users\pc\AppData\Local\GitHubDesktop\bin;C:\Users\pc\AppData\Roaming\npm;.]
2019-12-17 09:44:48.788  INFO [project-label,,,] 14244 --- [localhost-startStop-1] o.a.c.c.C.[Tomcat].[localhost].[/]       : Initializing Spring embedded WebApplicationContext
2019-12-17 09:44:48.788  INFO [project-label,,,] 14244 --- [localhost-startStop-1] o.s.web.context.ContextLoader            : Root WebApplicationContext: initialization completed in 2777 ms
2019-12-17 09:44:49.171  INFO [project-label,,,] 14244 --- [localhost-startStop-1] c.n.c.sources.URLConfigurationSource     : URLs to be used as dynamic configuration source: [file:/F:/git/git-repository/cat/cat-project-system/project-label/target/classes/config.properties]
2019-12-17 09:44:49.214  INFO [project-label,,,] 14244 --- [localhost-startStop-1] c.netflix.config.DynamicPropertyFactory  : DynamicPropertyFactory is initialized with configuration sources: com.netflix.config.ConcurrentCompositeConfiguration@359b79e5
2019-12-17 09:44:52.273  INFO [project-label,,,] 14244 --- [localhost-startStop-1] o.s.b.w.servlet.FilterRegistrationBean   : Mapping filter: 'characterEncodingFilter' to: [/*]
2019-12-17 09:44:52.277  INFO [project-label,,,] 14244 --- [localhost-startStop-1] o.s.b.w.servlet.FilterRegistrationBean   : Mapping filter: 'webMvcMetricsFilter' to: [/*]
2019-12-17 09:44:52.277  INFO [project-label,,,] 14244 --- [localhost-startStop-1] o.s.b.w.servlet.FilterRegistrationBean   : Mapping filter: 'tracingFilter' to: [/*]
2019-12-17 09:44:52.277  INFO [project-label,,,] 14244 --- [localhost-startStop-1] o.s.b.w.servlet.FilterRegistrationBean   : Mapping filter: 'exceptionLoggingFilter' to: [/*]
2019-12-17 09:44:52.277  INFO [project-label,,,] 14244 --- [localhost-startStop-1] o.s.b.w.servlet.FilterRegistrationBean   : Mapping filter: 'hiddenHttpMethodFilter' to: [/*]
2019-12-17 09:44:52.277  INFO [project-label,,,] 14244 --- [localhost-startStop-1] o.s.b.w.servlet.FilterRegistrationBean   : Mapping filter: 'httpPutFormContentFilter' to: [/*]
2019-12-17 09:44:52.278  INFO [project-label,,,] 14244 --- [localhost-startStop-1] o.s.b.w.servlet.FilterRegistrationBean   : Mapping filter: 'requestContextFilter' to: [/*]
2019-12-17 09:44:52.278  INFO [project-label,,,] 14244 --- [localhost-startStop-1] .s.DelegatingFilterProxyRegistrationBean : Mapping filter: 'springSecurityFilterChain' to: [/*]
2019-12-17 09:44:52.279  INFO [project-label,,,] 14244 --- [localhost-startStop-1] o.s.b.w.servlet.FilterRegistrationBean   : Mapping filter: 'httpTraceFilter' to: [/*]
2019-12-17 09:44:52.279  INFO [project-label,,,] 14244 --- [localhost-startStop-1] o.s.b.w.servlet.ServletRegistrationBean  : Servlet dispatcherServlet mapped to [/]
2019-12-17 09:44:53.930  INFO [project-label,,,] 14244 --- [main] s.w.s.m.m.a.RequestMappingHandlerMapping : Mapped "{[/label],methods=[PUT]}" onto public com.xinlang.zly.label.bean.Label com.xinlang.zly.label.controller.LabelController.update(com.xinlang.zly.label.bean.Label)
2019-12-17 09:44:53.931  INFO [project-label,,,] 14244 --- [main] s.w.s.m.m.a.RequestMappingHandlerMapping : Mapped "{[/label/{id}],methods=[DELETE]}" onto public void com.xinlang.zly.label.controller.LabelController.delete(java.lang.Integer)
2019-12-17 09:44:53.932  INFO [project-label,,,] 14244 --- [main] s.w.s.m.m.a.RequestMappingHandlerMapping : Mapped "{[/label],methods=[POST]}" onto public com.xinlang.zly.label.bean.Label com.xinlang.zly.label.controller.LabelController.save(com.xinlang.zly.label.bean.Label)
2019-12-17 09:44:53.932  INFO [project-label,,,] 14244 --- [main] s.w.s.m.m.a.RequestMappingHandlerMapping : Mapped "{[/label/all],methods=[GET]}" onto public java.util.List<com.xinlang.zly.label.bean.Label> com.xinlang.zly.label.controller.LabelController.findAll()
2019-12-17 09:44:53.932  INFO [project-label,,,] 14244 --- [main] s.w.s.m.m.a.RequestMappingHandlerMapping : Mapped "{[/label/tree/{signs}],methods=[GET]}" onto public java.util.List<com.xinlang.zly.label.bean.Label> com.xinlang.zly.label.controller.LabelController.findTreeBySign(java.util.Set<java.lang.String>)
2019-12-17 09:44:53.932  INFO [project-label,,,] 14244 --- [main] s.w.s.m.m.a.RequestMappingHandlerMapping : Mapped "{[/label/tree/all],methods=[GET]}" onto public java.util.List<com.xinlang.zly.label.bean.Label> com.xinlang.zly.label.controller.LabelController.findTreeAll()
2019-12-17 09:44:53.932  INFO [project-label,,,] 14244 --- [main] s.w.s.m.m.a.RequestMappingHandlerMapping : Mapped "{[/label/{ids}],methods=[GET]}" onto public java.util.List<com.xinlang.zly.label.bean.Label> com.xinlang.zly.label.controller.LabelController.findByIds(java.util.Set<java.lang.Integer>)
2019-12-17 09:44:53.936  INFO [project-label,,,] 14244 --- [main] s.w.s.m.m.a.RequestMappingHandlerMapping : Mapped "{[/swagger-resources/configuration/security]}" onto public org.springframework.http.ResponseEntity<springfox.documentation.swagger.web.SecurityConfiguration> springfox.documentation.swagger.web.ApiResourceController.securityConfiguration()
2019-12-17 09:44:53.937  INFO [project-label,,,] 14244 --- [main] s.w.s.m.m.a.RequestMappingHandlerMapping : Mapped "{[/swagger-resources]}" onto public org.springframework.http.ResponseEntity<java.util.List<springfox.documentation.swagger.web.SwaggerResource>> springfox.documentation.swagger.web.ApiResourceController.swaggerResources()
2019-12-17 09:44:53.937  INFO [project-label,,,] 14244 --- [main] s.w.s.m.m.a.RequestMappingHandlerMapping : Mapped "{[/swagger-resources/configuration/ui]}" onto public org.springframework.http.ResponseEntity<springfox.documentation.swagger.web.UiConfiguration> springfox.documentation.swagger.web.ApiResourceController.uiConfiguration()
2019-12-17 09:44:53.940  INFO [project-label,,,] 14244 --- [main] s.w.s.m.m.a.RequestMappingHandlerMapping : Mapped "{[/error]}" onto public org.springframework.http.ResponseEntity<java.util.Map<java.lang.String, java.lang.Object>> org.springframework.boot.autoconfigure.web.servlet.error.BasicErrorController.error(javax.servlet.http.HttpServletRequest)
2019-12-17 09:44:53.940  INFO [project-label,,,] 14244 --- [main] s.w.s.m.m.a.RequestMappingHandlerMapping : Mapped "{[/error],produces=[text/html]}" onto public org.springframework.web.servlet.ModelAndView org.springframework.boot.autoconfigure.web.servlet.error.BasicErrorController.errorHtml(javax.servlet.http.HttpServletRequest,javax.servlet.http.HttpServletResponse)
2019-12-17 09:44:54.298  INFO [project-label,,,] 14244 --- [main] o.s.b.a.e.web.EndpointLinksResolver      : Exposing 19 endpoint(s) beneath base path '/actuator'
2019-12-17 09:44:54.343  INFO [project-label,,,] 14244 --- [main] s.b.a.e.w.s.WebMvcEndpointHandlerMapping : Mapped "{[/actuator/archaius],methods=[GET],produces=[application/vnd.spring-boot.actuator.v2+json || application/json]}" onto public java.lang.Object org.springframework.boot.actuate.endpoint.web.servlet.AbstractWebMvcEndpointHandlerMapping$OperationHandler.handle(javax.servlet.http.HttpServletRequest,java.util.Map<java.lang.String, java.lang.String>)
2019-12-17 09:44:54.346  INFO [project-label,,,] 14244 --- [main] s.b.a.e.w.s.WebMvcEndpointHandlerMapping : Mapped "{[/actuator/auditevents],methods=[GET],produces=[application/vnd.spring-boot.actuator.v2+json || application/json]}" onto public java.lang.Object org.springframework.boot.actuate.endpoint.web.servlet.AbstractWebMvcEndpointHandlerMapping$OperationHandler.handle(javax.servlet.http.HttpServletRequest,java.util.Map<java.lang.String, java.lang.String>)
2019-12-17 09:44:54.347  INFO [project-label,,,] 14244 --- [main] s.b.a.e.w.s.WebMvcEndpointHandlerMapping : Mapped "{[/actuator/beans],methods=[GET],produces=[application/vnd.spring-boot.actuator.v2+json || application/json]}" onto public java.lang.Object org.springframework.boot.actuate.endpoint.web.servlet.AbstractWebMvcEndpointHandlerMapping$OperationHandler.handle(javax.servlet.http.HttpServletRequest,java.util.Map<java.lang.String, java.lang.String>)
2019-12-17 09:44:54.347  INFO [project-label,,,] 14244 --- [main] s.b.a.e.w.s.WebMvcEndpointHandlerMapping : Mapped "{[/actuator/health],methods=[GET],produces=[application/vnd.spring-boot.actuator.v2+json || application/json]}" onto public java.lang.Object org.springframework.boot.actuate.endpoint.web.servlet.AbstractWebMvcEndpointHandlerMapping$OperationHandler.handle(javax.servlet.http.HttpServletRequest,java.util.Map<java.lang.String, java.lang.String>)
2019-12-17 09:44:54.347  INFO [project-label,,,] 14244 --- [main] s.b.a.e.w.s.WebMvcEndpointHandlerMapping : Mapped "{[/actuator/conditions],methods=[GET],produces=[application/vnd.spring-boot.actuator.v2+json || application/json]}" onto public java.lang.Object org.springframework.boot.actuate.endpoint.web.servlet.AbstractWebMvcEndpointHandlerMapping$OperationHandler.handle(javax.servlet.http.HttpServletRequest,java.util.Map<java.lang.String, java.lang.String>)
2019-12-17 09:44:54.348  INFO [project-label,,,] 14244 --- [main] s.b.a.e.w.s.WebMvcEndpointHandlerMapping : Mapped "{[/actuator/configprops],methods=[GET],produces=[application/vnd.spring-boot.actuator.v2+json || application/json]}" onto public java.lang.Object org.springframework.boot.actuate.endpoint.web.servlet.AbstractWebMvcEndpointHandlerMapping$OperationHandler.handle(javax.servlet.http.HttpServletRequest,java.util.Map<java.lang.String, java.lang.String>)
2019-12-17 09:44:54.348  INFO [project-label,,,] 14244 --- [main] s.b.a.e.w.s.WebMvcEndpointHandlerMapping : Mapped "{[/actuator/env],methods=[GET],produces=[application/vnd.spring-boot.actuator.v2+json || application/json]}" onto public java.lang.Object org.springframework.boot.actuate.endpoint.web.servlet.AbstractWebMvcEndpointHandlerMapping$OperationHandler.handle(javax.servlet.http.HttpServletRequest,java.util.Map<java.lang.String, java.lang.String>)
2019-12-17 09:44:54.348  INFO [project-label,,,] 14244 --- [main] s.b.a.e.w.s.WebMvcEndpointHandlerMapping : Mapped "{[/actuator/env/{toMatch}],methods=[GET],produces=[application/vnd.spring-boot.actuator.v2+json || application/json]}" onto public java.lang.Object org.springframework.boot.actuate.endpoint.web.servlet.AbstractWebMvcEndpointHandlerMapping$OperationHandler.handle(javax.servlet.http.HttpServletRequest,java.util.Map<java.lang.String, java.lang.String>)
2019-12-17 09:44:54.349  INFO [project-label,,,] 14244 --- [main] s.b.a.e.w.s.WebMvcEndpointHandlerMapping : Mapped "{[/actuator/env],methods=[POST],consumes=[application/vnd.spring-boot.actuator.v2+json || application/json],produces=[application/vnd.spring-boot.actuator.v2+json || application/json]}" onto public java.lang.Object org.springframework.boot.actuate.endpoint.web.servlet.AbstractWebMvcEndpointHandlerMapping$OperationHandler.handle(javax.servlet.http.HttpServletRequest,java.util.Map<java.lang.String, java.lang.String>)
2019-12-17 09:44:54.349  INFO [project-label,,,] 14244 --- [main] s.b.a.e.w.s.WebMvcEndpointHandlerMapping : Mapped "{[/actuator/env],methods=[DELETE],produces=[application/vnd.spring-boot.actuator.v2+json || application/json]}" onto public java.lang.Object org.springframework.boot.actuate.endpoint.web.servlet.AbstractWebMvcEndpointHandlerMapping$OperationHandler.handle(javax.servlet.http.HttpServletRequest,java.util.Map<java.lang.String, java.lang.String>)
2019-12-17 09:44:54.349  INFO [project-label,,,] 14244 --- [main] s.b.a.e.w.s.WebMvcEndpointHandlerMapping : Mapped "{[/actuator/info],methods=[GET],produces=[application/vnd.spring-boot.actuator.v2+json || application/json]}" onto public java.lang.Object org.springframework.boot.actuate.endpoint.web.servlet.AbstractWebMvcEndpointHandlerMapping$OperationHandler.handle(javax.servlet.http.HttpServletRequest,java.util.Map<java.lang.String, java.lang.String>)
2019-12-17 09:44:54.349  INFO [project-label,,,] 14244 --- [main] s.b.a.e.w.s.WebMvcEndpointHandlerMapping : Mapped "{[/actuator/logfile],methods=[GET],produces=[application/octet-stream]}" onto public java.lang.Object org.springframework.boot.actuate.endpoint.web.servlet.AbstractWebMvcEndpointHandlerMapping$OperationHandler.handle(javax.servlet.http.HttpServletRequest,java.util.Map<java.lang.String, java.lang.String>)
2019-12-17 09:44:54.350  INFO [project-label,,,] 14244 --- [main] s.b.a.e.w.s.WebMvcEndpointHandlerMapping : Mapped "{[/actuator/loggers],methods=[GET],produces=[application/vnd.spring-boot.actuator.v2+json || application/json]}" onto public java.lang.Object org.springframework.boot.actuate.endpoint.web.servlet.AbstractWebMvcEndpointHandlerMapping$OperationHandler.handle(javax.servlet.http.HttpServletRequest,java.util.Map<java.lang.String, java.lang.String>)
2019-12-17 09:44:54.350  INFO [project-label,,,] 14244 --- [main] s.b.a.e.w.s.WebMvcEndpointHandlerMapping : Mapped "{[/actuator/loggers/{name}],methods=[GET],produces=[application/vnd.spring-boot.actuator.v2+json || application/json]}" onto public java.lang.Object org.springframework.boot.actuate.endpoint.web.servlet.AbstractWebMvcEndpointHandlerMapping$OperationHandler.handle(javax.servlet.http.HttpServletRequest,java.util.Map<java.lang.String, java.lang.String>)
2019-12-17 09:44:54.350  INFO [project-label,,,] 14244 --- [main] s.b.a.e.w.s.WebMvcEndpointHandlerMapping : Mapped "{[/actuator/loggers/{name}],methods=[POST],consumes=[application/vnd.spring-boot.actuator.v2+json || application/json]}" onto public java.lang.Object org.springframework.boot.actuate.endpoint.web.servlet.AbstractWebMvcEndpointHandlerMapping$OperationHandler.handle(javax.servlet.http.HttpServletRequest,java.util.Map<java.lang.String, java.lang.String>)
2019-12-17 09:44:54.351  INFO [project-label,,,] 14244 --- [main] s.b.a.e.w.s.WebMvcEndpointHandlerMapping : Mapped "{[/actuator/heapdump],methods=[GET],produces=[application/octet-stream]}" onto public java.lang.Object org.springframework.boot.actuate.endpoint.web.servlet.AbstractWebMvcEndpointHandlerMapping$OperationHandler.handle(javax.servlet.http.HttpServletRequest,java.util.Map<java.lang.String, java.lang.String>)
2019-12-17 09:44:54.351  INFO [project-label,,,] 14244 --- [main] s.b.a.e.w.s.WebMvcEndpointHandlerMapping : Mapped "{[/actuator/threaddump],methods=[GET],produces=[application/vnd.spring-boot.actuator.v2+json || application/json]}" onto public java.lang.Object org.springframework.boot.actuate.endpoint.web.servlet.AbstractWebMvcEndpointHandlerMapping$OperationHandler.handle(javax.servlet.http.HttpServletRequest,java.util.Map<java.lang.String, java.lang.String>)
2019-12-17 09:44:54.351  INFO [project-label,,,] 14244 --- [main] s.b.a.e.w.s.WebMvcEndpointHandlerMapping : Mapped "{[/actuator/metrics/{requiredMetricName}],methods=[GET],produces=[application/vnd.spring-boot.actuator.v2+json || application/json]}" onto public java.lang.Object org.springframework.boot.actuate.endpoint.web.servlet.AbstractWebMvcEndpointHandlerMapping$OperationHandler.handle(javax.servlet.http.HttpServletRequest,java.util.Map<java.lang.String, java.lang.String>)
2019-12-17 09:44:54.351  INFO [project-label,,,] 14244 --- [main] s.b.a.e.w.s.WebMvcEndpointHandlerMapping : Mapped "{[/actuator/metrics],methods=[GET],produces=[application/vnd.spring-boot.actuator.v2+json || application/json]}" onto public java.lang.Object org.springframework.boot.actuate.endpoint.web.servlet.AbstractWebMvcEndpointHandlerMapping$OperationHandler.handle(javax.servlet.http.HttpServletRequest,java.util.Map<java.lang.String, java.lang.String>)
2019-12-17 09:44:54.351  INFO [project-label,,,] 14244 --- [main] s.b.a.e.w.s.WebMvcEndpointHandlerMapping : Mapped "{[/actuator/scheduledtasks],methods=[GET],produces=[application/vnd.spring-boot.actuator.v2+json || application/json]}" onto public java.lang.Object org.springframework.boot.actuate.endpoint.web.servlet.AbstractWebMvcEndpointHandlerMapping$OperationHandler.handle(javax.servlet.http.HttpServletRequest,java.util.Map<java.lang.String, java.lang.String>)
2019-12-17 09:44:54.352  INFO [project-label,,,] 14244 --- [main] s.b.a.e.w.s.WebMvcEndpointHandlerMapping : Mapped "{[/actuator/httptrace],methods=[GET],produces=[application/vnd.spring-boot.actuator.v2+json || application/json]}" onto public java.lang.Object org.springframework.boot.actuate.endpoint.web.servlet.AbstractWebMvcEndpointHandlerMapping$OperationHandler.handle(javax.servlet.http.HttpServletRequest,java.util.Map<java.lang.String, java.lang.String>)
2019-12-17 09:44:54.352  INFO [project-label,,,] 14244 --- [main] s.b.a.e.w.s.WebMvcEndpointHandlerMapping : Mapped "{[/actuator/mappings],methods=[GET],produces=[application/vnd.spring-boot.actuator.v2+json || application/json]}" onto public java.lang.Object org.springframework.boot.actuate.endpoint.web.servlet.AbstractWebMvcEndpointHandlerMapping$OperationHandler.handle(javax.servlet.http.HttpServletRequest,java.util.Map<java.lang.String, java.lang.String>)
2019-12-17 09:44:54.352  INFO [project-label,,,] 14244 --- [main] s.b.a.e.w.s.WebMvcEndpointHandlerMapping : Mapped "{[/actuator/refresh],methods=[POST],produces=[application/vnd.spring-boot.actuator.v2+json || application/json]}" onto public java.lang.Object org.springframework.boot.actuate.endpoint.web.servlet.AbstractWebMvcEndpointHandlerMapping$OperationHandler.handle(javax.servlet.http.HttpServletRequest,java.util.Map<java.lang.String, java.lang.String>)
2019-12-17 09:44:54.353  INFO [project-label,,,] 14244 --- [main] s.b.a.e.w.s.WebMvcEndpointHandlerMapping : Mapped "{[/actuator/features],methods=[GET],produces=[application/vnd.spring-boot.actuator.v2+json || application/json]}" onto public java.lang.Object org.springframework.boot.actuate.endpoint.web.servlet.AbstractWebMvcEndpointHandlerMapping$OperationHandler.handle(javax.servlet.http.HttpServletRequest,java.util.Map<java.lang.String, java.lang.String>)
2019-12-17 09:44:54.353  INFO [project-label,,,] 14244 --- [main] s.b.a.e.w.s.WebMvcEndpointHandlerMapping : Mapped "{[/actuator/service-registry],methods=[GET],produces=[application/vnd.spring-boot.actuator.v2+json || application/json]}" onto public java.lang.Object org.springframework.boot.actuate.endpoint.web.servlet.AbstractWebMvcEndpointHandlerMapping$OperationHandler.handle(javax.servlet.http.HttpServletRequest,java.util.Map<java.lang.String, java.lang.String>)
2019-12-17 09:44:54.354  INFO [project-label,,,] 14244 --- [main] s.b.a.e.w.s.WebMvcEndpointHandlerMapping : Mapped "{[/actuator/service-registry],methods=[POST],consumes=[application/vnd.spring-boot.actuator.v2+json || application/json],produces=[application/vnd.spring-boot.actuator.v2+json || application/json]}" onto public java.lang.Object org.springframework.boot.actuate.endpoint.web.servlet.AbstractWebMvcEndpointHandlerMapping$OperationHandler.handle(javax.servlet.http.HttpServletRequest,java.util.Map<java.lang.String, java.lang.String>)
2019-12-17 09:44:54.357  INFO [project-label,,,] 14244 --- [main] s.b.a.e.w.s.WebMvcEndpointHandlerMapping : Mapped "{[/actuator],methods=[GET],produces=[application/vnd.spring-boot.actuator.v2+json || application/json]}" onto protected java.util.Map<java.lang.String, java.util.Map<java.lang.String, org.springframework.boot.actuate.endpoint.web.Link>> org.springframework.boot.actuate.endpoint.web.servlet.WebMvcEndpointHandlerMapping.links(javax.servlet.http.HttpServletRequest,javax.servlet.http.HttpServletResponse)
2019-12-17 09:44:55.581  INFO [project-label,,,] 14244 --- [main] .s.s.UserDetailsServiceAutoConfiguration : 

Using generated security password: 4cb33ca0-0719-4f7c-9372-e050e25b932a

2019-12-17 09:44:56.943  INFO [project-label,,,] 14244 --- [main] o.s.s.web.DefaultSecurityFilterChain     : Creating filter chain: org.springframework.security.web.util.matcher.AnyRequestMatcher@1, [org.springframework.security.web.context.request.async.WebAsyncManagerIntegrationFilter@7b58d678, org.springframework.security.web.context.SecurityContextPersistenceFilter@5d98364c, org.springframework.security.web.header.HeaderWriterFilter@5ae16aa, org.springframework.security.web.authentication.logout.LogoutFilter@400e741, org.springframework.security.oauth2.provider.authentication.OAuth2AuthenticationProcessingFilter@477bea57, org.springframework.security.web.authentication.www.BasicAuthenticationFilter@247dcbba, org.springframework.security.web.savedrequest.RequestCacheAwareFilter@6b630d4b, org.springframework.security.web.servletapi.SecurityContextHolderAwareRequestFilter@762f8ff6, org.springframework.security.web.authentication.AnonymousAuthenticationFilter@535a6697, org.springframework.security.web.session.SessionManagementFilter@cd93621, org.springframework.security.web.access.ExceptionTranslationFilter@d02c00, org.springframework.security.web.access.intercept.FilterSecurityInterceptor@767b9d66]
2019-12-17 09:44:57.119  INFO [project-label,,,] 14244 --- [main] pertySourcedRequestMappingHandlerMapping : Mapped URL path [/v2/api-docs] onto method [public org.springframework.http.ResponseEntity<springfox.documentation.spring.web.json.Json> springfox.documentation.swagger2.web.Swagger2Controller.getDocumentation(java.lang.String,javax.servlet.http.HttpServletRequest)]
2019-12-17 09:44:57.287  INFO [project-label,,,] 14244 --- [main] c.n.c.sources.URLConfigurationSource     : URLs to be used as dynamic configuration source: [file:/F:/git/git-repository/cat/cat-project-system/project-label/target/classes/config.properties]
2019-12-17 09:44:57.438  INFO [project-label,,,] 14244 --- [main] o.s.w.s.handler.SimpleUrlHandlerMapping  : Mapped URL path [/**/favicon.ico] onto handler of type [class org.springframework.web.servlet.resource.ResourceHttpRequestHandler]
2019-12-17 09:44:57.727  INFO [project-label,,,] 14244 --- [main] s.w.s.m.m.a.RequestMappingHandlerAdapter : Looking for @ControllerAdvice: org.springframework.boot.web.servlet.context.AnnotationConfigServletWebServerApplicationContext@6107165: startup date [Tue Dec 17 09:44:46 CST 2019]; parent: org.springframework.context.annotation.AnnotationConfigApplicationContext@e15b7e8
2019-12-17 09:44:57.809  INFO [project-label,,,] 14244 --- [main] o.s.w.s.handler.SimpleUrlHandlerMapping  : Mapped URL path [/webjars/**] onto handler of type [class org.springframework.web.servlet.resource.ResourceHttpRequestHandler]
2019-12-17 09:44:57.810  INFO [project-label,,,] 14244 --- [main] o.s.w.s.handler.SimpleUrlHandlerMapping  : Mapped URL path [/**] onto handler of type [class org.springframework.web.servlet.resource.ResourceHttpRequestHandler]
2019-12-17 09:44:57.838  INFO [project-label,,,] 14244 --- [main] .m.m.a.ExceptionHandlerExceptionResolver : Detected @ExceptionHandler methods in exceptionHandlerAdvice
2019-12-17 09:44:57.974  INFO [project-label,,,] 14244 --- [main] t.m.m.autoconfigure.MapperCacheDisabler  : Clear tk.mybatis.mapper.util.MsUtil CLASS_CACHE cache.
2019-12-17 09:44:57.976  INFO [project-label,,,] 14244 --- [main] t.m.m.autoconfigure.MapperCacheDisabler  : Clear tk.mybatis.mapper.genid.GenIdUtil CACHE cache.
2019-12-17 09:44:57.977  INFO [project-label,,,] 14244 --- [main] t.m.m.autoconfigure.MapperCacheDisabler  : Clear tk.mybatis.mapper.version.VersionUtil CACHE cache.
2019-12-17 09:44:57.977  INFO [project-label,,,] 14244 --- [main] t.m.m.autoconfigure.MapperCacheDisabler  : Clear EntityHelper entityTableMap cache.
2019-12-17 09:45:00.437  INFO [project-label,,,] 14244 --- [main] com.netflix.discovery.DiscoveryClient    : Shutting down DiscoveryClient ...
2019-12-17 09:45:00.452  INFO [project-label,,,] 14244 --- [main] com.netflix.discovery.DiscoveryClient    : Completed shut down of DiscoveryClient
2019-12-17 09:45:00.672  INFO [project-label,,,] 14244 --- [main] o.s.j.e.a.AnnotationMBeanExporter        : Registering beans for JMX exposure on startup
2019-12-17 09:45:00.675  INFO [project-label,,,] 14244 --- [main] o.s.j.e.a.AnnotationMBeanExporter        : Bean with name 'dataSource' has been autodetected for JMX exposure
2019-12-17 09:45:00.683  INFO [project-label,,,] 14244 --- [main] o.s.j.e.a.AnnotationMBeanExporter        : Bean with name 'rabbitConnectionFactory' has been autodetected for JMX exposure
2019-12-17 09:45:00.684  INFO [project-label,,,] 14244 --- [main] o.s.j.e.a.AnnotationMBeanExporter        : Bean with name 'environmentManager' has been autodetected for JMX exposure
2019-12-17 09:45:00.685  INFO [project-label,,,] 14244 --- [main] o.s.j.e.a.AnnotationMBeanExporter        : Bean with name 'refreshScope' has been autodetected for JMX exposure
2019-12-17 09:45:00.686  INFO [project-label,,,] 14244 --- [main] o.s.j.e.a.AnnotationMBeanExporter        : Bean with name 'configurationPropertiesRebinder' has been autodetected for JMX exposure
2019-12-17 09:45:00.690  INFO [project-label,,,] 14244 --- [main] o.s.j.e.a.AnnotationMBeanExporter        : Located managed bean 'environmentManager': registering with JMX server as MBean [org.springframework.cloud.context.environment:name=environmentManager,type=EnvironmentManager]
2019-12-17 09:45:00.700  INFO [project-label,,,] 14244 --- [main] o.s.j.e.a.AnnotationMBeanExporter        : Located managed bean 'refreshScope': registering with JMX server as MBean [org.springframework.cloud.context.scope.refresh:name=refreshScope,type=RefreshScope]
2019-12-17 09:45:00.710  INFO [project-label,,,] 14244 --- [main] o.s.j.e.a.AnnotationMBeanExporter        : Located managed bean 'configurationPropertiesRebinder': registering with JMX server as MBean [org.springframework.cloud.context.properties:name=configurationPropertiesRebinder,context=6107165,type=ConfigurationPropertiesRebinder]
2019-12-17 09:45:00.716  INFO [project-label,,,] 14244 --- [main] o.s.j.e.a.AnnotationMBeanExporter        : Located MBean 'dataSource': registering with JMX server as MBean [com.zaxxer.hikari:name=dataSource,type=HikariDataSource]
2019-12-17 09:45:00.719  INFO [project-label,,,] 14244 --- [main] o.s.j.e.a.AnnotationMBeanExporter        : Located managed bean 'rabbitConnectionFactory': registering with JMX server as MBean [org.springframework.amqp.rabbit.connection:name=rabbitConnectionFactory,type=CachingConnectionFactory]
2019-12-17 09:45:00.748  INFO [project-label,,,] 14244 --- [main] o.s.c.support.DefaultLifecycleProcessor  : Starting beans in phase 0
2019-12-17 09:45:00.752  INFO [project-label,,,] 14244 --- [main] o.s.c.n.eureka.InstanceInfoFactory       : Setting initial instance status as: STARTING
2019-12-17 09:45:00.759  INFO [project-label,,,] 14244 --- [main] com.netflix.discovery.DiscoveryClient    : Initializing Eureka in region us-east-1
2019-12-17 09:45:00.768  INFO [project-label,,,] 14244 --- [main] c.n.d.provider.DiscoveryJerseyProvider   : Using JSON encoding codec LegacyJacksonJson
2019-12-17 09:45:00.768  INFO [project-label,,,] 14244 --- [main] c.n.d.provider.DiscoveryJerseyProvider   : Using JSON decoding codec LegacyJacksonJson
2019-12-17 09:45:00.769  INFO [project-label,,,] 14244 --- [main] c.n.d.provider.DiscoveryJerseyProvider   : Using XML encoding codec XStreamXml
2019-12-17 09:45:00.769  INFO [project-label,,,] 14244 --- [main] c.n.d.provider.DiscoveryJerseyProvider   : Using XML decoding codec XStreamXml
2019-12-17 09:45:00.822  INFO [project-label,,,] 14244 --- [main] c.n.d.s.r.aws.ConfigClusterResolver      : Resolving eureka endpoints via configuration
2019-12-17 09:45:00.824  INFO [project-label,,,] 14244 --- [main] com.netflix.discovery.DiscoveryClient    : Disable delta property : false
2019-12-17 09:45:00.824  INFO [project-label,,,] 14244 --- [main] com.netflix.discovery.DiscoveryClient    : Single vip registry refresh property : null
2019-12-17 09:45:00.824  INFO [project-label,,,] 14244 --- [main] com.netflix.discovery.DiscoveryClient    : Force full registry fetch : false
2019-12-17 09:45:00.824  INFO [project-label,,,] 14244 --- [main] com.netflix.discovery.DiscoveryClient    : Application is null : false
2019-12-17 09:45:00.825  INFO [project-label,,,] 14244 --- [main] com.netflix.discovery.DiscoveryClient    : Registered Applications size is zero : true
2019-12-17 09:45:00.825  INFO [project-label,,,] 14244 --- [main] com.netflix.discovery.DiscoveryClient    : Application version is -1: true
2019-12-17 09:45:00.825  INFO [project-label,,,] 14244 --- [main] com.netflix.discovery.DiscoveryClient    : Getting all instance registry info from the eureka server
2019-12-17 09:45:00.849  INFO [project-label,,,] 14244 --- [main] com.netflix.discovery.DiscoveryClient    : The response status is 200
2019-12-17 09:45:00.850  INFO [project-label,,,] 14244 --- [main] com.netflix.discovery.DiscoveryClient    : Starting heartbeat executor: renew interval is: 5
2019-12-17 09:45:00.852  INFO [project-label,,,] 14244 --- [main] c.n.discovery.InstanceInfoReplicator     : InstanceInfoReplicator onDemand update allowed rate per min is 4
2019-12-17 09:45:00.853  INFO [project-label,,,] 14244 --- [main] com.netflix.discovery.DiscoveryClient    : Discovery Client initialized at timestamp 1576547100853 with initial instances count: 9
2019-12-17 09:45:00.864  INFO [project-label,,,] 14244 --- [main] o.s.c.n.e.s.EurekaServiceRegistry        : Registering application project-label with eureka with status UP
2019-12-17 09:45:00.865  INFO [project-label,,,] 14244 --- [main] com.netflix.discovery.DiscoveryClient    : Saw local status change event StatusChangeEvent [timestamp=1576547100865, current=UP, previous=STARTING]
2019-12-17 09:45:00.867  INFO [project-label,,,] 14244 --- [DiscoveryClient-InstanceInfoReplicator-0] com.netflix.discovery.DiscoveryClient    : DiscoveryClient_PROJECT-LABEL/DESKTOP-21HU40L:project-label:8089: registering service...
2019-12-17 09:45:00.871  INFO [project-label,,,] 14244 --- [main] o.s.c.support.DefaultLifecycleProcessor  : Starting beans in phase 2147483647
2019-12-17 09:45:00.872  INFO [project-label,,,] 14244 --- [main] d.s.w.p.DocumentationPluginsBootstrapper : Context refreshed
2019-12-17 09:45:00.896  INFO [project-label,,,] 14244 --- [main] d.s.w.p.DocumentationPluginsBootstrapper : Found 1 custom documentation plugin(s)
2019-12-17 09:45:00.919  INFO [project-label,,,] 14244 --- [DiscoveryClient-InstanceInfoReplicator-0] com.netflix.discovery.DiscoveryClient    : DiscoveryClient_PROJECT-LABEL/DESKTOP-21HU40L:project-label:8089 - registration status: 204
2019-12-17 09:45:00.944  INFO [project-label,,,] 14244 --- [main] s.d.s.w.s.ApiListingReferenceScanner     : Scanning for api listing references
2019-12-17 09:45:01.093  INFO [project-label,,,] 14244 --- [main] .d.s.w.r.o.CachingOperationNameGenerator : Generating unique operation named: handleUsingGET_1
2019-12-17 09:45:01.094  INFO [project-label,,,] 14244 --- [main] .d.s.w.r.o.CachingOperationNameGenerator : Generating unique operation named: handleUsingGET_2
2019-12-17 09:45:01.095  INFO [project-label,,,] 14244 --- [main] .d.s.w.r.o.CachingOperationNameGenerator : Generating unique operation named: handleUsingGET_3
2019-12-17 09:45:01.096  INFO [project-label,,,] 14244 --- [main] .d.s.w.r.o.CachingOperationNameGenerator : Generating unique operation named: handleUsingGET_4
2019-12-17 09:45:01.097  INFO [project-label,,,] 14244 --- [main] .d.s.w.r.o.CachingOperationNameGenerator : Generating unique operation named: handleUsingGET_5
2019-12-17 09:45:01.099  INFO [project-label,,,] 14244 --- [main] .d.s.w.r.o.CachingOperationNameGenerator : Generating unique operation named: handleUsingGET_6
2019-12-17 09:45:01.102  INFO [project-label,,,] 14244 --- [main] .d.s.w.r.o.CachingOperationNameGenerator : Generating unique operation named: handleUsingGET_7
2019-12-17 09:45:01.103  INFO [project-label,,,] 14244 --- [main] .d.s.w.r.o.CachingOperationNameGenerator : Generating unique operation named: handleUsingGET_8
2019-12-17 09:45:01.104  INFO [project-label,,,] 14244 --- [main] .d.s.w.r.o.CachingOperationNameGenerator : Generating unique operation named: handleUsingGET_9
2019-12-17 09:45:01.112  INFO [project-label,,,] 14244 --- [main] .d.s.w.r.o.CachingOperationNameGenerator : Generating unique operation named: handleUsingGET_10
2019-12-17 09:45:01.114  INFO [project-label,,,] 14244 --- [main] .d.s.w.r.o.CachingOperationNameGenerator : Generating unique operation named: handleUsingGET_11
2019-12-17 09:45:01.115  INFO [project-label,,,] 14244 --- [main] .d.s.w.r.o.CachingOperationNameGenerator : Generating unique operation named: handleUsingGET_12
2019-12-17 09:45:01.117  INFO [project-label,,,] 14244 --- [main] .d.s.w.r.o.CachingOperationNameGenerator : Generating unique operation named: handleUsingGET_13
2019-12-17 09:45:01.118  INFO [project-label,,,] 14244 --- [main] .d.s.w.r.o.CachingOperationNameGenerator : Generating unique operation named: handleUsingPOST_1
2019-12-17 09:45:01.119  INFO [project-label,,,] 14244 --- [main] .d.s.w.r.o.CachingOperationNameGenerator : Generating unique operation named: handleUsingGET_14
2019-12-17 09:45:01.120  INFO [project-label,,,] 14244 --- [main] .d.s.w.r.o.CachingOperationNameGenerator : Generating unique operation named: handleUsingGET_15
2019-12-17 09:45:01.121  INFO [project-label,,,] 14244 --- [main] .d.s.w.r.o.CachingOperationNameGenerator : Generating unique operation named: handleUsingGET_16
2019-12-17 09:45:01.122  INFO [project-label,,,] 14244 --- [main] .d.s.w.r.o.CachingOperationNameGenerator : Generating unique operation named: handleUsingGET_17
2019-12-17 09:45:01.122  INFO [project-label,,,] 14244 --- [main] .d.s.w.r.o.CachingOperationNameGenerator : Generating unique operation named: handleUsingPOST_2
2019-12-17 09:45:01.123  INFO [project-label,,,] 14244 --- [main] .d.s.w.r.o.CachingOperationNameGenerator : Generating unique operation named: handleUsingGET_18
2019-12-17 09:45:01.124  INFO [project-label,,,] 14244 --- [main] .d.s.w.r.o.CachingOperationNameGenerator : Generating unique operation named: handleUsingGET_19
2019-12-17 09:45:01.125  INFO [project-label,,,] 14244 --- [main] .d.s.w.r.o.CachingOperationNameGenerator : Generating unique operation named: handleUsingPOST_3
2019-12-17 09:45:01.126  INFO [project-label,,,] 14244 --- [main] .d.s.w.r.o.CachingOperationNameGenerator : Generating unique operation named: handleUsingGET_20
2019-12-17 09:45:01.560  INFO [project-label,,,] 14244 --- [main] o.a.c.c.C.[Tomcat].[localhost].[/]       : Initializing Spring FrameworkServlet 'dispatcherServlet'
2019-12-17 09:45:01.560  INFO [project-label,,,] 14244 --- [main] o.s.web.servlet.DispatcherServlet        : FrameworkServlet 'dispatcherServlet': initialization started
2019-12-17 09:45:01.594  INFO [project-label,,,] 14244 --- [main] o.s.web.servlet.DispatcherServlet        : FrameworkServlet 'dispatcherServlet': initialization completed in 34 ms
2019-12-17 09:45:01.598  INFO [project-label,,,] 14244 --- [main] o.s.b.w.embedded.tomcat.TomcatWebServer  : Tomcat started on port(s): 8089 (http) with context path ''
2019-12-17 09:45:01.599  INFO [project-label,,,] 14244 --- [main] .s.c.n.e.s.EurekaAutoServiceRegistration : Updating port to 8089
2019-12-17 09:45:01.606  INFO [project-label,,,] 14244 --- [main] c.x.zly.label.ProjectLabelApplication    : Started ProjectLabelApplication in 19.132 seconds (JVM running for 20.725)
2019-12-17 09:45:01.892  INFO [project-label,,,] 14244 --- [RMI TCP Connection(11)-192.168.5.24] o.s.a.r.c.CachingConnectionFactory       : Attempting to connect to: [localhost:5672]
2019-12-17 09:45:01.936  INFO [project-label,,,] 14244 --- [RMI TCP Connection(11)-192.168.5.24] o.s.a.r.c.CachingConnectionFactory       : Created new connection: rabbitConnectionFactory#431b5ff9:0/SimpleConnection@205471f1 [delegate=amqp://pig@127.0.0.1:5672/, localPort= 50064]
2019-12-17 09:45:01.976  INFO [project-label,,,] 14244 --- [RMI TCP Connection(11)-192.168.5.24] com.zaxxer.hikari.HikariDataSource       : HikariPool-1 - Starting...
2019-12-17 09:45:02.139  INFO [project-label,,,] 14244 --- [RMI TCP Connection(11)-192.168.5.24] com.zaxxer.hikari.HikariDataSource       : HikariPool-1 - Start completed.
2019-12-17 09:45:02.175  INFO [project-label,,,] 14244 --- [RMI TCP Connection(11)-192.168.5.24] c.c.c.ConfigServicePropertySourceLocator : Fetching config from server at : http://192.168.5.64:8771/
2019-12-17 09:45:03.306  INFO [project-label,,,] 14244 --- [RMI TCP Connection(11)-192.168.5.24] c.c.c.ConfigServicePropertySourceLocator : Located environment: name=project-label, profiles=[dev], label=null, version=null, state=null
2019-12-17 09:50:00.826  INFO [project-label,,,] 14244 --- [AsyncResolver-bootstrap-executor-0] c.n.d.s.r.aws.ConfigClusterResolver      : Resolving eureka endpoints via configuration
2019-12-17 09:55:00.828  INFO [project-label,,,] 14244 --- [AsyncResolver-bootstrap-executor-0] c.n.d.s.r.aws.ConfigClusterResolver      : Resolving eureka endpoints via configuration
2019-12-17 10:00:00.829  INFO [project-label,,,] 14244 --- [AsyncResolver-bootstrap-executor-0] c.n.d.s.r.aws.ConfigClusterResolver      : Resolving eureka endpoints via configuration
2019-12-17 10:05:00.832  INFO [project-label,,,] 14244 --- [AsyncResolver-bootstrap-executor-0] c.n.d.s.r.aws.ConfigClusterResolver      : Resolving eureka endpoints via configuration
2019-12-17 10:09:05.722  INFO [project-label,,,] 14244 --- [ForkJoinPool.commonPool-worker-1] c.x.zly_xyx.cat_log_operate.LogAop       : 发送日志到队列：Log(id=null, username=admin, module=获取所有标签, params=null, remark=null, flag=true, createTime=Tue Dec 17 10:09:05 CST 2019)
2019-12-17 10:09:06.195  INFO [project-label,,,] 14244 --- [AsyncReporter{org.springframework.cloud.sleuth.zipkin2.sender.RestTemplateSender@70aa5fb1}] s.c.a.AnnotationConfigApplicationContext : Refreshing SpringClientFactory-localhost: startup date [Tue Dec 17 10:09:06 CST 2019]; parent: org.springframework.boot.web.servlet.context.AnnotationConfigServletWebServerApplicationContext@6107165
2019-12-17 10:09:06.279  INFO [project-label,,,] 14244 --- [AsyncReporter{org.springframework.cloud.sleuth.zipkin2.sender.RestTemplateSender@70aa5fb1}] f.a.AutowiredAnnotationBeanPostProcessor : JSR-330 'javax.inject.Inject' annotation found and supported for autowiring
2019-12-17 10:09:06.669  INFO [project-label,,,] 14244 --- [AsyncReporter{org.springframework.cloud.sleuth.zipkin2.sender.RestTemplateSender@70aa5fb1}] c.netflix.config.ChainedDynamicProperty  : Flipping property: localhost.ribbon.ActiveConnectionsLimit to use NEXT property: niws.loadbalancer.availabilityFilteringRule.activeConnectionsLimit = 2147483647
2019-12-17 10:09:06.695  INFO [project-label,,,] 14244 --- [AsyncReporter{org.springframework.cloud.sleuth.zipkin2.sender.RestTemplateSender@70aa5fb1}] c.n.u.concurrent.ShutdownEnabledTimer    : Shutdown hook installed for: NFLoadBalancer-PingTimer-localhost
2019-12-17 10:09:06.701  INFO [project-label,,,] 14244 --- [AsyncReporter{org.springframework.cloud.sleuth.zipkin2.sender.RestTemplateSender@70aa5fb1}] c.netflix.loadbalancer.BaseLoadBalancer  : Client: localhost instantiated a LoadBalancer: DynamicServerListLoadBalancer:{NFLoadBalancer:name=localhost,current list of Servers=[],Load balancer stats=Zone stats: {},Server stats: []}ServerList:null
2019-12-17 10:09:06.705  INFO [project-label,,,] 14244 --- [AsyncReporter{org.springframework.cloud.sleuth.zipkin2.sender.RestTemplateSender@70aa5fb1}] c.n.l.DynamicServerListLoadBalancer      : Using serverListUpdater PollingServerListUpdater
2019-12-17 10:09:06.708  INFO [project-label,,,] 14244 --- [AsyncReporter{org.springframework.cloud.sleuth.zipkin2.sender.RestTemplateSender@70aa5fb1}] c.n.l.DynamicServerListLoadBalancer      : DynamicServerListLoadBalancer for client localhost initialized: DynamicServerListLoadBalancer:{NFLoadBalancer:name=localhost,current list of Servers=[],Load balancer stats=Zone stats: {},Server stats: []}ServerList:org.springframework.cloud.netflix.ribbon.eureka.DomainExtractingServerList@647ce863
2019-12-17 10:10:00.834  INFO [project-label,,,] 14244 --- [AsyncResolver-bootstrap-executor-0] c.n.d.s.r.aws.ConfigClusterResolver      : Resolving eureka endpoints via configuration
2019-12-17 10:12:07.105  INFO [project-label,,,] 14244 --- [ForkJoinPool.commonPool-worker-2] c.x.zly_xyx.cat_log_operate.LogAop       : 发送日志到队列：Log(id=null, username=admin, module=获取所有标签, params=null, remark=null, flag=true, createTime=Tue Dec 17 10:12:07 CST 2019)
2019-12-17 10:15:00.835  INFO [project-label,,,] 14244 --- [AsyncResolver-bootstrap-executor-0] c.n.d.s.r.aws.ConfigClusterResolver      : Resolving eureka endpoints via configuration
2019-12-17 10:15:39.085  INFO [project-label,,,] 14244 --- [ForkJoinPool.commonPool-worker-3] c.x.zly_xyx.cat_log_operate.LogAop       : 发送日志到队列：Log(id=null, username=admin, module=获取所有标签, params=null, remark=null, flag=true, createTime=Tue Dec 17 10:15:39 CST 2019)
2019-12-17 10:20:00.837  INFO [project-label,,,] 14244 --- [AsyncResolver-bootstrap-executor-0] c.n.d.s.r.aws.ConfigClusterResolver      : Resolving eureka endpoints via configuration
2019-12-17 10:25:00.838  INFO [project-label,,,] 14244 --- [AsyncResolver-bootstrap-executor-0] c.n.d.s.r.aws.ConfigClusterResolver      : Resolving eureka endpoints via configuration
2019-12-17 10:30:00.839  INFO [project-label,,,] 14244 --- [AsyncResolver-bootstrap-executor-0] c.n.d.s.r.aws.ConfigClusterResolver      : Resolving eureka endpoints via configuration
2019-12-17 10:35:00.839  INFO [project-label,,,] 14244 --- [AsyncResolver-bootstrap-executor-0] c.n.d.s.r.aws.ConfigClusterResolver      : Resolving eureka endpoints via configuration
2019-12-17 10:40:00.841  INFO [project-label,,,] 14244 --- [AsyncResolver-bootstrap-executor-0] c.n.d.s.r.aws.ConfigClusterResolver      : Resolving eureka endpoints via configuration
2019-12-17 10:45:00.872  INFO [project-label,,,] 14244 --- [AsyncResolver-bootstrap-executor-0] c.n.d.s.r.aws.ConfigClusterResolver      : Resolving eureka endpoints via configuration
2019-12-17 10:50:00.874  INFO [project-label,,,] 14244 --- [AsyncResolver-bootstrap-executor-0] c.n.d.s.r.aws.ConfigClusterResolver      : Resolving eureka endpoints via configuration
2019-12-17 10:55:00.875  INFO [project-label,,,] 14244 --- [AsyncResolver-bootstrap-executor-0] c.n.d.s.r.aws.ConfigClusterResolver      : Resolving eureka endpoints via configuration
2019-12-17 11:00:00.877  INFO [project-label,,,] 14244 --- [AsyncResolver-bootstrap-executor-0] c.n.d.s.r.aws.ConfigClusterResolver      : Resolving eureka endpoints via configuration
2019-12-17 11:05:00.880  INFO [project-label,,,] 14244 --- [AsyncResolver-bootstrap-executor-0] c.n.d.s.r.aws.ConfigClusterResolver      : Resolving eureka endpoints via configuration
2019-12-17 11:10:00.884  INFO [project-label,,,] 14244 --- [AsyncResolver-bootstrap-executor-0] c.n.d.s.r.aws.ConfigClusterResolver      : Resolving eureka endpoints via configuration
2019-12-17 11:15:00.885  INFO [project-label,,,] 14244 --- [AsyncResolver-bootstrap-executor-0] c.n.d.s.r.aws.ConfigClusterResolver      : Resolving eureka endpoints via configuration
2019-12-17 11:20:00.886  INFO [project-label,,,] 14244 --- [AsyncResolver-bootstrap-executor-0] c.n.d.s.r.aws.ConfigClusterResolver      : Resolving eureka endpoints via configuration
2019-12-17 11:25:00.889  INFO [project-label,,,] 14244 --- [AsyncResolver-bootstrap-executor-0] c.n.d.s.r.aws.ConfigClusterResolver      : Resolving eureka endpoints via configuration
2019-12-17 11:30:00.891  INFO [project-label,,,] 14244 --- [AsyncResolver-bootstrap-executor-0] c.n.d.s.r.aws.ConfigClusterResolver      : Resolving eureka endpoints via configuration
2019-12-17 11:35:00.892  INFO [project-label,,,] 14244 --- [AsyncResolver-bootstrap-executor-0] c.n.d.s.r.aws.ConfigClusterResolver      : Resolving eureka endpoints via configuration
2019-12-17 11:40:00.894  INFO [project-label,,,] 14244 --- [AsyncResolver-bootstrap-executor-0] c.n.d.s.r.aws.ConfigClusterResolver      : Resolving eureka endpoints via configuration
2019-12-17 11:45:00.896  INFO [project-label,,,] 14244 --- [AsyncResolver-bootstrap-executor-0] c.n.d.s.r.aws.ConfigClusterResolver      : Resolving eureka endpoints via configuration
2019-12-17 11:50:00.898  INFO [project-label,,,] 14244 --- [AsyncResolver-bootstrap-executor-0] c.n.d.s.r.aws.ConfigClusterResolver      : Resolving eureka endpoints via configuration
2019-12-17 11:55:00.899  INFO [project-label,,,] 14244 --- [AsyncResolver-bootstrap-executor-0] c.n.d.s.r.aws.ConfigClusterResolver      : Resolving eureka endpoints via configuration
2019-12-17 11:56:22.923  INFO [project-label,,,] 14244 --- [ForkJoinPool.commonPool-worker-4] c.x.zly_xyx.cat_log_operate.LogAop       : 发送日志到队列：Log(id=null, username=admin, module=获取所有标签, params=null, remark=null, flag=true, createTime=Tue Dec 17 11:56:22 CST 2019)
2019-12-17 11:58:01.828  INFO [project-label,,,] 14244 --- [ForkJoinPool.commonPool-worker-5] c.x.zly_xyx.cat_log_operate.LogAop       : 发送日志到队列：Log(id=null, username=admin, module=获取所有标签, params=null, remark=null, flag=true, createTime=Tue Dec 17 11:58:01 CST 2019)
2019-12-17 12:00:00.904  INFO [project-label,,,] 14244 --- [AsyncResolver-bootstrap-executor-0] c.n.d.s.r.aws.ConfigClusterResolver      : Resolving eureka endpoints via configuration
2019-12-17 12:05:00.905  INFO [project-label,,,] 14244 --- [AsyncResolver-bootstrap-executor-0] c.n.d.s.r.aws.ConfigClusterResolver      : Resolving eureka endpoints via configuration
2019-12-17 12:10:00.908  INFO [project-label,,,] 14244 --- [AsyncResolver-bootstrap-executor-0] c.n.d.s.r.aws.ConfigClusterResolver      : Resolving eureka endpoints via configuration
2019-12-17 12:15:00.909  INFO [project-label,,,] 14244 --- [AsyncResolver-bootstrap-executor-0] c.n.d.s.r.aws.ConfigClusterResolver      : Resolving eureka endpoints via configuration
2019-12-17 12:20:00.911  INFO [project-label,,,] 14244 --- [AsyncResolver-bootstrap-executor-0] c.n.d.s.r.aws.ConfigClusterResolver      : Resolving eureka endpoints via configuration
2019-12-17 12:25:00.913  INFO [project-label,,,] 14244 --- [AsyncResolver-bootstrap-executor-0] c.n.d.s.r.aws.ConfigClusterResolver      : Resolving eureka endpoints via configuration
2019-12-17 12:30:00.914  INFO [project-label,,,] 14244 --- [AsyncResolver-bootstrap-executor-0] c.n.d.s.r.aws.ConfigClusterResolver      : Resolving eureka endpoints via configuration
2019-12-17 12:35:00.915  INFO [project-label,,,] 14244 --- [AsyncResolver-bootstrap-executor-0] c.n.d.s.r.aws.ConfigClusterResolver      : Resolving eureka endpoints via configuration
2019-12-17 12:40:00.918  INFO [project-label,,,] 14244 --- [AsyncResolver-bootstrap-executor-0] c.n.d.s.r.aws.ConfigClusterResolver      : Resolving eureka endpoints via configuration
2019-12-17 12:45:00.922  INFO [project-label,,,] 14244 --- [AsyncResolver-bootstrap-executor-0] c.n.d.s.r.aws.ConfigClusterResolver      : Resolving eureka endpoints via configuration
2019-12-17 12:50:00.924  INFO [project-label,,,] 14244 --- [AsyncResolver-bootstrap-executor-0] c.n.d.s.r.aws.ConfigClusterResolver      : Resolving eureka endpoints via configuration
2019-12-17 12:55:00.926  INFO [project-label,,,] 14244 --- [AsyncResolver-bootstrap-executor-0] c.n.d.s.r.aws.ConfigClusterResolver      : Resolving eureka endpoints via configuration
2019-12-17 13:00:00.930  INFO [project-label,,,] 14244 --- [AsyncResolver-bootstrap-executor-0] c.n.d.s.r.aws.ConfigClusterResolver      : Resolving eureka endpoints via configuration
2019-12-17 13:05:00.931  INFO [project-label,,,] 14244 --- [AsyncResolver-bootstrap-executor-0] c.n.d.s.r.aws.ConfigClusterResolver      : Resolving eureka endpoints via configuration
2019-12-17 13:10:00.933  INFO [project-label,,,] 14244 --- [AsyncResolver-bootstrap-executor-0] c.n.d.s.r.aws.ConfigClusterResolver      : Resolving eureka endpoints via configuration
2019-12-17 13:15:00.936  INFO [project-label,,,] 14244 --- [AsyncResolver-bootstrap-executor-0] c.n.d.s.r.aws.ConfigClusterResolver      : Resolving eureka endpoints via configuration
2019-12-17 13:20:00.938  INFO [project-label,,,] 14244 --- [AsyncResolver-bootstrap-executor-0] c.n.d.s.r.aws.ConfigClusterResolver      : Resolving eureka endpoints via configuration
2019-12-17 13:25:00.939  INFO [project-label,,,] 14244 --- [AsyncResolver-bootstrap-executor-0] c.n.d.s.r.aws.ConfigClusterResolver      : Resolving eureka endpoints via configuration
2019-12-17 13:30:00.943  INFO [project-label,,,] 14244 --- [AsyncResolver-bootstrap-executor-0] c.n.d.s.r.aws.ConfigClusterResolver      : Resolving eureka endpoints via configuration
2019-12-17 13:35:00.944  INFO [project-label,,,] 14244 --- [AsyncResolver-bootstrap-executor-0] c.n.d.s.r.aws.ConfigClusterResolver      : Resolving eureka endpoints via configuration
2019-12-17 13:40:00.948  INFO [project-label,,,] 14244 --- [AsyncResolver-bootstrap-executor-0] c.n.d.s.r.aws.ConfigClusterResolver      : Resolving eureka endpoints via configuration
2019-12-17 13:45:00.949  INFO [project-label,,,] 14244 --- [AsyncResolver-bootstrap-executor-0] c.n.d.s.r.aws.ConfigClusterResolver      : Resolving eureka endpoints via configuration
2019-12-17 13:50:00.951  INFO [project-label,,,] 14244 --- [AsyncResolver-bootstrap-executor-0] c.n.d.s.r.aws.ConfigClusterResolver      : Resolving eureka endpoints via configuration
2019-12-17 13:55:00.953  INFO [project-label,,,] 14244 --- [AsyncResolver-bootstrap-executor-0] c.n.d.s.r.aws.ConfigClusterResolver      : Resolving eureka endpoints via configuration
2019-12-17 14:00:00.957  INFO [project-label,,,] 14244 --- [AsyncResolver-bootstrap-executor-0] c.n.d.s.r.aws.ConfigClusterResolver      : Resolving eureka endpoints via configuration
2019-12-17 14:05:00.958  INFO [project-label,,,] 14244 --- [AsyncResolver-bootstrap-executor-0] c.n.d.s.r.aws.ConfigClusterResolver      : Resolving eureka endpoints via configuration
2019-12-17 14:10:00.962  INFO [project-label,,,] 14244 --- [AsyncResolver-bootstrap-executor-0] c.n.d.s.r.aws.ConfigClusterResolver      : Resolving eureka endpoints via configuration
2019-12-17 14:15:00.963  INFO [project-label,,,] 14244 --- [AsyncResolver-bootstrap-executor-0] c.n.d.s.r.aws.ConfigClusterResolver      : Resolving eureka endpoints via configuration
2019-12-17 14:20:00.966  INFO [project-label,,,] 14244 --- [AsyncResolver-bootstrap-executor-0] c.n.d.s.r.aws.ConfigClusterResolver      : Resolving eureka endpoints via configuration
2019-12-17 14:25:00.968  INFO [project-label,,,] 14244 --- [AsyncResolver-bootstrap-executor-0] c.n.d.s.r.aws.ConfigClusterResolver      : Resolving eureka endpoints via configuration
2019-12-17 14:30:00.970  INFO [project-label,,,] 14244 --- [AsyncResolver-bootstrap-executor-0] c.n.d.s.r.aws.ConfigClusterResolver      : Resolving eureka endpoints via configuration
2019-12-17 14:35:00.971  INFO [project-label,,,] 14244 --- [AsyncResolver-bootstrap-executor-0] c.n.d.s.r.aws.ConfigClusterResolver      : Resolving eureka endpoints via configuration
2019-12-17 14:36:43.389  INFO [project-label,,,] 14244 --- [ForkJoinPool.commonPool-worker-6] c.x.zly_xyx.cat_log_operate.LogAop       : 发送日志到队列：Log(id=null, username=admin, module=获取所有标签, params=null, remark=null, flag=true, createTime=Tue Dec 17 14:36:43 CST 2019)
2019-12-17 14:39:56.375  INFO [project-label,,,] 14244 --- [ForkJoinPool.commonPool-worker-7] c.x.zly_xyx.cat_log_operate.LogAop       : 发送日志到队列：Log(id=null, username=admin, module=获取所有标签, params=null, remark=null, flag=true, createTime=Tue Dec 17 14:39:56 CST 2019)
2019-12-17 14:40:00.973  INFO [project-label,,,] 14244 --- [AsyncResolver-bootstrap-executor-0] c.n.d.s.r.aws.ConfigClusterResolver      : Resolving eureka endpoints via configuration
2019-12-17 14:45:00.974  INFO [project-label,,,] 14244 --- [AsyncResolver-bootstrap-executor-0] c.n.d.s.r.aws.ConfigClusterResolver      : Resolving eureka endpoints via configuration
2019-12-17 14:50:00.976  INFO [project-label,,,] 14244 --- [AsyncResolver-bootstrap-executor-0] c.n.d.s.r.aws.ConfigClusterResolver      : Resolving eureka endpoints via configuration
2019-12-17 14:55:00.978  INFO [project-label,,,] 14244 --- [AsyncResolver-bootstrap-executor-0] c.n.d.s.r.aws.ConfigClusterResolver      : Resolving eureka endpoints via configuration
2019-12-17 15:00:00.980  INFO [project-label,,,] 14244 --- [AsyncResolver-bootstrap-executor-0] c.n.d.s.r.aws.ConfigClusterResolver      : Resolving eureka endpoints via configuration
2019-12-17 15:05:00.981  INFO [project-label,,,] 14244 --- [AsyncResolver-bootstrap-executor-0] c.n.d.s.r.aws.ConfigClusterResolver      : Resolving eureka endpoints via configuration
2019-12-17 15:05:02.139  INFO [project-label,,,] 14244 --- [ForkJoinPool.commonPool-worker-0] c.x.zly_xyx.cat_log_operate.LogAop       : 发送日志到队列：Log(id=null, username=admin, module=获取所有标签, params=null, remark=null, flag=true, createTime=Tue Dec 17 15:05:02 CST 2019)
2019-12-17 15:10:00.983  INFO [project-label,,,] 14244 --- [AsyncResolver-bootstrap-executor-0] c.n.d.s.r.aws.ConfigClusterResolver      : Resolving eureka endpoints via configuration
2019-12-17 15:15:00.985  INFO [project-label,,,] 14244 --- [AsyncResolver-bootstrap-executor-0] c.n.d.s.r.aws.ConfigClusterResolver      : Resolving eureka endpoints via configuration
2019-12-17 15:20:00.987  INFO [project-label,,,] 14244 --- [AsyncResolver-bootstrap-executor-0] c.n.d.s.r.aws.ConfigClusterResolver      : Resolving eureka endpoints via configuration
2019-12-17 15:25:00.989  INFO [project-label,,,] 14244 --- [AsyncResolver-bootstrap-executor-0] c.n.d.s.r.aws.ConfigClusterResolver      : Resolving eureka endpoints via configuration
2019-12-17 15:30:00.992  INFO [project-label,,,] 14244 --- [AsyncResolver-bootstrap-executor-0] c.n.d.s.r.aws.ConfigClusterResolver      : Resolving eureka endpoints via configuration
2019-12-17 15:31:32.058  INFO [project-label,,,] 14244 --- [ForkJoinPool.commonPool-worker-1] c.x.zly_xyx.cat_log_operate.LogAop       : 发送日志到队列：Log(id=null, username=admin, module=获取所有标签, params=null, remark=null, flag=true, createTime=Tue Dec 17 15:31:32 CST 2019)
2019-12-17 15:35:00.994  INFO [project-label,,,] 14244 --- [AsyncResolver-bootstrap-executor-0] c.n.d.s.r.aws.ConfigClusterResolver      : Resolving eureka endpoints via configuration
2019-12-17 15:40:00.996  INFO [project-label,,,] 14244 --- [AsyncResolver-bootstrap-executor-0] c.n.d.s.r.aws.ConfigClusterResolver      : Resolving eureka endpoints via configuration
2019-12-17 15:41:49.321  INFO [project-label,,,] 14244 --- [ForkJoinPool.commonPool-worker-2] c.x.zly_xyx.cat_log_operate.LogAop       : 发送日志到队列：Log(id=null, username=admin, module=获取所有标签, params=null, remark=null, flag=true, createTime=Tue Dec 17 15:41:49 CST 2019)
2019-12-17 15:45:00.998  INFO [project-label,,,] 14244 --- [AsyncResolver-bootstrap-executor-0] c.n.d.s.r.aws.ConfigClusterResolver      : Resolving eureka endpoints via configuration
2019-12-17 15:50:01.000  INFO [project-label,,,] 14244 --- [AsyncResolver-bootstrap-executor-0] c.n.d.s.r.aws.ConfigClusterResolver      : Resolving eureka endpoints via configuration
2019-12-17 15:53:31.623  INFO [project-label,,,] 14244 --- [ForkJoinPool.commonPool-worker-3] c.x.zly_xyx.cat_log_operate.LogAop       : 发送日志到队列：Log(id=null, username=admin, module=获取所有标签, params=null, remark=null, flag=true, createTime=Tue Dec 17 15:53:31 CST 2019)
2019-12-17 15:54:55.032  INFO [project-label,,,] 14244 --- [ForkJoinPool.commonPool-worker-4] c.x.zly_xyx.cat_log_operate.LogAop       : 发送日志到队列：Log(id=null, username=admin, module=获取所有标签, params=null, remark=null, flag=true, createTime=Tue Dec 17 15:54:55 CST 2019)
2019-12-17 15:55:01.002  INFO [project-label,,,] 14244 --- [AsyncResolver-bootstrap-executor-0] c.n.d.s.r.aws.ConfigClusterResolver      : Resolving eureka endpoints via configuration
2019-12-17 15:55:42.519  INFO [project-label,,,] 14244 --- [ForkJoinPool.commonPool-worker-5] c.x.zly_xyx.cat_log_operate.LogAop       : 发送日志到队列：Log(id=null, username=admin, module=获取所有标签, params=null, remark=null, flag=true, createTime=Tue Dec 17 15:55:42 CST 2019)
2019-12-17 15:57:46.868  INFO [project-label,,,] 14244 --- [ForkJoinPool.commonPool-worker-6] c.x.zly_xyx.cat_log_operate.LogAop       : 发送日志到队列：Log(id=null, username=admin, module=获取所有标签, params=null, remark=null, flag=true, createTime=Tue Dec 17 15:57:46 CST 2019)
2019-12-17 16:00:01.004  INFO [project-label,,,] 14244 --- [AsyncResolver-bootstrap-executor-0] c.n.d.s.r.aws.ConfigClusterResolver      : Resolving eureka endpoints via configuration
2019-12-17 16:04:09.146  INFO [project-label,,,] 14244 --- [ForkJoinPool.commonPool-worker-7] c.x.zly_xyx.cat_log_operate.LogAop       : 发送日志到队列：Log(id=null, username=admin, module=获取所有标签, params=null, remark=null, flag=true, createTime=Tue Dec 17 16:04:09 CST 2019)
2019-12-17 16:04:41.206  INFO [project-label,,,] 14244 --- [ForkJoinPool.commonPool-worker-0] c.x.zly_xyx.cat_log_operate.LogAop       : 发送日志到队列：Log(id=null, username=admin, module=获取所有标签, params=null, remark=null, flag=true, createTime=Tue Dec 17 16:04:41 CST 2019)
2019-12-17 16:05:01.006  INFO [project-label,,,] 14244 --- [AsyncResolver-bootstrap-executor-0] c.n.d.s.r.aws.ConfigClusterResolver      : Resolving eureka endpoints via configuration
2019-12-17 16:10:01.007  INFO [project-label,,,] 14244 --- [AsyncResolver-bootstrap-executor-0] c.n.d.s.r.aws.ConfigClusterResolver      : Resolving eureka endpoints via configuration
2019-12-17 16:15:01.008  INFO [project-label,,,] 14244 --- [AsyncResolver-bootstrap-executor-0] c.n.d.s.r.aws.ConfigClusterResolver      : Resolving eureka endpoints via configuration
2019-12-17 16:20:01.009  INFO [project-label,,,] 14244 --- [AsyncResolver-bootstrap-executor-0] c.n.d.s.r.aws.ConfigClusterResolver      : Resolving eureka endpoints via configuration
2019-12-17 16:25:01.017  INFO [project-label,,,] 14244 --- [AsyncResolver-bootstrap-executor-0] c.n.d.s.r.aws.ConfigClusterResolver      : Resolving eureka endpoints via configuration
2019-12-17 16:30:01.040  INFO [project-label,,,] 14244 --- [AsyncResolver-bootstrap-executor-0] c.n.d.s.r.aws.ConfigClusterResolver      : Resolving eureka endpoints via configuration
2019-12-17 16:35:01.042  INFO [project-label,,,] 14244 --- [AsyncResolver-bootstrap-executor-0] c.n.d.s.r.aws.ConfigClusterResolver      : Resolving eureka endpoints via configuration
2019-12-17 16:35:31.224  INFO [project-label,,,] 14244 --- [ForkJoinPool.commonPool-worker-1] c.x.zly_xyx.cat_log_operate.LogAop       : 发送日志到队列：Log(id=null, username=admin, module=获取所有标签, params=null, remark=null, flag=true, createTime=Tue Dec 17 16:35:31 CST 2019)
2019-12-17 16:39:24.394  INFO [project-label,,,] 14244 --- [ForkJoinPool.commonPool-worker-2] c.x.zly_xyx.cat_log_operate.LogAop       : 发送日志到队列：Log(id=null, username=admin, module=获取所有标签, params=null, remark=null, flag=true, createTime=Tue Dec 17 16:39:24 CST 2019)
2019-12-17 16:40:01.043  INFO [project-label,,,] 14244 --- [AsyncResolver-bootstrap-executor-0] c.n.d.s.r.aws.ConfigClusterResolver      : Resolving eureka endpoints via configuration
2019-12-17 16:45:01.046  INFO [project-label,,,] 14244 --- [AsyncResolver-bootstrap-executor-0] c.n.d.s.r.aws.ConfigClusterResolver      : Resolving eureka endpoints via configuration
2019-12-17 16:50:01.047  INFO [project-label,,,] 14244 --- [AsyncResolver-bootstrap-executor-0] c.n.d.s.r.aws.ConfigClusterResolver      : Resolving eureka endpoints via configuration
2019-12-17 16:55:01.050  INFO [project-label,,,] 14244 --- [AsyncResolver-bootstrap-executor-0] c.n.d.s.r.aws.ConfigClusterResolver      : Resolving eureka endpoints via configuration
2019-12-17 17:00:01.051  INFO [project-label,,,] 14244 --- [AsyncResolver-bootstrap-executor-0] c.n.d.s.r.aws.ConfigClusterResolver      : Resolving eureka endpoints via configuration
2019-12-17 17:05:01.053  INFO [project-label,,,] 14244 --- [AsyncResolver-bootstrap-executor-0] c.n.d.s.r.aws.ConfigClusterResolver      : Resolving eureka endpoints via configuration
2019-12-17 17:10:01.054  INFO [project-label,,,] 14244 --- [AsyncResolver-bootstrap-executor-0] c.n.d.s.r.aws.ConfigClusterResolver      : Resolving eureka endpoints via configuration
2019-12-17 17:15:01.055  INFO [project-label,,,] 14244 --- [AsyncResolver-bootstrap-executor-0] c.n.d.s.r.aws.ConfigClusterResolver      : Resolving eureka endpoints via configuration
2019-12-17 17:20:01.057  INFO [project-label,,,] 14244 --- [AsyncResolver-bootstrap-executor-0] c.n.d.s.r.aws.ConfigClusterResolver      : Resolving eureka endpoints via configuration
2019-12-17 17:25:01.058  INFO [project-label,,,] 14244 --- [AsyncResolver-bootstrap-executor-0] c.n.d.s.r.aws.ConfigClusterResolver      : Resolving eureka endpoints via configuration
2019-12-17 17:30:01.059  INFO [project-label,,,] 14244 --- [AsyncResolver-bootstrap-executor-0] c.n.d.s.r.aws.ConfigClusterResolver      : Resolving eureka endpoints via configuration
2019-12-17 17:35:01.061  INFO [project-label,,,] 14244 --- [AsyncResolver-bootstrap-executor-0] c.n.d.s.r.aws.ConfigClusterResolver      : Resolving eureka endpoints via configuration
2019-12-17 17:40:01.063  INFO [project-label,,,] 14244 --- [AsyncResolver-bootstrap-executor-0] c.n.d.s.r.aws.ConfigClusterResolver      : Resolving eureka endpoints via configuration
2019-12-17 17:45:01.064  INFO [project-label,,,] 14244 --- [AsyncResolver-bootstrap-executor-0] c.n.d.s.r.aws.ConfigClusterResolver      : Resolving eureka endpoints via configuration
2019-12-17 17:50:01.065  INFO [project-label,,,] 14244 --- [AsyncResolver-bootstrap-executor-0] c.n.d.s.r.aws.ConfigClusterResolver      : Resolving eureka endpoints via configuration
2019-12-17 17:55:01.067  INFO [project-label,,,] 14244 --- [AsyncResolver-bootstrap-executor-0] c.n.d.s.r.aws.ConfigClusterResolver      : Resolving eureka endpoints via configuration
2019-12-17 18:00:01.070  INFO [project-label,,,] 14244 --- [AsyncResolver-bootstrap-executor-0] c.n.d.s.r.aws.ConfigClusterResolver      : Resolving eureka endpoints via configuration
